------------------------------------------------------------------------------------------------------------------------

[2021-02-19 10:27:02 #1 store] 
Database 'C:\Users\UX533\Desktop\workspace\BetAndRuin 21\bets.temp' has been recovered (tr. 1-5)

[2021-02-19 10:27:02 #2 store] 
Database 'C:\Users\UX533\Desktop\workspace\BetAndRuin 21\bets.temp' is opened by 12596@LAPTOP-P8RHHL27

[2021-02-19 10:27:02 #3 store] 
Configuration path: ?

[2021-02-19 10:27:02 #4 type] 
Type domain.Question is not enhanced.

[2021-02-19 10:27:02 #5 type] 
Type domain.Event is not enhanced.

------------------------------------------------------------------------------------------------------------------------

[2021-02-19 10:28:04 #1 store] 
Database 'C:\Users\UX533\Desktop\workspace\BetAndRuin 21\bets.temp' is opened by 9656@LAPTOP-P8RHHL27

[2021-02-19 10:28:04 #2 store] 
Configuration path: ?

[2021-02-19 10:28:04 #3 type] 
Type domain.Question is not enhanced.

[2021-02-19 10:28:04 #4 type] 
Type domain.Event is not enhanced.

------------------------------------------------------------------------------------------------------------------------

[2021-02-19 10:30:12 #1 store] 
Database 'C:\Users\UX533\Desktop\workspace\BetAndRuin 21\bets.temp' is opened by 14896@LAPTOP-P8RHHL27

[2021-02-19 10:30:12 #2 store] 
Configuration path: ?

[2021-02-19 10:30:12 #3 type] 
Type domain.Question is not enhanced.

[2021-02-19 10:30:12 #4 type] 
Type domain.Event is not enhanced.

