------------------------------------------------------------------------------------------------------------------------

[2021-04-21 18:08:36 #1 store] 
Database 'C:\Users\Usuario\git\Bets_repo\BetAndRuin 21\bets.temp' is opened by 27092@DESKTOP-GUIG4CC

[2021-04-21 18:08:36 #2 store] 
Configuration path: ?

[2021-04-21 18:08:36 #3 type] 
Type domain.Event is not enhanced.

[2021-04-21 18:08:36 #4 type] 
Type domain.Question is not enhanced.

[2021-04-21 18:08:36 #5 type] 
Type domain.Option is not enhanced.

[2021-04-21 18:08:36 #6 type] 
Type domain.User is not enhanced.

[2021-04-21 18:08:36 #7 type] 
Type domain.CreditCard is not enhanced.

[2021-04-21 18:08:36 #8 type] 
Type domain.Bet is not enhanced.

------------------------------------------------------------------------------------------------------------------------

[2021-04-21 18:14:13 #1 store] 
Database 'C:\Users\Usuario\git\Bets_repo\BetAndRuin 21\bets.temp' is opened by 12024@DESKTOP-GUIG4CC

[2021-04-21 18:14:13 #2 store] 
Configuration path: ?

[2021-04-21 18:14:13 #3 type] 
Type domain.Event is not enhanced.

[2021-04-21 18:14:13 #4 type] 
Type domain.Question is not enhanced.

[2021-04-21 18:14:13 #5 type] 
Type domain.Option is not enhanced.

[2021-04-21 18:14:13 #6 type] 
Type domain.User is not enhanced.

[2021-04-21 18:14:13 #7 type] 
Type domain.CreditCard is not enhanced.

[2021-04-21 18:14:13 #8 type] 
Type domain.Bet is not enhanced.

------------------------------------------------------------------------------------------------------------------------

[2021-04-21 18:16:42 #1 store] 
Database 'C:\Users\Usuario\git\Bets_repo\BetAndRuin 21\bets.temp' is opened by 27548@DESKTOP-GUIG4CC

[2021-04-21 18:16:42 #2 store] 
Configuration path: ?

[2021-04-21 18:16:42 #3 type] 
Type domain.Event is not enhanced.

[2021-04-21 18:16:42 #4 type] 
Type domain.Question is not enhanced.

[2021-04-21 18:16:42 #5 type] 
Type domain.Option is not enhanced.

[2021-04-21 18:16:42 #6 type] 
Type domain.User is not enhanced.

[2021-04-21 18:16:42 #7 type] 
Type domain.CreditCard is not enhanced.

[2021-04-21 18:16:42 #8 type] 
Type domain.Bet is not enhanced.

------------------------------------------------------------------------------------------------------------------------

[2021-04-21 18:20:37 #1 store] 
Database 'C:\Users\Usuario\git\Bets_repo\BetAndRuin 21\bets.temp' is opened by 27136@DESKTOP-GUIG4CC

[2021-04-21 18:20:37 #2 store] 
Configuration path: ?

[2021-04-21 18:20:37 #3 type] 
Type domain.Event is not enhanced.

[2021-04-21 18:20:37 #4 type] 
Type domain.Question is not enhanced.

[2021-04-21 18:20:37 #5 type] 
Type domain.Option is not enhanced.

[2021-04-21 18:20:37 #6 type] 
Type domain.User is not enhanced.

[2021-04-21 18:20:37 #7 type] 
Type domain.CreditCard is not enhanced.

[2021-04-21 18:20:37 #8 type] 
Type domain.Bet is not enhanced.

------------------------------------------------------------------------------------------------------------------------

[2021-04-21 18:21:55 #1 store] 
Database 'C:\Users\Usuario\git\Bets_repo\BetAndRuin 21\bets.temp' is opened by 27780@DESKTOP-GUIG4CC

[2021-04-21 18:21:55 #2 store] 
Configuration path: ?

[2021-04-21 18:21:55 #3 type] 
Type domain.Event is not enhanced.

[2021-04-21 18:21:55 #4 type] 
Type domain.Question is not enhanced.

[2021-04-21 18:21:55 #5 type] 
Type domain.Option is not enhanced.

[2021-04-21 18:21:55 #6 type] 
Type domain.User is not enhanced.

[2021-04-21 18:21:55 #7 type] 
Type domain.CreditCard is not enhanced.

[2021-04-21 18:21:55 #8 type] 
Type domain.Bet is not enhanced.

------------------------------------------------------------------------------------------------------------------------

[2021-04-21 18:39:13 #1 store] 
Database 'C:\Users\Usuario\git\Bets_repo\BetAndRuin 21\bets.temp' is opened by 27360@DESKTOP-GUIG4CC

[2021-04-21 18:39:13 #2 store] 
Configuration path: ?

[2021-04-21 18:39:13 #3 type] 
Type domain.Event is not enhanced.

[2021-04-21 18:39:13 #4 type] 
Type domain.Question is not enhanced.

[2021-04-21 18:39:13 #5 type] 
Type domain.Option is not enhanced.

[2021-04-21 18:39:13 #6 type] 
Type domain.User is not enhanced.

[2021-04-21 18:39:13 #7 type] 
Type domain.CreditCard is not enhanced.

[2021-04-21 18:39:13 #8 type] 
Type domain.Bet is not enhanced.

------------------------------------------------------------------------------------------------------------------------

[2021-04-21 18:40:20 #1 store] 
Database 'C:\Users\Usuario\git\Bets_repo\BetAndRuin 21\bets.temp' is opened by 27088@DESKTOP-GUIG4CC

[2021-04-21 18:40:20 #2 store] 
Configuration path: ?

[2021-04-21 18:40:20 #3 type] 
Type domain.Event is not enhanced.

[2021-04-21 18:40:20 #4 type] 
Type domain.Question is not enhanced.

[2021-04-21 18:40:20 #5 type] 
Type domain.Option is not enhanced.

[2021-04-21 18:40:20 #6 type] 
Type domain.User is not enhanced.

[2021-04-21 18:40:20 #7 type] 
Type domain.CreditCard is not enhanced.

[2021-04-21 18:40:20 #8 type] 
Type domain.Bet is not enhanced.

------------------------------------------------------------------------------------------------------------------------

[2021-04-21 18:42:07 #1 store] 
Database 'C:\Users\Usuario\git\Bets_repo\BetAndRuin 21\bets.temp' is opened by 27904@DESKTOP-GUIG4CC

[2021-04-21 18:42:07 #2 store] 
Configuration path: ?

[2021-04-21 18:42:07 #3 type] 
Type domain.Event is not enhanced.

[2021-04-21 18:42:07 #4 type] 
Type domain.Question is not enhanced.

[2021-04-21 18:42:07 #5 type] 
Type domain.Option is not enhanced.

[2021-04-21 18:42:07 #6 type] 
Type domain.User is not enhanced.

[2021-04-21 18:42:07 #7 type] 
Type domain.CreditCard is not enhanced.

[2021-04-21 18:42:07 #8 type] 
Type domain.Bet is not enhanced.

------------------------------------------------------------------------------------------------------------------------

[2021-04-21 19:02:30 #1 store] 
Database 'C:\Users\Usuario\git\Bets_repo\BetAndRuin 21\bets.temp' is opened by 27552@DESKTOP-GUIG4CC

[2021-04-21 19:02:30 #2 store] 
Configuration path: ?

[2021-04-21 19:02:30 #3 type] 
Type domain.Event is not enhanced.

[2021-04-21 19:02:30 #4 type] 
Type domain.Question is not enhanced.

[2021-04-21 19:02:30 #5 type] 
Type domain.Option is not enhanced.

[2021-04-21 19:02:30 #6 type] 
Type domain.User is not enhanced.

[2021-04-21 19:02:30 #7 type] 
Type domain.CreditCard is not enhanced.

[2021-04-21 19:02:30 #8 type] 
Type domain.Bet is not enhanced.

------------------------------------------------------------------------------------------------------------------------

[2021-04-21 19:05:37 #1 store] 
Database 'C:\Users\Usuario\git\Bets_repo\BetAndRuin 21\bets.temp' is opened by 24784@DESKTOP-GUIG4CC

[2021-04-21 19:05:37 #2 store] 
Configuration path: ?

[2021-04-21 19:05:37 #3 type] 
Type domain.Event is not enhanced.

[2021-04-21 19:05:37 #4 type] 
Type domain.Question is not enhanced.

[2021-04-21 19:05:37 #5 type] 
Type domain.Option is not enhanced.

[2021-04-21 19:05:37 #6 type] 
Type domain.User is not enhanced.

[2021-04-21 19:05:37 #7 type] 
Type domain.CreditCard is not enhanced.

[2021-04-21 19:05:37 #8 type] 
Type domain.Bet is not enhanced.

------------------------------------------------------------------------------------------------------------------------

[2021-04-21 19:06:12 #1 store] 
Database 'C:\Users\Usuario\git\Bets_repo\BetAndRuin 21\bets.temp' is opened by 28628@DESKTOP-GUIG4CC

[2021-04-21 19:06:12 #2 store] 
Configuration path: ?

[2021-04-21 19:06:12 #3 type] 
Type domain.Event is not enhanced.

[2021-04-21 19:06:12 #4 type] 
Type domain.Question is not enhanced.

[2021-04-21 19:06:12 #5 type] 
Type domain.Option is not enhanced.

[2021-04-21 19:06:12 #6 type] 
Type domain.User is not enhanced.

[2021-04-21 19:06:12 #7 type] 
Type domain.CreditCard is not enhanced.

[2021-04-21 19:06:12 #8 type] 
Type domain.Bet is not enhanced.

------------------------------------------------------------------------------------------------------------------------

[2021-04-21 19:09:43 #1 store] 
Database 'C:\Users\Usuario\git\Bets_repo\BetAndRuin 21\bets.temp' is opened by 7060@DESKTOP-GUIG4CC

[2021-04-21 19:09:43 #2 store] 
Configuration path: ?

[2021-04-21 19:09:43 #3 type] 
Type domain.Event is not enhanced.

[2021-04-21 19:09:43 #4 type] 
Type domain.Question is not enhanced.

[2021-04-21 19:09:43 #5 type] 
Type domain.Option is not enhanced.

[2021-04-21 19:09:43 #6 type] 
Type domain.User is not enhanced.

[2021-04-21 19:09:43 #7 type] 
Type domain.CreditCard is not enhanced.

[2021-04-21 19:09:43 #8 type] 
Type domain.Bet is not enhanced.

------------------------------------------------------------------------------------------------------------------------

[2021-04-21 19:10:57 #1 store] 
Database 'C:\Users\Usuario\git\Bets_repo\BetAndRuin 21\bets.temp' is opened by 544@DESKTOP-GUIG4CC

[2021-04-21 19:10:57 #2 store] 
Configuration path: ?

[2021-04-21 19:10:57 #3 type] 
Type domain.Event is not enhanced.

[2021-04-21 19:10:57 #4 type] 
Type domain.Question is not enhanced.

[2021-04-21 19:10:57 #5 type] 
Type domain.Option is not enhanced.

[2021-04-21 19:10:57 #6 type] 
Type domain.User is not enhanced.

[2021-04-21 19:10:57 #7 type] 
Type domain.CreditCard is not enhanced.

[2021-04-21 19:10:57 #8 type] 
Type domain.Bet is not enhanced.

------------------------------------------------------------------------------------------------------------------------

[2021-04-21 19:11:29 #1 store] 
Database 'C:\Users\Usuario\git\Bets_repo\BetAndRuin 21\bets.temp' is opened by 27800@DESKTOP-GUIG4CC

[2021-04-21 19:11:29 #2 store] 
Configuration path: ?

[2021-04-21 19:11:29 #3 type] 
Type domain.Event is not enhanced.

[2021-04-21 19:11:29 #4 type] 
Type domain.Question is not enhanced.

[2021-04-21 19:11:29 #5 type] 
Type domain.Option is not enhanced.

[2021-04-21 19:11:29 #6 type] 
Type domain.User is not enhanced.

[2021-04-21 19:11:29 #7 type] 
Type domain.CreditCard is not enhanced.

[2021-04-21 19:11:29 #8 type] 
Type domain.Bet is not enhanced.

------------------------------------------------------------------------------------------------------------------------

[2021-04-21 19:14:37 #1 store] 
Database 'C:\Users\Usuario\git\Bets_repo\BetAndRuin 21\bets.temp' is opened by 25728@DESKTOP-GUIG4CC

[2021-04-21 19:14:37 #2 store] 
Configuration path: ?

[2021-04-21 19:14:37 #3 type] 
Type domain.Event is not enhanced.

[2021-04-21 19:14:37 #4 type] 
Type domain.Question is not enhanced.

[2021-04-21 19:14:37 #5 type] 
Type domain.Option is not enhanced.

[2021-04-21 19:14:37 #6 type] 
Type domain.User is not enhanced.

[2021-04-21 19:14:37 #7 type] 
Type domain.CreditCard is not enhanced.

[2021-04-21 19:14:37 #8 type] 
Type domain.Bet is not enhanced.

------------------------------------------------------------------------------------------------------------------------

[2021-04-21 19:17:08 #1 store] 
Database 'C:\Users\Usuario\git\Bets_repo\BetAndRuin 21\bets.temp' is opened by 27428@DESKTOP-GUIG4CC

[2021-04-21 19:17:08 #2 store] 
Configuration path: ?

[2021-04-21 19:17:08 #3 type] 
Type domain.Event is not enhanced.

[2021-04-21 19:17:08 #4 type] 
Type domain.Question is not enhanced.

[2021-04-21 19:17:08 #5 type] 
Type domain.Option is not enhanced.

[2021-04-21 19:17:08 #6 type] 
Type domain.User is not enhanced.

[2021-04-21 19:17:08 #7 type] 
Type domain.CreditCard is not enhanced.

[2021-04-21 19:17:08 #8 type] 
Type domain.Bet is not enhanced.

------------------------------------------------------------------------------------------------------------------------

[2021-04-21 19:17:33 #1 store] 
Database 'C:\Users\Usuario\git\Bets_repo\BetAndRuin 21\bets.temp' is opened by 26460@DESKTOP-GUIG4CC

[2021-04-21 19:17:33 #2 store] 
Configuration path: ?

[2021-04-21 19:17:33 #3 type] 
Type domain.Event is not enhanced.

[2021-04-21 19:17:33 #4 type] 
Type domain.Question is not enhanced.

[2021-04-21 19:17:33 #5 type] 
Type domain.Option is not enhanced.

[2021-04-21 19:17:33 #6 type] 
Type domain.User is not enhanced.

[2021-04-21 19:17:33 #7 type] 
Type domain.CreditCard is not enhanced.

[2021-04-21 19:17:33 #8 type] 
Type domain.Bet is not enhanced.

------------------------------------------------------------------------------------------------------------------------

[2021-04-21 19:18:15 #1 store] 
Database 'C:\Users\Usuario\git\Bets_repo\BetAndRuin 21\bets.temp' is opened by 25908@DESKTOP-GUIG4CC

[2021-04-21 19:18:15 #2 store] 
Configuration path: ?

[2021-04-21 19:18:15 #3 type] 
Type domain.Event is not enhanced.

[2021-04-21 19:18:15 #4 type] 
Type domain.Question is not enhanced.

[2021-04-21 19:18:15 #5 type] 
Type domain.Option is not enhanced.

[2021-04-21 19:18:15 #6 type] 
Type domain.User is not enhanced.

[2021-04-21 19:18:15 #7 type] 
Type domain.CreditCard is not enhanced.

[2021-04-21 19:18:15 #8 type] 
Type domain.Bet is not enhanced.

------------------------------------------------------------------------------------------------------------------------

[2021-04-21 19:18:29 #1 store] 
Database 'C:\Users\Usuario\git\Bets_repo\BetAndRuin 21\bets.temp' is opened by 24904@DESKTOP-GUIG4CC

[2021-04-21 19:18:29 #2 store] 
Configuration path: ?

[2021-04-21 19:18:29 #3 type] 
Type domain.Event is not enhanced.

[2021-04-21 19:18:29 #4 type] 
Type domain.Question is not enhanced.

[2021-04-21 19:18:29 #5 type] 
Type domain.Option is not enhanced.

[2021-04-21 19:18:29 #6 type] 
Type domain.User is not enhanced.

[2021-04-21 19:18:29 #7 type] 
Type domain.CreditCard is not enhanced.

[2021-04-21 19:18:29 #8 type] 
Type domain.Bet is not enhanced.

------------------------------------------------------------------------------------------------------------------------

[2021-04-21 19:19:21 #1 store] 
Database 'C:\Users\Usuario\git\Bets_repo\BetAndRuin 21\bets.temp' is opened by 20344@DESKTOP-GUIG4CC

[2021-04-21 19:19:21 #2 store] 
Configuration path: ?

[2021-04-21 19:19:21 #3 type] 
Type domain.Event is not enhanced.

[2021-04-21 19:19:21 #4 type] 
Type domain.Question is not enhanced.

[2021-04-21 19:19:21 #5 type] 
Type domain.Option is not enhanced.

[2021-04-21 19:19:21 #6 type] 
Type domain.User is not enhanced.

[2021-04-21 19:19:21 #7 type] 
Type domain.CreditCard is not enhanced.

[2021-04-21 19:19:21 #8 type] 
Type domain.Bet is not enhanced.

------------------------------------------------------------------------------------------------------------------------

[2021-04-21 19:19:34 #1 store] 
Database 'C:\Users\Usuario\git\Bets_repo\BetAndRuin 21\bets.temp' is opened by 22796@DESKTOP-GUIG4CC

[2021-04-21 19:19:34 #2 store] 
Configuration path: ?

[2021-04-21 19:19:34 #3 type] 
Type domain.Event is not enhanced.

[2021-04-21 19:19:34 #4 type] 
Type domain.Question is not enhanced.

[2021-04-21 19:19:34 #5 type] 
Type domain.Option is not enhanced.

[2021-04-21 19:19:34 #6 type] 
Type domain.User is not enhanced.

[2021-04-21 19:19:34 #7 type] 
Type domain.CreditCard is not enhanced.

[2021-04-21 19:19:34 #8 type] 
Type domain.Bet is not enhanced.

------------------------------------------------------------------------------------------------------------------------

[2021-04-21 19:22:54 #1 store] 
Database 'C:\Users\Usuario\git\Bets_repo\BetAndRuin 21\bets.temp' has been recovered (tr. 24-24)

[2021-04-21 19:22:54 #2 store] 
Database 'C:\Users\Usuario\git\Bets_repo\BetAndRuin 21\bets.temp' is opened by 12764@DESKTOP-GUIG4CC

[2021-04-21 19:22:54 #3 store] 
Configuration path: ?

[2021-04-21 19:22:54 #4 type] 
Type domain.Event is not enhanced.

[2021-04-21 19:22:54 #5 type] 
Type domain.Question is not enhanced.

[2021-04-21 19:22:54 #6 type] 
Type domain.Option is not enhanced.

[2021-04-21 19:22:54 #7 type] 
Type domain.User is not enhanced.

[2021-04-21 19:22:54 #8 type] 
Type domain.CreditCard is not enhanced.

[2021-04-21 19:22:54 #9 type] 
Type domain.Bet is not enhanced.

------------------------------------------------------------------------------------------------------------------------

[2021-04-21 19:25:40 #1 store] 
Database 'C:\Users\Usuario\git\Bets_repo\BetAndRuin 21\bets.temp' has been recovered (tr. 25-25)

[2021-04-21 19:25:40 #2 store] 
Database 'C:\Users\Usuario\git\Bets_repo\BetAndRuin 21\bets.temp' is opened by 14884@DESKTOP-GUIG4CC

[2021-04-21 19:25:40 #3 store] 
Configuration path: ?

[2021-04-21 19:25:40 #4 type] 
Type domain.Event is not enhanced.

[2021-04-21 19:25:40 #5 type] 
Type domain.Question is not enhanced.

[2021-04-21 19:25:40 #6 type] 
Type domain.Option is not enhanced.

[2021-04-21 19:25:40 #7 type] 
Type domain.User is not enhanced.

[2021-04-21 19:25:40 #8 type] 
Type domain.CreditCard is not enhanced.

[2021-04-21 19:25:40 #9 type] 
Type domain.Bet is not enhanced.

------------------------------------------------------------------------------------------------------------------------

[2021-04-21 19:27:00 #1 store] 
Database 'C:\Users\Usuario\git\Bets_repo\BetAndRuin 21\bets.temp' is opened by 27076@DESKTOP-GUIG4CC

[2021-04-21 19:27:00 #2 store] 
Configuration path: ?

[2021-04-21 19:27:00 #3 type] 
Type domain.Event is not enhanced.

[2021-04-21 19:27:00 #4 type] 
Type domain.Question is not enhanced.

[2021-04-21 19:27:00 #5 type] 
Type domain.Option is not enhanced.

[2021-04-21 19:27:00 #6 type] 
Type domain.User is not enhanced.

[2021-04-21 19:27:00 #7 type] 
Type domain.CreditCard is not enhanced.

[2021-04-21 19:27:00 #8 type] 
Type domain.Bet is not enhanced.

------------------------------------------------------------------------------------------------------------------------

[2021-04-21 19:38:04 #1 store] 
Database 'C:\Users\Usuario\git\Bets_repo\BetAndRuin 21\bets.temp' is opened by 23360@DESKTOP-GUIG4CC

[2021-04-21 19:38:04 #2 store] 
Configuration path: ?

[2021-04-21 19:38:04 #3 type] 
Type domain.Event is not enhanced.

[2021-04-21 19:38:04 #4 type] 
Type domain.Question is not enhanced.

[2021-04-21 19:38:04 #5 type] 
Type domain.Option is not enhanced.

[2021-04-21 19:38:04 #6 type] 
Type domain.User is not enhanced.

[2021-04-21 19:38:04 #7 type] 
Type domain.CreditCard is not enhanced.

[2021-04-21 19:38:04 #8 type] 
Type domain.Bet is not enhanced.

[2021-04-21 19:38:12 #9 query] 
Error during query execution: SELECT us FROM User us WHERE us.username ="Admin" AND us.password ="Admin"(null)

[2021-04-21 19:38:12 #10 *] 
java.lang.ClassCastException: com.objectdb.o.KNV cannot be cast to com.objectdb.o.CNV
	at com.objectdb.o.VAR.P(VAR.java:921)
	at com.objectdb.o.VAR.n(VAR.java:883)
	at com.objectdb.o.VAR.m(VAR.java:832)
	at com.objectdb.o.BCN.a(BCN.java:306)
	at com.objectdb.o.BCN.YL(BCN.java:265)
	at com.objectdb.o.PBI.i(PBI.java:148)
	at com.objectdb.o.PBI.g(PBI.java:117)
	at com.objectdb.o.OBI.ZQ(OBI.java:249)
	at com.objectdb.o.BQI.YY(BQI.java:153)
	at com.objectdb.o.PRG.e(PRG.java:751)
	at com.objectdb.o.PRG.h(PRG.java:714)
	at com.objectdb.o.PRG.g(PRG.java:560)
	at com.objectdb.o.QRM.ZU(QRM.java:287)
	at com.objectdb.o.MST.ZU(MST.java:1019)
	at com.objectdb.o.WRA.ZU(WRA.java:313)
	at com.objectdb.o.WSM.ZU(WSM.java:117)
	at com.objectdb.o.QRR.k(QRR.java:260)
	at com.objectdb.o.QRR.i(QRR.java:154)
	at com.objectdb.jpa.JpaQuery.getSingleResult(JpaQuery.java:755)
	at dataAccess.DataAccess.getUser(DataAccess.java:308)
	at businessLogic.BlFacadeImplementation.getUser(BlFacadeImplementation.java:124)
	at gui.LoginGUI.logIn(LoginGUI.java:138)
	at gui.LoginGUI.access$1(LoginGUI.java:136)
	at gui.LoginGUI$2.actionPerformed(LoginGUI.java:73)
	at javax.swing.AbstractButton.fireActionPerformed(Unknown Source)
	at javax.swing.AbstractButton$Handler.actionPerformed(Unknown Source)
	at javax.swing.DefaultButtonModel.fireActionPerformed(Unknown Source)
	at javax.swing.DefaultButtonModel.setPressed(Unknown Source)
	at javax.swing.plaf.basic.BasicButtonListener.mouseReleased(Unknown Source)
	at java.awt.Component.processMouseEvent(Unknown Source)
	at javax.swing.JComponent.processMouseEvent(Unknown Source)
	at java.awt.Component.processEvent(Unknown Source)
	at java.awt.Container.processEvent(Unknown Source)
	at java.awt.Component.dispatchEventImpl(Unknown Source)
	at java.awt.Container.dispatchEventImpl(Unknown Source)
	at java.awt.Component.dispatchEvent(Unknown Source)
	at java.awt.LightweightDispatcher.retargetMouseEvent(Unknown Source)
	at java.awt.LightweightDispatcher.processMouseEvent(Unknown Source)
	at java.awt.LightweightDispatcher.dispatchEvent(Unknown Source)
	at java.awt.Container.dispatchEventImpl(Unknown Source)
	at java.awt.Window.dispatchEventImpl(Unknown Source)
	at java.awt.Component.dispatchEvent(Unknown Source)
	at java.awt.EventQueue.dispatchEventImpl(Unknown Source)
	at java.awt.EventQueue.access$500(Unknown Source)
	at java.awt.EventQueue$3.run(Unknown Source)
	at java.awt.EventQueue$3.run(Unknown Source)
	at java.security.AccessController.doPrivileged(Native Method)
	at java.security.ProtectionDomain$JavaSecurityAccessImpl.doIntersectionPrivilege(Unknown Source)
	at java.security.ProtectionDomain$JavaSecurityAccessImpl.doIntersectionPrivilege(Unknown Source)
	at java.awt.EventQueue$4.run(Unknown Source)
	at java.awt.EventQueue$4.run(Unknown Source)
	at java.security.AccessController.doPrivileged(Native Method)
	at java.security.ProtectionDomain$JavaSecurityAccessImpl.doIntersectionPrivilege(Unknown Source)
	at java.awt.EventQueue.dispatchEvent(Unknown Source)
	at java.awt.EventDispatchThread.pumpOneEventForFilters(Unknown Source)
	at java.awt.EventDispatchThread.pumpEventsForFilter(Unknown Source)
	at java.awt.EventDispatchThread.pumpEventsForHierarchy(Unknown Source)
	at java.awt.EventDispatchThread.pumpEvents(Unknown Source)
	at java.awt.EventDispatchThread.pumpEvents(Unknown Source)
	at java.awt.EventDispatchThread.run(Unknown Source)

------------------------------------------------------------------------------------------------------------------------

[2021-04-21 19:39:20 #1 store] 
Database 'C:\Users\Usuario\git\Bets_repo\BetAndRuin 21\bets.temp' is opened by 26388@DESKTOP-GUIG4CC

[2021-04-21 19:39:20 #2 store] 
Configuration path: ?

[2021-04-21 19:39:20 #3 type] 
Type domain.Event is not enhanced.

[2021-04-21 19:39:20 #4 type] 
Type domain.Question is not enhanced.

[2021-04-21 19:39:20 #5 type] 
Type domain.Option is not enhanced.

[2021-04-21 19:39:20 #6 type] 
Type domain.User is not enhanced.

[2021-04-21 19:39:20 #7 type] 
Type domain.CreditCard is not enhanced.

[2021-04-21 19:39:20 #8 type] 
Type domain.Bet is not enhanced.

[2021-04-21 19:39:36 #9 query] 
Error during query execution: SELECT us FROM User us WHERE us.username ="Admin" AND us.password ="Admin"(null)

[2021-04-21 19:39:36 #10 *] 
java.lang.ClassCastException: com.objectdb.o.KNV cannot be cast to com.objectdb.o.CNV
	at com.objectdb.o.VAR.P(VAR.java:921)
	at com.objectdb.o.VAR.n(VAR.java:883)
	at com.objectdb.o.VAR.m(VAR.java:832)
	at com.objectdb.o.BCN.a(BCN.java:306)
	at com.objectdb.o.BCN.YL(BCN.java:265)
	at com.objectdb.o.PBI.i(PBI.java:148)
	at com.objectdb.o.PBI.g(PBI.java:117)
	at com.objectdb.o.OBI.ZQ(OBI.java:249)
	at com.objectdb.o.BQI.YY(BQI.java:153)
	at com.objectdb.o.PRG.e(PRG.java:751)
	at com.objectdb.o.PRG.h(PRG.java:714)
	at com.objectdb.o.PRG.g(PRG.java:560)
	at com.objectdb.o.QRM.ZU(QRM.java:287)
	at com.objectdb.o.MST.ZU(MST.java:1019)
	at com.objectdb.o.WRA.ZU(WRA.java:313)
	at com.objectdb.o.WSM.ZU(WSM.java:117)
	at com.objectdb.o.QRR.k(QRR.java:260)
	at com.objectdb.o.QRR.i(QRR.java:154)
	at com.objectdb.jpa.JpaQuery.getSingleResult(JpaQuery.java:755)
	at dataAccess.DataAccess.getUser(DataAccess.java:308)
	at businessLogic.BlFacadeImplementation.getUser(BlFacadeImplementation.java:124)
	at gui.LoginGUI.logIn(LoginGUI.java:138)
	at gui.LoginGUI.access$1(LoginGUI.java:136)
	at gui.LoginGUI$2.actionPerformed(LoginGUI.java:73)
	at javax.swing.AbstractButton.fireActionPerformed(Unknown Source)
	at javax.swing.AbstractButton$Handler.actionPerformed(Unknown Source)
	at javax.swing.DefaultButtonModel.fireActionPerformed(Unknown Source)
	at javax.swing.DefaultButtonModel.setPressed(Unknown Source)
	at javax.swing.plaf.basic.BasicButtonListener.mouseReleased(Unknown Source)
	at java.awt.Component.processMouseEvent(Unknown Source)
	at javax.swing.JComponent.processMouseEvent(Unknown Source)
	at java.awt.Component.processEvent(Unknown Source)
	at java.awt.Container.processEvent(Unknown Source)
	at java.awt.Component.dispatchEventImpl(Unknown Source)
	at java.awt.Container.dispatchEventImpl(Unknown Source)
	at java.awt.Component.dispatchEvent(Unknown Source)
	at java.awt.LightweightDispatcher.retargetMouseEvent(Unknown Source)
	at java.awt.LightweightDispatcher.processMouseEvent(Unknown Source)
	at java.awt.LightweightDispatcher.dispatchEvent(Unknown Source)
	at java.awt.Container.dispatchEventImpl(Unknown Source)
	at java.awt.Window.dispatchEventImpl(Unknown Source)
	at java.awt.Component.dispatchEvent(Unknown Source)
	at java.awt.EventQueue.dispatchEventImpl(Unknown Source)
	at java.awt.EventQueue.access$500(Unknown Source)
	at java.awt.EventQueue$3.run(Unknown Source)
	at java.awt.EventQueue$3.run(Unknown Source)
	at java.security.AccessController.doPrivileged(Native Method)
	at java.security.ProtectionDomain$JavaSecurityAccessImpl.doIntersectionPrivilege(Unknown Source)
	at java.security.ProtectionDomain$JavaSecurityAccessImpl.doIntersectionPrivilege(Unknown Source)
	at java.awt.EventQueue$4.run(Unknown Source)
	at java.awt.EventQueue$4.run(Unknown Source)
	at java.security.AccessController.doPrivileged(Native Method)
	at java.security.ProtectionDomain$JavaSecurityAccessImpl.doIntersectionPrivilege(Unknown Source)
	at java.awt.EventQueue.dispatchEvent(Unknown Source)
	at java.awt.EventDispatchThread.pumpOneEventForFilters(Unknown Source)
	at java.awt.EventDispatchThread.pumpEventsForFilter(Unknown Source)
	at java.awt.EventDispatchThread.pumpEventsForHierarchy(Unknown Source)
	at java.awt.EventDispatchThread.pumpEvents(Unknown Source)
	at java.awt.EventDispatchThread.pumpEvents(Unknown Source)
	at java.awt.EventDispatchThread.run(Unknown Source)

[2021-04-21 19:39:42 #11 query] 
Error during query execution: SELECT us FROM User us WHERE us.username ="Admin" AND us.password ="Admin123"(null)

[2021-04-21 19:39:42 #12 *] 
java.lang.ClassCastException: com.objectdb.o.KNV cannot be cast to com.objectdb.o.CNV
	at com.objectdb.o.VAR.P(VAR.java:921)
	at com.objectdb.o.VAR.n(VAR.java:883)
	at com.objectdb.o.VAR.m(VAR.java:832)
	at com.objectdb.o.BCN.a(BCN.java:306)
	at com.objectdb.o.BCN.YL(BCN.java:265)
	at com.objectdb.o.PBI.i(PBI.java:148)
	at com.objectdb.o.PBI.g(PBI.java:117)
	at com.objectdb.o.OBI.ZQ(OBI.java:249)
	at com.objectdb.o.BQI.YY(BQI.java:153)
	at com.objectdb.o.PRG.e(PRG.java:751)
	at com.objectdb.o.PRG.h(PRG.java:714)
	at com.objectdb.o.PRG.g(PRG.java:560)
	at com.objectdb.o.QRM.ZU(QRM.java:287)
	at com.objectdb.o.MST.ZU(MST.java:1019)
	at com.objectdb.o.WRA.ZU(WRA.java:313)
	at com.objectdb.o.WSM.ZU(WSM.java:117)
	at com.objectdb.o.QRR.k(QRR.java:260)
	at com.objectdb.o.QRR.i(QRR.java:154)
	at com.objectdb.jpa.JpaQuery.getSingleResult(JpaQuery.java:755)
	at dataAccess.DataAccess.getUser(DataAccess.java:308)
	at businessLogic.BlFacadeImplementation.getUser(BlFacadeImplementation.java:124)
	at gui.LoginGUI.logIn(LoginGUI.java:138)
	at gui.LoginGUI.access$1(LoginGUI.java:136)
	at gui.LoginGUI$2.actionPerformed(LoginGUI.java:73)
	at javax.swing.AbstractButton.fireActionPerformed(Unknown Source)
	at javax.swing.AbstractButton$Handler.actionPerformed(Unknown Source)
	at javax.swing.DefaultButtonModel.fireActionPerformed(Unknown Source)
	at javax.swing.DefaultButtonModel.setPressed(Unknown Source)
	at javax.swing.plaf.basic.BasicButtonListener.mouseReleased(Unknown Source)
	at java.awt.Component.processMouseEvent(Unknown Source)
	at javax.swing.JComponent.processMouseEvent(Unknown Source)
	at java.awt.Component.processEvent(Unknown Source)
	at java.awt.Container.processEvent(Unknown Source)
	at java.awt.Component.dispatchEventImpl(Unknown Source)
	at java.awt.Container.dispatchEventImpl(Unknown Source)
	at java.awt.Component.dispatchEvent(Unknown Source)
	at java.awt.LightweightDispatcher.retargetMouseEvent(Unknown Source)
	at java.awt.LightweightDispatcher.processMouseEvent(Unknown Source)
	at java.awt.LightweightDispatcher.dispatchEvent(Unknown Source)
	at java.awt.Container.dispatchEventImpl(Unknown Source)
	at java.awt.Window.dispatchEventImpl(Unknown Source)
	at java.awt.Component.dispatchEvent(Unknown Source)
	at java.awt.EventQueue.dispatchEventImpl(Unknown Source)
	at java.awt.EventQueue.access$500(Unknown Source)
	at java.awt.EventQueue$3.run(Unknown Source)
	at java.awt.EventQueue$3.run(Unknown Source)
	at java.security.AccessController.doPrivileged(Native Method)
	at java.security.ProtectionDomain$JavaSecurityAccessImpl.doIntersectionPrivilege(Unknown Source)
	at java.security.ProtectionDomain$JavaSecurityAccessImpl.doIntersectionPrivilege(Unknown Source)
	at java.awt.EventQueue$4.run(Unknown Source)
	at java.awt.EventQueue$4.run(Unknown Source)
	at java.security.AccessController.doPrivileged(Native Method)
	at java.security.ProtectionDomain$JavaSecurityAccessImpl.doIntersectionPrivilege(Unknown Source)
	at java.awt.EventQueue.dispatchEvent(Unknown Source)
	at java.awt.EventDispatchThread.pumpOneEventForFilters(Unknown Source)
	at java.awt.EventDispatchThread.pumpEventsForFilter(Unknown Source)
	at java.awt.EventDispatchThread.pumpEventsForHierarchy(Unknown Source)
	at java.awt.EventDispatchThread.pumpEvents(Unknown Source)
	at java.awt.EventDispatchThread.pumpEvents(Unknown Source)
	at java.awt.EventDispatchThread.run(Unknown Source)

[2021-04-21 19:39:44 #13 query] 
Error during query execution: SELECT us FROM User us WHERE us.username ="Admin" AND us.password ="Admin123"(null)

[2021-04-21 19:39:44 #14 *] 
java.lang.ClassCastException: com.objectdb.o.KNV cannot be cast to com.objectdb.o.CNV
	at com.objectdb.o.VAR.P(VAR.java:921)
	at com.objectdb.o.VAR.n(VAR.java:883)
	at com.objectdb.o.VAR.m(VAR.java:832)
	at com.objectdb.o.BCN.a(BCN.java:306)
	at com.objectdb.o.BCN.YL(BCN.java:265)
	at com.objectdb.o.PBI.i(PBI.java:148)
	at com.objectdb.o.PBI.g(PBI.java:117)
	at com.objectdb.o.OBI.ZQ(OBI.java:249)
	at com.objectdb.o.BQI.YY(BQI.java:153)
	at com.objectdb.o.PRG.e(PRG.java:751)
	at com.objectdb.o.PRG.h(PRG.java:714)
	at com.objectdb.o.PRG.g(PRG.java:560)
	at com.objectdb.o.QRM.ZU(QRM.java:287)
	at com.objectdb.o.MST.ZU(MST.java:1019)
	at com.objectdb.o.WRA.ZU(WRA.java:313)
	at com.objectdb.o.WSM.ZU(WSM.java:117)
	at com.objectdb.o.QRR.k(QRR.java:260)
	at com.objectdb.o.QRR.i(QRR.java:154)
	at com.objectdb.jpa.JpaQuery.getSingleResult(JpaQuery.java:755)
	at dataAccess.DataAccess.getUser(DataAccess.java:308)
	at businessLogic.BlFacadeImplementation.getUser(BlFacadeImplementation.java:124)
	at gui.LoginGUI.logIn(LoginGUI.java:138)
	at gui.LoginGUI.access$1(LoginGUI.java:136)
	at gui.LoginGUI$2.actionPerformed(LoginGUI.java:73)
	at javax.swing.AbstractButton.fireActionPerformed(Unknown Source)
	at javax.swing.AbstractButton$Handler.actionPerformed(Unknown Source)
	at javax.swing.DefaultButtonModel.fireActionPerformed(Unknown Source)
	at javax.swing.DefaultButtonModel.setPressed(Unknown Source)
	at javax.swing.plaf.basic.BasicButtonListener.mouseReleased(Unknown Source)
	at java.awt.Component.processMouseEvent(Unknown Source)
	at javax.swing.JComponent.processMouseEvent(Unknown Source)
	at java.awt.Component.processEvent(Unknown Source)
	at java.awt.Container.processEvent(Unknown Source)
	at java.awt.Component.dispatchEventImpl(Unknown Source)
	at java.awt.Container.dispatchEventImpl(Unknown Source)
	at java.awt.Component.dispatchEvent(Unknown Source)
	at java.awt.LightweightDispatcher.retargetMouseEvent(Unknown Source)
	at java.awt.LightweightDispatcher.processMouseEvent(Unknown Source)
	at java.awt.LightweightDispatcher.dispatchEvent(Unknown Source)
	at java.awt.Container.dispatchEventImpl(Unknown Source)
	at java.awt.Window.dispatchEventImpl(Unknown Source)
	at java.awt.Component.dispatchEvent(Unknown Source)
	at java.awt.EventQueue.dispatchEventImpl(Unknown Source)
	at java.awt.EventQueue.access$500(Unknown Source)
	at java.awt.EventQueue$3.run(Unknown Source)
	at java.awt.EventQueue$3.run(Unknown Source)
	at java.security.AccessController.doPrivileged(Native Method)
	at java.security.ProtectionDomain$JavaSecurityAccessImpl.doIntersectionPrivilege(Unknown Source)
	at java.security.ProtectionDomain$JavaSecurityAccessImpl.doIntersectionPrivilege(Unknown Source)
	at java.awt.EventQueue$4.run(Unknown Source)
	at java.awt.EventQueue$4.run(Unknown Source)
	at java.security.AccessController.doPrivileged(Native Method)
	at java.security.ProtectionDomain$JavaSecurityAccessImpl.doIntersectionPrivilege(Unknown Source)
	at java.awt.EventQueue.dispatchEvent(Unknown Source)
	at java.awt.EventDispatchThread.pumpOneEventForFilters(Unknown Source)
	at java.awt.EventDispatchThread.pumpEventsForFilter(Unknown Source)
	at java.awt.EventDispatchThread.pumpEventsForHierarchy(Unknown Source)
	at java.awt.EventDispatchThread.pumpEvents(Unknown Source)
	at java.awt.EventDispatchThread.pumpEvents(Unknown Source)
	at java.awt.EventDispatchThread.run(Unknown Source)

------------------------------------------------------------------------------------------------------------------------

[2021-04-21 19:40:33 #1 store] 
Database 'C:\Users\Usuario\git\Bets_repo\BetAndRuin 21\bets.temp' is opened by 844@DESKTOP-GUIG4CC

[2021-04-21 19:40:33 #2 store] 
Configuration path: ?

[2021-04-21 19:40:33 #3 type] 
Type domain.Event is not enhanced.

[2021-04-21 19:40:33 #4 type] 
Type domain.Question is not enhanced.

[2021-04-21 19:40:33 #5 type] 
Type domain.Option is not enhanced.

[2021-04-21 19:40:33 #6 type] 
Type domain.User is not enhanced.

[2021-04-21 19:40:33 #7 type] 
Type domain.CreditCard is not enhanced.

[2021-04-21 19:40:33 #8 type] 
Type domain.Bet is not enhanced.

[2021-04-21 19:40:43 #9 query] 
Error during query execution: SELECT us FROM User us WHERE us.username ="Test User 1" AND us.password ="user1"(null)

[2021-04-21 19:40:43 #10 *] 
java.lang.ClassCastException: com.objectdb.o.KNV cannot be cast to com.objectdb.o.CNV
	at com.objectdb.o.VAR.P(VAR.java:921)
	at com.objectdb.o.VAR.n(VAR.java:883)
	at com.objectdb.o.VAR.m(VAR.java:832)
	at com.objectdb.o.BCN.a(BCN.java:306)
	at com.objectdb.o.BCN.YL(BCN.java:265)
	at com.objectdb.o.PBI.i(PBI.java:148)
	at com.objectdb.o.PBI.g(PBI.java:117)
	at com.objectdb.o.OBI.ZQ(OBI.java:249)
	at com.objectdb.o.BQI.YY(BQI.java:153)
	at com.objectdb.o.PRG.e(PRG.java:751)
	at com.objectdb.o.PRG.h(PRG.java:714)
	at com.objectdb.o.PRG.g(PRG.java:560)
	at com.objectdb.o.QRM.ZU(QRM.java:287)
	at com.objectdb.o.MST.ZU(MST.java:1019)
	at com.objectdb.o.WRA.ZU(WRA.java:313)
	at com.objectdb.o.WSM.ZU(WSM.java:117)
	at com.objectdb.o.QRR.k(QRR.java:260)
	at com.objectdb.o.QRR.i(QRR.java:154)
	at com.objectdb.jpa.JpaQuery.getSingleResult(JpaQuery.java:755)
	at dataAccess.DataAccess.getUser(DataAccess.java:308)
	at businessLogic.BlFacadeImplementation.getUser(BlFacadeImplementation.java:124)
	at gui.LoginGUI.logIn(LoginGUI.java:138)
	at gui.LoginGUI.access$1(LoginGUI.java:136)
	at gui.LoginGUI$2.actionPerformed(LoginGUI.java:73)
	at javax.swing.AbstractButton.fireActionPerformed(Unknown Source)
	at javax.swing.AbstractButton$Handler.actionPerformed(Unknown Source)
	at javax.swing.DefaultButtonModel.fireActionPerformed(Unknown Source)
	at javax.swing.DefaultButtonModel.setPressed(Unknown Source)
	at javax.swing.plaf.basic.BasicButtonListener.mouseReleased(Unknown Source)
	at java.awt.Component.processMouseEvent(Unknown Source)
	at javax.swing.JComponent.processMouseEvent(Unknown Source)
	at java.awt.Component.processEvent(Unknown Source)
	at java.awt.Container.processEvent(Unknown Source)
	at java.awt.Component.dispatchEventImpl(Unknown Source)
	at java.awt.Container.dispatchEventImpl(Unknown Source)
	at java.awt.Component.dispatchEvent(Unknown Source)
	at java.awt.LightweightDispatcher.retargetMouseEvent(Unknown Source)
	at java.awt.LightweightDispatcher.processMouseEvent(Unknown Source)
	at java.awt.LightweightDispatcher.dispatchEvent(Unknown Source)
	at java.awt.Container.dispatchEventImpl(Unknown Source)
	at java.awt.Window.dispatchEventImpl(Unknown Source)
	at java.awt.Component.dispatchEvent(Unknown Source)
	at java.awt.EventQueue.dispatchEventImpl(Unknown Source)
	at java.awt.EventQueue.access$500(Unknown Source)
	at java.awt.EventQueue$3.run(Unknown Source)
	at java.awt.EventQueue$3.run(Unknown Source)
	at java.security.AccessController.doPrivileged(Native Method)
	at java.security.ProtectionDomain$JavaSecurityAccessImpl.doIntersectionPrivilege(Unknown Source)
	at java.security.ProtectionDomain$JavaSecurityAccessImpl.doIntersectionPrivilege(Unknown Source)
	at java.awt.EventQueue$4.run(Unknown Source)
	at java.awt.EventQueue$4.run(Unknown Source)
	at java.security.AccessController.doPrivileged(Native Method)
	at java.security.ProtectionDomain$JavaSecurityAccessImpl.doIntersectionPrivilege(Unknown Source)
	at java.awt.EventQueue.dispatchEvent(Unknown Source)
	at java.awt.EventDispatchThread.pumpOneEventForFilters(Unknown Source)
	at java.awt.EventDispatchThread.pumpEventsForFilter(Unknown Source)
	at java.awt.EventDispatchThread.pumpEventsForHierarchy(Unknown Source)
	at java.awt.EventDispatchThread.pumpEvents(Unknown Source)
	at java.awt.EventDispatchThread.pumpEvents(Unknown Source)
	at java.awt.EventDispatchThread.run(Unknown Source)

------------------------------------------------------------------------------------------------------------------------

[2021-04-21 19:41:04 #1 store] 
Database 'C:\Users\Usuario\git\Bets_repo\BetAndRuin 21\bets.temp' is opened by 23588@DESKTOP-GUIG4CC

[2021-04-21 19:41:04 #2 store] 
Configuration path: ?

[2021-04-21 19:41:04 #3 type] 
Type domain.Event is not enhanced.

[2021-04-21 19:41:04 #4 type] 
Type domain.Question is not enhanced.

[2021-04-21 19:41:04 #5 type] 
Type domain.Option is not enhanced.

[2021-04-21 19:41:04 #6 type] 
Type domain.User is not enhanced.

[2021-04-21 19:41:04 #7 type] 
Type domain.CreditCard is not enhanced.

[2021-04-21 19:41:04 #8 type] 
Type domain.Bet is not enhanced.

------------------------------------------------------------------------------------------------------------------------

[2021-04-21 19:42:50 #1 store] 
Database 'C:\Users\Usuario\git\Bets_repo\BetAndRuin 21\bets.temp' has been recovered (tr. 26-26)

[2021-04-21 19:42:50 #2 store] 
Database 'C:\Users\Usuario\git\Bets_repo\BetAndRuin 21\bets.temp' is opened by 13196@DESKTOP-GUIG4CC

[2021-04-21 19:42:50 #3 store] 
Configuration path: ?

[2021-04-21 19:42:50 #4 type] 
Type domain.Event is not enhanced.

[2021-04-21 19:42:50 #5 type] 
Type domain.Question is not enhanced.

[2021-04-21 19:42:50 #6 type] 
Type domain.Option is not enhanced.

[2021-04-21 19:42:50 #7 type] 
Type domain.User is not enhanced.

[2021-04-21 19:42:50 #8 type] 
Type domain.CreditCard is not enhanced.

[2021-04-21 19:42:50 #9 type] 
Type domain.Bet is not enhanced.

------------------------------------------------------------------------------------------------------------------------

[2021-04-21 20:30:36 #1 store] 
Database 'C:\Users\Usuario\git\Bets_repo\BetAndRuin 21\bets.temp' is opened by 16644@DESKTOP-GUIG4CC

[2021-04-21 20:30:36 #2 store] 
Configuration path: ?

[2021-04-21 20:30:36 #3 type] 
Type domain.Event is not enhanced.

[2021-04-21 20:30:36 #4 type] 
Type domain.Question is not enhanced.

[2021-04-21 20:30:36 #5 type] 
Type domain.Option is not enhanced.

[2021-04-21 20:30:36 #6 type] 
Type domain.User is not enhanced.

[2021-04-21 20:30:36 #7 type] 
Type domain.CreditCard is not enhanced.

[2021-04-21 20:30:36 #8 type] 
Type domain.Bet is not enhanced.

------------------------------------------------------------------------------------------------------------------------

[2021-04-21 20:32:06 #1 store] 
Database 'C:\Users\Usuario\git\Bets_repo\BetAndRuin 21\bets.temp' is opened by 13420@DESKTOP-GUIG4CC

[2021-04-21 20:32:06 #2 store] 
Configuration path: ?

[2021-04-21 20:32:06 #3 type] 
Type domain.Event is not enhanced.

[2021-04-21 20:32:06 #4 type] 
Type domain.Question is not enhanced.

[2021-04-21 20:32:06 #5 type] 
Type domain.Option is not enhanced.

[2021-04-21 20:32:06 #6 type] 
Type domain.User is not enhanced.

[2021-04-21 20:32:06 #7 type] 
Type domain.CreditCard is not enhanced.

[2021-04-21 20:32:06 #8 type] 
Type domain.Bet is not enhanced.

