------------------------------------------------------------------------------------------------------------------------

[2021-03-01 01:32:21 #1 store] 
Database 'C:\Users\Iñaki Moreno\git\Bets_repo\BetAndRuin 21\bets.temp' is opened by 12284@DESKTOP-UN6F2EK

[2021-03-01 01:32:21 #2 store] 
Configuration path: ?

[2021-03-01 01:32:21 #3 type] 
Type domain.Event is not enhanced.

[2021-03-01 01:32:21 #4 type] 
Type domain.Question is not enhanced.

------------------------------------------------------------------------------------------------------------------------

[2021-03-01 01:34:14 #1 store] 
Database 'C:\Users\Iñaki Moreno\git\Bets_repo\BetAndRuin 21\bets.temp' is opened by 22536@DESKTOP-UN6F2EK

[2021-03-01 01:34:14 #2 store] 
Configuration path: ?

[2021-03-01 01:34:14 #3 type] 
Type domain.Event is not enhanced.

[2021-03-01 01:34:14 #4 type] 
Type domain.Question is not enhanced.

------------------------------------------------------------------------------------------------------------------------

[2021-03-01 19:15:57 #1 store] 
Database 'C:\Users\Iñaki Moreno\git\Bets_repo\BetAndRuin 21\bets.temp' has been recovered (tr. 10-10)

[2021-03-01 19:15:57 #2 store] 
Database 'C:\Users\Iñaki Moreno\git\Bets_repo\BetAndRuin 21\bets.temp' is opened by 4280@DESKTOP-UN6F2EK

[2021-03-01 19:15:57 #3 store] 
Configuration path: ?

[2021-03-01 19:15:58 #4 type] 
Type domain.Event is not enhanced.

[2021-03-01 19:15:58 #5 type] 
Type domain.Question is not enhanced.

------------------------------------------------------------------------------------------------------------------------

[2021-03-01 19:16:41 #1 store] 
Database 'C:\Users\Iñaki Moreno\git\Bets_repo\BetAndRuin 21\bets.temp' is opened by 14236@DESKTOP-UN6F2EK

[2021-03-01 19:16:41 #2 store] 
Configuration path: ?

[2021-03-01 19:16:41 #3 type] 
Type domain.Event is not enhanced.

[2021-03-01 19:16:41 #4 type] 
Type domain.Question is not enhanced.

------------------------------------------------------------------------------------------------------------------------

[2021-03-01 20:15:50 #1 store] 
Database 'C:\Users\Iñaki Moreno\git\Bets_repo\BetAndRuin 21\bets.temp' is opened by 8180@DESKTOP-UN6F2EK

[2021-03-01 20:15:50 #2 store] 
Configuration path: ?

[2021-03-01 20:15:50 #3 type] 
Type domain.Event is not enhanced.

[2021-03-01 20:15:50 #4 type] 
Type domain.Question is not enhanced.

[2021-03-01 20:16:02 #5 type] 
Type domain.User is not enhanced.

------------------------------------------------------------------------------------------------------------------------

[2021-03-01 20:17:52 #1 store] 
Database 'C:\Users\Iñaki Moreno\git\Bets_repo\BetAndRuin 21\bets.temp' is opened by 15008@DESKTOP-UN6F2EK

[2021-03-01 20:17:52 #2 store] 
Configuration path: ?

[2021-03-01 20:17:52 #3 type] 
Type domain.Event is not enhanced.

[2021-03-01 20:17:52 #4 type] 
Type domain.Question is not enhanced.

[2021-03-01 20:17:52 #5 type] 
Type domain.User is not enhanced.

------------------------------------------------------------------------------------------------------------------------

[2021-03-01 20:21:01 #1 store] 
Database 'C:\Users\Iñaki Moreno\git\Bets_repo\BetAndRuin 21\bets.temp' is opened by 8384@DESKTOP-UN6F2EK

[2021-03-01 20:21:01 #2 store] 
Configuration path: ?

[2021-03-01 20:21:01 #3 type] 
Type domain.Event is not enhanced.

[2021-03-01 20:21:01 #4 type] 
Type domain.Question is not enhanced.

[2021-03-01 20:21:01 #5 type] 
Type domain.User is not enhanced.

------------------------------------------------------------------------------------------------------------------------

[2021-03-01 20:22:43 #1 store] 
Database 'C:\Users\Iñaki Moreno\git\Bets_repo\BetAndRuin 21\bets.temp' is opened by 18916@DESKTOP-UN6F2EK

[2021-03-01 20:22:43 #2 store] 
Configuration path: ?

[2021-03-01 20:22:43 #3 type] 
Type domain.Event is not enhanced.

[2021-03-01 20:22:43 #4 type] 
Type domain.Question is not enhanced.

[2021-03-01 20:22:43 #5 type] 
Type domain.User is not enhanced.

------------------------------------------------------------------------------------------------------------------------

[2021-03-01 20:25:37 #1 store] 
Database 'C:\Users\Iñaki Moreno\git\Bets_repo\BetAndRuin 21\bets.temp' is opened by 2916@DESKTOP-UN6F2EK

[2021-03-01 20:25:37 #2 store] 
Configuration path: ?

[2021-03-01 20:25:37 #3 type] 
Type domain.Event is not enhanced.

[2021-03-01 20:25:37 #4 type] 
Type domain.Question is not enhanced.

[2021-03-01 20:25:37 #5 type] 
Type domain.User is not enhanced.

------------------------------------------------------------------------------------------------------------------------

[2021-03-01 20:26:31 #1 store] 
Database 'C:\Users\Iñaki Moreno\git\Bets_repo\BetAndRuin 21\bets.temp' is opened by 7856@DESKTOP-UN6F2EK

[2021-03-01 20:26:31 #2 store] 
Configuration path: ?

[2021-03-01 20:26:31 #3 type] 
Type domain.Event is not enhanced.

[2021-03-01 20:26:31 #4 type] 
Type domain.Question is not enhanced.

[2021-03-01 20:26:31 #5 type] 
Type domain.User is not enhanced.

------------------------------------------------------------------------------------------------------------------------

[2021-03-01 20:26:56 #1 store] 
Database 'C:\Users\Iñaki Moreno\git\Bets_repo\BetAndRuin 21\bets.temp' is opened by 19164@DESKTOP-UN6F2EK

[2021-03-01 20:26:56 #2 store] 
Configuration path: ?

[2021-03-01 20:26:56 #3 type] 
Type domain.Event is not enhanced.

[2021-03-01 20:26:56 #4 type] 
Type domain.Question is not enhanced.

[2021-03-01 20:26:56 #5 type] 
Type domain.User is not enhanced.

