------------------------------------------------------------------------------------------------------------------------

[2021-04-16 10:01:23 #1 store] 
Database '/Users/Louis/git/Bets_repo/BetAndRuin 21/bets.temp' is opened by 51552@Louiss-MacBook-Pro-2.local

[2021-04-16 10:01:23 #2 store] 
Configuration path: ?

[2021-04-16 10:01:23 #3 type] 
Type domain.Event is not enhanced.

[2021-04-16 10:01:23 #4 type] 
Type domain.Question is not enhanced.

[2021-04-16 10:01:23 #5 type] 
Type domain.Option is not enhanced.

------------------------------------------------------------------------------------------------------------------------

[2021-04-16 10:06:20 #1 store] 
Database '/Users/Louis/git/Bets_repo/BetAndRuin 21/bets.temp' is opened by 51692@Louiss-MacBook-Pro-2.local

[2021-04-16 10:06:20 #2 store] 
Configuration path: ?

[2021-04-16 10:06:20 #3 type] 
Type domain.Event is not enhanced.

[2021-04-16 10:06:20 #4 type] 
Type domain.Question is not enhanced.

[2021-04-16 10:06:20 #5 type] 
Type domain.Option is not enhanced.

------------------------------------------------------------------------------------------------------------------------

[2021-04-16 10:11:46 #1 store] 
Database '/Users/Louis/git/Bets_repo/BetAndRuin 21/bets.temp' is opened by 51791@Louiss-MacBook-Pro-2.local

[2021-04-16 10:11:46 #2 store] 
Configuration path: ?

[2021-04-16 10:11:46 #3 type] 
Type domain.Event is not enhanced.

[2021-04-16 10:11:46 #4 type] 
Type domain.Question is not enhanced.

[2021-04-16 10:11:46 #5 type] 
Type domain.Option is not enhanced.

------------------------------------------------------------------------------------------------------------------------

[2021-04-16 10:31:17 #1 store] 
Database '/Users/Louis/git/Bets_repo/BetAndRuin 21/bets.temp' is opened by 52349@Louiss-MacBook-Pro-2.local

[2021-04-16 10:31:17 #2 store] 
Configuration path: ?

[2021-04-16 10:31:17 #3 type] 
Type domain.Event is not enhanced.

[2021-04-16 10:31:17 #4 type] 
Type domain.Question is not enhanced.

[2021-04-16 10:31:17 #5 type] 
Type domain.Option is not enhanced.

[2021-04-16 10:31:24 #6 type] 
Type domain.User is not enhanced.

[2021-04-16 10:31:24 #7 type] 
Type domain.Bet is not enhanced.

