------------------------------------------------------------------------------------------------------------------------

[2021-04-17 16:57:11 #1 store] 
Database 'C:\Users\Usuario\git\Bets_repo\BetAndRuin 21\bets.temp' is opened by 8272@DESKTOP-GUIG4CC

[2021-04-17 16:57:11 #2 store] 
Configuration path: ?

[2021-04-17 16:57:11 #3 type] 
Type domain.Event is not enhanced.

[2021-04-17 16:57:11 #4 type] 
Type domain.Question is not enhanced.

[2021-04-17 16:57:11 #5 type] 
Type domain.Option is not enhanced.

[2021-04-17 16:59:19 #6 type] 
Type domain.User is not enhanced.

[2021-04-17 16:59:19 #7 type] 
Type domain.Bet is not enhanced.

------------------------------------------------------------------------------------------------------------------------

[2021-04-17 17:00:39 #1 store] 
Database 'C:\Users\Usuario\git\Bets_repo\BetAndRuin 21\bets.temp' is opened by 8660@DESKTOP-GUIG4CC

[2021-04-17 17:00:39 #2 store] 
Configuration path: ?

[2021-04-17 17:00:39 #3 type] 
Type domain.Event is not enhanced.

[2021-04-17 17:00:39 #4 type] 
Type domain.Question is not enhanced.

[2021-04-17 17:00:39 #5 type] 
Type domain.Option is not enhanced.

------------------------------------------------------------------------------------------------------------------------

[2021-04-17 17:04:49 #1 store] 
Database 'C:\Users\Usuario\git\Bets_repo\BetAndRuin 21\bets.temp' is opened by 6048@DESKTOP-GUIG4CC

[2021-04-17 17:04:49 #2 store] 
Configuration path: ?

[2021-04-17 17:04:49 #3 type] 
Type domain.Event is not enhanced.

[2021-04-17 17:04:49 #4 type] 
Type domain.Question is not enhanced.

[2021-04-17 17:04:49 #5 type] 
Type domain.Option is not enhanced.

------------------------------------------------------------------------------------------------------------------------

[2021-04-17 17:07:52 #1 store] 
Database 'C:\Users\Usuario\git\Bets_repo\BetAndRuin 21\bets.temp' is opened by 11948@DESKTOP-GUIG4CC

[2021-04-17 17:07:52 #2 store] 
Configuration path: ?

[2021-04-17 17:07:52 #3 type] 
Type domain.Event is not enhanced.

[2021-04-17 17:07:52 #4 type] 
Type domain.Question is not enhanced.

[2021-04-17 17:07:52 #5 type] 
Type domain.Option is not enhanced.

------------------------------------------------------------------------------------------------------------------------

[2021-04-17 17:10:34 #1 store] 
Database 'C:\Users\Usuario\git\Bets_repo\BetAndRuin 21\bets.temp' is opened by 13492@DESKTOP-GUIG4CC

[2021-04-17 17:10:34 #2 store] 
Configuration path: ?

[2021-04-17 17:10:34 #3 type] 
Type domain.Event is not enhanced.

[2021-04-17 17:10:34 #4 type] 
Type domain.Question is not enhanced.

[2021-04-17 17:10:34 #5 type] 
Type domain.Option is not enhanced.

[2021-04-17 17:10:44 #6 type] 
Type domain.User is not enhanced.

[2021-04-17 17:10:44 #7 type] 
Type domain.Bet is not enhanced.

------------------------------------------------------------------------------------------------------------------------

[2021-04-17 17:11:36 #1 server] 
Server on port 6136 has started by 9224@DESKTOP-GUIG4CC

[2021-04-17 17:12:06 #2 server] 
Server on port 6136 has stopped by 9224@DESKTOP-GUIG4CC

------------------------------------------------------------------------------------------------------------------------

[2021-04-17 17:13:00 #1 store] 
Database 'C:\Users\Usuario\git\Bets_repo\BetAndRuin 21\bets.temp' is opened by 7904@DESKTOP-GUIG4CC

[2021-04-17 17:13:00 #2 store] 
Configuration path: ?

[2021-04-17 17:13:00 #3 type] 
Type domain.Event is not enhanced.

[2021-04-17 17:13:00 #4 type] 
Type domain.Question is not enhanced.

[2021-04-17 17:13:00 #5 type] 
Type domain.Option is not enhanced.

[2021-04-17 17:13:00 #6 type] 
Type domain.User is not enhanced.

[2021-04-17 17:13:00 #7 type] 
Type domain.Bet is not enhanced.

------------------------------------------------------------------------------------------------------------------------

[2021-04-17 17:15:18 #1 store] 
Database 'C:\Users\Usuario\git\Bets_repo\BetAndRuin 21\bets.temp' is opened by 10756@DESKTOP-GUIG4CC

[2021-04-17 17:15:18 #2 store] 
Configuration path: ?

[2021-04-17 17:15:18 #3 type] 
Type domain.Event is not enhanced.

[2021-04-17 17:15:18 #4 type] 
Type domain.Question is not enhanced.

[2021-04-17 17:15:18 #5 type] 
Type domain.Option is not enhanced.

[2021-04-17 17:15:18 #6 type] 
Type domain.User is not enhanced.

[2021-04-17 17:15:18 #7 type] 
Type domain.Bet is not enhanced.

------------------------------------------------------------------------------------------------------------------------

[2021-04-17 17:45:57 #1 store] 
Database 'C:\Users\Usuario\git\Bets_repo\BetAndRuin 21\bets.temp' is opened by 15844@DESKTOP-GUIG4CC

[2021-04-17 17:45:57 #2 store] 
Configuration path: ?

[2021-04-17 17:45:57 #3 type] 
Type domain.Event is not enhanced.

[2021-04-17 17:45:57 #4 type] 
Type domain.Question is not enhanced.

[2021-04-17 17:45:57 #5 type] 
Type domain.Option is not enhanced.

[2021-04-17 17:45:57 #6 type] 
Type domain.User is not enhanced.

[2021-04-17 17:45:57 #7 type] 
Type domain.Bet is not enhanced.

------------------------------------------------------------------------------------------------------------------------

[2021-04-17 17:48:54 #1 store] 
Database 'C:\Users\Usuario\git\Bets_repo\BetAndRuin 21\bets.temp' is opened by 10120@DESKTOP-GUIG4CC

[2021-04-17 17:48:54 #2 store] 
Configuration path: ?

[2021-04-17 17:48:54 #3 type] 
Type domain.Event is not enhanced.

[2021-04-17 17:48:54 #4 type] 
Type domain.Question is not enhanced.

[2021-04-17 17:48:54 #5 type] 
Type domain.Option is not enhanced.

[2021-04-17 17:48:54 #6 type] 
Type domain.User is not enhanced.

[2021-04-17 17:48:54 #7 type] 
Type domain.Bet is not enhanced.

------------------------------------------------------------------------------------------------------------------------

[2021-04-17 20:57:32 #1 store] 
Database 'C:\Users\Usuario\git\Bets_repo\BetAndRuin 21\bets.temp' is opened by 12336@DESKTOP-GUIG4CC

[2021-04-17 20:57:32 #2 store] 
Configuration path: ?

[2021-04-17 20:57:32 #3 type] 
Type domain.Event is not enhanced.

[2021-04-17 20:57:32 #4 type] 
Type domain.Question is not enhanced.

[2021-04-17 20:57:32 #5 type] 
Type domain.Option is not enhanced.

[2021-04-17 20:57:32 #6 type] 
Type domain.User is not enhanced.

[2021-04-17 20:57:32 #7 type] 
Type domain.Bet is not enhanced.

------------------------------------------------------------------------------------------------------------------------

[2021-04-17 21:02:14 #1 store] 
Database 'C:\Users\Usuario\git\Bets_repo\BetAndRuin 21\bets.temp' is opened by 12208@DESKTOP-GUIG4CC

[2021-04-17 21:02:14 #2 store] 
Configuration path: ?

[2021-04-17 21:02:15 #3 type] 
Type domain.Event is not enhanced.

[2021-04-17 21:02:15 #4 type] 
Type domain.Question is not enhanced.

[2021-04-17 21:02:15 #5 type] 
Type domain.Option is not enhanced.

[2021-04-17 21:02:15 #6 type] 
Type domain.User is not enhanced.

[2021-04-17 21:02:15 #7 type] 
Type domain.Bet is not enhanced.

------------------------------------------------------------------------------------------------------------------------

[2021-04-17 21:05:40 #1 store] 
Database 'C:\Users\Usuario\git\Bets_repo\BetAndRuin 21\bets.temp' is opened by 1180@DESKTOP-GUIG4CC

[2021-04-17 21:05:40 #2 store] 
Configuration path: ?

[2021-04-17 21:05:40 #3 type] 
Type domain.Event is not enhanced.

[2021-04-17 21:05:40 #4 type] 
Type domain.Question is not enhanced.

[2021-04-17 21:05:40 #5 type] 
Type domain.Option is not enhanced.

[2021-04-17 21:05:40 #6 type] 
Type domain.User is not enhanced.

[2021-04-17 21:05:40 #7 type] 
Type domain.Bet is not enhanced.

------------------------------------------------------------------------------------------------------------------------

[2021-04-17 21:11:52 #1 store] 
Database 'C:\Users\Usuario\git\Bets_repo\BetAndRuin 21\bets.temp' is opened by 12684@DESKTOP-GUIG4CC

[2021-04-17 21:11:52 #2 store] 
Configuration path: ?

[2021-04-17 21:11:52 #3 type] 
Type domain.Event is not enhanced.

[2021-04-17 21:11:52 #4 type] 
Type domain.Question is not enhanced.

[2021-04-17 21:11:52 #5 type] 
Type domain.Option is not enhanced.

[2021-04-17 21:11:52 #6 type] 
Type domain.User is not enhanced.

[2021-04-17 21:11:52 #7 type] 
Type domain.Bet is not enhanced.

------------------------------------------------------------------------------------------------------------------------

[2021-04-17 21:26:33 #1 store] 
Database 'C:\Users\Usuario\git\Bets_repo\BetAndRuin 21\bets.temp' is opened by 13160@DESKTOP-GUIG4CC

[2021-04-17 21:26:33 #2 store] 
Configuration path: ?

[2021-04-17 21:26:33 #3 type] 
Type domain.Event is not enhanced.

[2021-04-17 21:26:33 #4 type] 
Type domain.Question is not enhanced.

[2021-04-17 21:26:33 #5 type] 
Type domain.Option is not enhanced.

[2021-04-17 21:26:33 #6 type] 
Type domain.User is not enhanced.

[2021-04-17 21:26:33 #7 type] 
Type domain.Bet is not enhanced.

------------------------------------------------------------------------------------------------------------------------

[2021-04-17 21:31:11 #1 store] 
Database 'C:\Users\Usuario\git\Bets_repo\BetAndRuin 21\bets.temp' is opened by 16432@DESKTOP-GUIG4CC

[2021-04-17 21:31:11 #2 store] 
Configuration path: ?

[2021-04-17 21:31:11 #3 type] 
Type domain.Event is not enhanced.

[2021-04-17 21:31:11 #4 type] 
Type domain.Question is not enhanced.

[2021-04-17 21:31:11 #5 type] 
Type domain.Option is not enhanced.

[2021-04-17 21:31:11 #6 type] 
Type domain.User is not enhanced.

[2021-04-17 21:31:11 #7 type] 
Type domain.Bet is not enhanced.

------------------------------------------------------------------------------------------------------------------------

[2021-04-17 21:32:49 #1 store] 
Database 'C:\Users\Usuario\git\Bets_repo\BetAndRuin 21\bets.temp' is opened by 13868@DESKTOP-GUIG4CC

[2021-04-17 21:32:49 #2 store] 
Configuration path: ?

[2021-04-17 21:32:49 #3 type] 
Type domain.Event is not enhanced.

[2021-04-17 21:32:49 #4 type] 
Type domain.Question is not enhanced.

[2021-04-17 21:32:49 #5 type] 
Type domain.Option is not enhanced.

[2021-04-17 21:32:49 #6 type] 
Type domain.User is not enhanced.

[2021-04-17 21:32:49 #7 type] 
Type domain.Bet is not enhanced.

------------------------------------------------------------------------------------------------------------------------

[2021-04-17 21:33:16 #1 store] 
Database 'C:\Users\Usuario\git\Bets_repo\BetAndRuin 21\bets.temp' is opened by 4340@DESKTOP-GUIG4CC

[2021-04-17 21:33:16 #2 store] 
Configuration path: ?

[2021-04-17 21:33:16 #3 type] 
Type domain.Event is not enhanced.

[2021-04-17 21:33:16 #4 type] 
Type domain.Question is not enhanced.

[2021-04-17 21:33:16 #5 type] 
Type domain.Option is not enhanced.

[2021-04-17 21:33:16 #6 type] 
Type domain.User is not enhanced.

[2021-04-17 21:33:16 #7 type] 
Type domain.Bet is not enhanced.

------------------------------------------------------------------------------------------------------------------------

[2021-04-17 21:35:45 #1 store] 
Database 'C:\Users\Usuario\git\Bets_repo\BetAndRuin 21\bets.temp' is opened by 7992@DESKTOP-GUIG4CC

[2021-04-17 21:35:45 #2 store] 
Configuration path: ?

[2021-04-17 21:35:46 #3 type] 
Type domain.Event is not enhanced.

[2021-04-17 21:35:46 #4 type] 
Type domain.Question is not enhanced.

[2021-04-17 21:35:46 #5 type] 
Type domain.Option is not enhanced.

[2021-04-17 21:35:46 #6 type] 
Type domain.User is not enhanced.

[2021-04-17 21:35:46 #7 type] 
Type domain.Bet is not enhanced.

------------------------------------------------------------------------------------------------------------------------

[2021-04-17 21:39:36 #1 store] 
Database 'C:\Users\Usuario\git\Bets_repo\BetAndRuin 21\bets.temp' is opened by 16760@DESKTOP-GUIG4CC

[2021-04-17 21:39:36 #2 store] 
Configuration path: ?

[2021-04-17 21:39:36 #3 type] 
Type domain.Event is not enhanced.

[2021-04-17 21:39:36 #4 type] 
Type domain.Question is not enhanced.

[2021-04-17 21:39:36 #5 type] 
Type domain.Option is not enhanced.

[2021-04-17 21:39:36 #6 type] 
Type domain.User is not enhanced.

[2021-04-17 21:39:36 #7 type] 
Type domain.Bet is not enhanced.

------------------------------------------------------------------------------------------------------------------------

[2021-04-17 21:43:06 #1 store] 
Database 'C:\Users\Usuario\git\Bets_repo\BetAndRuin 21\bets.temp' is opened by 2576@DESKTOP-GUIG4CC

[2021-04-17 21:43:06 #2 store] 
Configuration path: ?

[2021-04-17 21:43:06 #3 type] 
Type domain.Event is not enhanced.

[2021-04-17 21:43:06 #4 type] 
Type domain.Question is not enhanced.

[2021-04-17 21:43:06 #5 type] 
Type domain.Option is not enhanced.

[2021-04-17 21:43:06 #6 type] 
Type domain.User is not enhanced.

[2021-04-17 21:43:06 #7 type] 
Type domain.Bet is not enhanced.

------------------------------------------------------------------------------------------------------------------------

[2021-04-17 21:43:45 #1 store] 
Database 'C:\Users\Usuario\git\Bets_repo\BetAndRuin 21\bets.temp' is opened by 4852@DESKTOP-GUIG4CC

[2021-04-17 21:43:45 #2 store] 
Configuration path: ?

[2021-04-17 21:43:45 #3 type] 
Type domain.Event is not enhanced.

[2021-04-17 21:43:45 #4 type] 
Type domain.Question is not enhanced.

[2021-04-17 21:43:45 #5 type] 
Type domain.Option is not enhanced.

[2021-04-17 21:43:45 #6 type] 
Type domain.User is not enhanced.

[2021-04-17 21:43:45 #7 type] 
Type domain.Bet is not enhanced.

------------------------------------------------------------------------------------------------------------------------

[2021-04-17 21:44:30 #1 store] 
Database 'C:\Users\Usuario\git\Bets_repo\BetAndRuin 21\bets.temp' is opened by 5552@DESKTOP-GUIG4CC

[2021-04-17 21:44:30 #2 store] 
Configuration path: ?

[2021-04-17 21:44:30 #3 type] 
Type domain.Event is not enhanced.

[2021-04-17 21:44:30 #4 type] 
Type domain.Question is not enhanced.

[2021-04-17 21:44:30 #5 type] 
Type domain.Option is not enhanced.

[2021-04-17 21:44:30 #6 type] 
Type domain.User is not enhanced.

[2021-04-17 21:44:30 #7 type] 
Type domain.Bet is not enhanced.

------------------------------------------------------------------------------------------------------------------------

[2021-04-17 21:46:12 #1 store] 
Database 'C:\Users\Usuario\git\Bets_repo\BetAndRuin 21\bets.temp' is opened by 1212@DESKTOP-GUIG4CC

[2021-04-17 21:46:12 #2 store] 
Configuration path: ?

[2021-04-17 21:46:12 #3 type] 
Type domain.Event is not enhanced.

[2021-04-17 21:46:12 #4 type] 
Type domain.Question is not enhanced.

[2021-04-17 21:46:12 #5 type] 
Type domain.Option is not enhanced.

[2021-04-17 21:46:12 #6 type] 
Type domain.User is not enhanced.

[2021-04-17 21:46:12 #7 type] 
Type domain.Bet is not enhanced.

------------------------------------------------------------------------------------------------------------------------

[2021-04-17 21:47:16 #1 store] 
Database 'C:\Users\Usuario\git\Bets_repo\BetAndRuin 21\bets.temp' is opened by 12832@DESKTOP-GUIG4CC

[2021-04-17 21:47:16 #2 store] 
Configuration path: ?

[2021-04-17 21:47:16 #3 type] 
Type domain.Event is not enhanced.

[2021-04-17 21:47:16 #4 type] 
Type domain.Question is not enhanced.

[2021-04-17 21:47:16 #5 type] 
Type domain.Option is not enhanced.

[2021-04-17 21:47:16 #6 type] 
Type domain.User is not enhanced.

[2021-04-17 21:47:16 #7 type] 
Type domain.Bet is not enhanced.

------------------------------------------------------------------------------------------------------------------------

[2021-04-17 21:47:48 #1 store] 
Database 'C:\Users\Usuario\git\Bets_repo\BetAndRuin 21\bets.temp' is opened by 15880@DESKTOP-GUIG4CC

[2021-04-17 21:47:48 #2 store] 
Configuration path: ?

[2021-04-17 21:47:48 #3 type] 
Type domain.Event is not enhanced.

[2021-04-17 21:47:48 #4 type] 
Type domain.Question is not enhanced.

[2021-04-17 21:47:48 #5 type] 
Type domain.Option is not enhanced.

[2021-04-17 21:47:48 #6 type] 
Type domain.User is not enhanced.

[2021-04-17 21:47:48 #7 type] 
Type domain.Bet is not enhanced.

------------------------------------------------------------------------------------------------------------------------

[2021-04-17 21:57:06 #1 store] 
Database 'C:\Users\Usuario\git\Bets_repo\BetAndRuin 21\bets.temp' is opened by 6532@DESKTOP-GUIG4CC

[2021-04-17 21:57:06 #2 store] 
Configuration path: ?

[2021-04-17 21:57:06 #3 type] 
Type domain.Event is not enhanced.

[2021-04-17 21:57:06 #4 type] 
Type domain.Question is not enhanced.

[2021-04-17 21:57:06 #5 type] 
Type domain.Option is not enhanced.

[2021-04-17 21:57:06 #6 type] 
Type domain.User is not enhanced.

[2021-04-17 21:57:06 #7 type] 
Type domain.Bet is not enhanced.

------------------------------------------------------------------------------------------------------------------------

[2021-04-17 21:59:21 #1 store] 
Database 'C:\Users\Usuario\git\Bets_repo\BetAndRuin 21\bets.temp' is opened by 12900@DESKTOP-GUIG4CC

[2021-04-17 21:59:21 #2 store] 
Configuration path: ?

[2021-04-17 21:59:21 #3 type] 
Type domain.Event is not enhanced.

[2021-04-17 21:59:21 #4 type] 
Type domain.Question is not enhanced.

[2021-04-17 21:59:21 #5 type] 
Type domain.Option is not enhanced.

[2021-04-17 21:59:21 #6 type] 
Type domain.User is not enhanced.

[2021-04-17 21:59:21 #7 type] 
Type domain.Bet is not enhanced.

------------------------------------------------------------------------------------------------------------------------

[2021-04-17 22:13:06 #1 store] 
Database 'C:\Users\Usuario\git\Bets_repo\BetAndRuin 21\bets.temp' is opened by 17304@DESKTOP-GUIG4CC

[2021-04-17 22:13:06 #2 store] 
Configuration path: ?

[2021-04-17 22:13:06 #3 type] 
Type domain.Event is not enhanced.

[2021-04-17 22:13:06 #4 type] 
Type domain.Question is not enhanced.

[2021-04-17 22:13:06 #5 type] 
Type domain.Option is not enhanced.

[2021-04-17 22:13:06 #6 type] 
Type domain.User is not enhanced.

[2021-04-17 22:13:06 #7 type] 
Type domain.Bet is not enhanced.

