------------------------------------------------------------------------------------------------------------------------

[2021-02-28 12:23:45 #1 store] 
Database 'C:\Users\Iñaki Moreno\git\Bets_repo\BetAndRuin 21\bets.temp' is opened by 7152@DESKTOP-UN6F2EK

[2021-02-28 12:23:45 #2 store] 
Configuration path: ?

[2021-02-28 12:23:45 #3 type] 
Type domain.Question is not enhanced.

[2021-02-28 12:23:45 #4 type] 
Type domain.Event is not enhanced.

------------------------------------------------------------------------------------------------------------------------

[2021-02-28 12:35:10 #1 store] 
Database 'C:\Users\Iñaki Moreno\git\Bets_repo\BetAndRuin 21\bets.temp' is opened by 6180@DESKTOP-UN6F2EK

[2021-02-28 12:35:10 #2 store] 
Configuration path: ?

[2021-02-28 12:35:10 #3 type] 
Type domain.Question is not enhanced.

[2021-02-28 12:35:10 #4 type] 
Type domain.Event is not enhanced.

------------------------------------------------------------------------------------------------------------------------

[2021-02-28 12:35:18 #1 store] 
Database 'C:\Users\Iñaki Moreno\git\Bets_repo\BetAndRuin 21\bets.temp' is opened by 12648@DESKTOP-UN6F2EK

[2021-02-28 12:35:18 #2 store] 
Configuration path: ?

[2021-02-28 12:35:18 #3 type] 
Type domain.Question is not enhanced.

[2021-02-28 12:35:18 #4 type] 
Type domain.Event is not enhanced.

------------------------------------------------------------------------------------------------------------------------

[2021-02-28 12:48:35 #1 store] 
Database 'C:\Users\Iñaki Moreno\git\Bets_repo\BetAndRuin 21\bets.temp' is opened by 3848@DESKTOP-UN6F2EK

[2021-02-28 12:48:35 #2 store] 
Configuration path: ?

[2021-02-28 12:48:35 #3 type] 
Type domain.Question is not enhanced.

[2021-02-28 12:48:35 #4 type] 
Type domain.Event is not enhanced.

------------------------------------------------------------------------------------------------------------------------

[2021-02-28 12:49:02 #1 store] 
Database 'C:\Users\Iñaki Moreno\git\Bets_repo\BetAndRuin 21\bets.temp' is opened by 1704@DESKTOP-UN6F2EK

[2021-02-28 12:49:02 #2 store] 
Configuration path: ?

[2021-02-28 12:49:02 #3 type] 
Type domain.Question is not enhanced.

[2021-02-28 12:49:02 #4 type] 
Type domain.Event is not enhanced.

------------------------------------------------------------------------------------------------------------------------

[2021-02-28 12:52:38 #1 store] 
Database 'C:\Users\Iñaki Moreno\git\Bets_repo\BetAndRuin 21\bets.temp' is opened by 17512@DESKTOP-UN6F2EK

[2021-02-28 12:52:38 #2 store] 
Configuration path: ?

[2021-02-28 12:52:38 #3 type] 
Type domain.Question is not enhanced.

[2021-02-28 12:52:38 #4 type] 
Type domain.Event is not enhanced.

------------------------------------------------------------------------------------------------------------------------

[2021-02-28 12:59:25 #1 store] 
Database 'C:\Users\Iñaki Moreno\git\Bets_repo\BetAndRuin 21\bets.temp' is opened by 3532@DESKTOP-UN6F2EK

[2021-02-28 12:59:25 #2 store] 
Configuration path: ?

[2021-02-28 12:59:25 #3 type] 
Type domain.Question is not enhanced.

[2021-02-28 12:59:25 #4 type] 
Type domain.Event is not enhanced.

------------------------------------------------------------------------------------------------------------------------

[2021-02-28 13:04:01 #1 store] 
Database 'C:\Users\Iñaki Moreno\git\Bets_repo\BetAndRuin 21\bets.temp' is opened by 14776@DESKTOP-UN6F2EK

[2021-02-28 13:04:01 #2 store] 
Configuration path: ?

[2021-02-28 13:04:01 #3 type] 
Type domain.Question is not enhanced.

[2021-02-28 13:04:01 #4 type] 
Type domain.Event is not enhanced.

------------------------------------------------------------------------------------------------------------------------

[2021-02-28 13:11:15 #1 store] 
Database 'C:\Users\Iñaki Moreno\git\Bets_repo\BetAndRuin 21\bets.temp' is opened by 9528@DESKTOP-UN6F2EK

[2021-02-28 13:11:15 #2 store] 
Configuration path: ?

[2021-02-28 13:11:15 #3 type] 
Type domain.Question is not enhanced.

[2021-02-28 13:11:15 #4 type] 
Type domain.Event is not enhanced.

------------------------------------------------------------------------------------------------------------------------

[2021-02-28 13:11:45 #1 store] 
Database 'C:\Users\Iñaki Moreno\git\Bets_repo\BetAndRuin 21\bets.temp' is opened by 15076@DESKTOP-UN6F2EK

[2021-02-28 13:11:45 #2 store] 
Configuration path: ?

[2021-02-28 13:11:45 #3 type] 
Type domain.Question is not enhanced.

[2021-02-28 13:11:45 #4 type] 
Type domain.Event is not enhanced.

------------------------------------------------------------------------------------------------------------------------

[2021-02-28 13:20:12 #1 store] 
Database 'C:\Users\Iñaki Moreno\git\Bets_repo\BetAndRuin 21\bets.temp' is opened by 8140@DESKTOP-UN6F2EK

[2021-02-28 13:20:12 #2 store] 
Configuration path: ?

[2021-02-28 13:20:12 #3 type] 
Type domain.Question is not enhanced.

[2021-02-28 13:20:12 #4 type] 
Type domain.Event is not enhanced.

------------------------------------------------------------------------------------------------------------------------

[2021-02-28 13:34:28 #1 store] 
Database 'C:\Users\Iñaki Moreno\git\Bets_repo\BetAndRuin 21\bets.temp' is opened by 6584@DESKTOP-UN6F2EK

[2021-02-28 13:34:28 #2 store] 
Configuration path: ?

[2021-02-28 13:34:28 #3 type] 
Type domain.Question is not enhanced.

[2021-02-28 13:34:28 #4 type] 
Type domain.Event is not enhanced.

------------------------------------------------------------------------------------------------------------------------

[2021-02-28 13:43:47 #1 store] 
Database 'C:\Users\Iñaki Moreno\git\Bets_repo\BetAndRuin 21\bets.temp' is opened by 7268@DESKTOP-UN6F2EK

[2021-02-28 13:43:47 #2 store] 
Configuration path: ?

[2021-02-28 13:43:47 #3 type] 
Type domain.Question is not enhanced.

[2021-02-28 13:43:47 #4 type] 
Type domain.Event is not enhanced.

------------------------------------------------------------------------------------------------------------------------

[2021-02-28 13:50:15 #1 store] 
Database 'C:\Users\Iñaki Moreno\git\Bets_repo\BetAndRuin 21\bets.temp' is opened by 15820@DESKTOP-UN6F2EK

[2021-02-28 13:50:15 #2 store] 
Configuration path: ?

[2021-02-28 13:50:15 #3 type] 
Type domain.Question is not enhanced.

[2021-02-28 13:50:15 #4 type] 
Type domain.Event is not enhanced.

------------------------------------------------------------------------------------------------------------------------

[2021-02-28 16:37:16 #1 store] 
Database 'C:\Users\Iñaki Moreno\git\Bets_repo\BetAndRuin 21\bets.temp' is opened by 10924@DESKTOP-UN6F2EK

[2021-02-28 16:37:16 #2 store] 
Configuration path: ?

[2021-02-28 16:37:16 #3 type] 
Type domain.Question is not enhanced.

[2021-02-28 16:37:16 #4 type] 
Type domain.Event is not enhanced.

------------------------------------------------------------------------------------------------------------------------

[2021-02-28 16:42:35 #1 store] 
Database 'C:\Users\Iñaki Moreno\git\Bets_repo\BetAndRuin 21\bets.temp' is opened by 19640@DESKTOP-UN6F2EK

[2021-02-28 16:42:35 #2 store] 
Configuration path: ?

[2021-02-28 16:42:35 #3 type] 
Type domain.Question is not enhanced.

[2021-02-28 16:42:35 #4 type] 
Type domain.Event is not enhanced.

------------------------------------------------------------------------------------------------------------------------

[2021-02-28 16:42:53 #1 store] 
Database 'C:\Users\Iñaki Moreno\git\Bets_repo\BetAndRuin 21\bets.temp' is opened by 9228@DESKTOP-UN6F2EK

[2021-02-28 16:42:53 #2 store] 
Configuration path: ?

[2021-02-28 16:42:53 #3 type] 
Type domain.Question is not enhanced.

[2021-02-28 16:42:53 #4 type] 
Type domain.Event is not enhanced.

------------------------------------------------------------------------------------------------------------------------

[2021-02-28 16:50:52 #1 store] 
Database 'C:\Users\Iñaki Moreno\git\Bets_repo\BetAndRuin 21\bets.temp' is opened by 6000@DESKTOP-UN6F2EK

[2021-02-28 16:50:52 #2 store] 
Configuration path: ?

[2021-02-28 16:50:52 #3 type] 
Type domain.Question is not enhanced.

[2021-02-28 16:50:52 #4 type] 
Type domain.Event is not enhanced.

------------------------------------------------------------------------------------------------------------------------

[2021-02-28 16:50:55 #1 store] 
Database 'C:\Users\Iñaki Moreno\git\Bets_repo\BetAndRuin 21\bets.temp' is opened by 2196@DESKTOP-UN6F2EK

[2021-02-28 16:50:55 #2 store] 
Configuration path: ?

[2021-02-28 16:50:55 #3 type] 
Type domain.Question is not enhanced.

[2021-02-28 16:50:55 #4 type] 
Type domain.Event is not enhanced.

------------------------------------------------------------------------------------------------------------------------

[2021-02-28 17:09:00 #1 store] 
Database 'C:\Users\Iñaki Moreno\git\Bets_repo\BetAndRuin 21\bets.temp' is opened by 3368@DESKTOP-UN6F2EK

[2021-02-28 17:09:00 #2 store] 
Configuration path: ?

[2021-02-28 17:09:00 #3 type] 
Type domain.Question is not enhanced.

[2021-02-28 17:09:00 #4 type] 
Type domain.Event is not enhanced.

------------------------------------------------------------------------------------------------------------------------

[2021-02-28 17:09:17 #1 store] 
Database 'C:\Users\Iñaki Moreno\git\Bets_repo\BetAndRuin 21\bets.temp' is opened by 20644@DESKTOP-UN6F2EK

[2021-02-28 17:09:17 #2 store] 
Configuration path: ?

[2021-02-28 17:09:17 #3 type] 
Type domain.Question is not enhanced.

[2021-02-28 17:09:17 #4 type] 
Type domain.Event is not enhanced.

------------------------------------------------------------------------------------------------------------------------

[2021-02-28 17:10:48 #1 store] 
Database 'C:\Users\Iñaki Moreno\git\Bets_repo\BetAndRuin 21\bets.temp' is opened by 4524@DESKTOP-UN6F2EK

[2021-02-28 17:10:48 #2 store] 
Configuration path: ?

[2021-02-28 17:10:48 #3 type] 
Type domain.Question is not enhanced.

[2021-02-28 17:10:48 #4 type] 
Type domain.Event is not enhanced.

------------------------------------------------------------------------------------------------------------------------

[2021-02-28 17:12:02 #1 store] 
Database 'C:\Users\Iñaki Moreno\git\Bets_repo\BetAndRuin 21\bets.temp' is opened by 12856@DESKTOP-UN6F2EK

[2021-02-28 17:12:02 #2 store] 
Configuration path: ?

[2021-02-28 17:12:02 #3 type] 
Type domain.Question is not enhanced.

[2021-02-28 17:12:02 #4 type] 
Type domain.Event is not enhanced.

------------------------------------------------------------------------------------------------------------------------

[2021-02-28 17:15:00 #1 store] 
Database 'C:\Users\Iñaki Moreno\git\Bets_repo\BetAndRuin 21\bets.temp' is opened by 20068@DESKTOP-UN6F2EK

[2021-02-28 17:15:00 #2 store] 
Configuration path: ?

[2021-02-28 17:15:00 #3 type] 
Type domain.Question is not enhanced.

[2021-02-28 17:15:00 #4 type] 
Type domain.Event is not enhanced.

------------------------------------------------------------------------------------------------------------------------

[2021-02-28 17:15:43 #1 store] 
Database 'C:\Users\Iñaki Moreno\git\Bets_repo\BetAndRuin 21\bets.temp' is opened by 10068@DESKTOP-UN6F2EK

[2021-02-28 17:15:43 #2 store] 
Configuration path: ?

[2021-02-28 17:15:43 #3 type] 
Type domain.Question is not enhanced.

[2021-02-28 17:15:43 #4 type] 
Type domain.Event is not enhanced.

------------------------------------------------------------------------------------------------------------------------

[2021-02-28 17:37:13 #1 store] 
Database 'C:\Users\Iñaki Moreno\git\Bets_repo\BetAndRuin 21\bets.temp' is opened by 21244@DESKTOP-UN6F2EK

[2021-02-28 17:37:13 #2 store] 
Configuration path: ?

[2021-02-28 17:37:13 #3 type] 
Type domain.Question is not enhanced.

[2021-02-28 17:37:13 #4 type] 
Type domain.Event is not enhanced.

------------------------------------------------------------------------------------------------------------------------

[2021-02-28 17:43:54 #1 store] 
Database 'C:\Users\Iñaki Moreno\git\Bets_repo\BetAndRuin 21\bets.temp' is opened by 2704@DESKTOP-UN6F2EK

[2021-02-28 17:43:54 #2 store] 
Configuration path: ?

[2021-02-28 17:43:54 #3 type] 
Type domain.Question is not enhanced.

[2021-02-28 17:43:54 #4 type] 
Type domain.Event is not enhanced.

------------------------------------------------------------------------------------------------------------------------

[2021-02-28 18:07:03 #1 store] 
Database 'C:\Users\Iñaki Moreno\git\Bets_repo\BetAndRuin 21\bets.temp' is opened by 14480@DESKTOP-UN6F2EK

[2021-02-28 18:07:03 #2 store] 
Configuration path: ?

[2021-02-28 18:07:03 #3 type] 
Type domain.Question is not enhanced.

[2021-02-28 18:07:03 #4 type] 
Type domain.Event is not enhanced.

------------------------------------------------------------------------------------------------------------------------

[2021-02-28 18:12:49 #1 store] 
Database 'C:\Users\Iñaki Moreno\git\Bets_repo\BetAndRuin 21\bets.temp' has been recovered (tr. 8-8)

[2021-02-28 18:12:49 #2 store] 
Database 'C:\Users\Iñaki Moreno\git\Bets_repo\BetAndRuin 21\bets.temp' is opened by 15480@DESKTOP-UN6F2EK

[2021-02-28 18:12:49 #3 store] 
Configuration path: ?

[2021-02-28 18:12:49 #4 type] 
Type domain.Question is not enhanced.

[2021-02-28 18:12:49 #5 type] 
Type domain.Event is not enhanced.

------------------------------------------------------------------------------------------------------------------------

[2021-02-28 18:17:03 #1 store] 
Database 'C:\Users\Iñaki Moreno\git\Bets_repo\BetAndRuin 21\bets.temp' is opened by 20900@DESKTOP-UN6F2EK

[2021-02-28 18:17:03 #2 store] 
Configuration path: ?

[2021-02-28 18:17:03 #3 type] 
Type domain.Question is not enhanced.

[2021-02-28 18:17:03 #4 type] 
Type domain.Event is not enhanced.

------------------------------------------------------------------------------------------------------------------------

[2021-02-28 18:24:33 #1 store] 
Database 'C:\Users\Iñaki Moreno\git\Bets_repo\BetAndRuin 21\bets.temp' is opened by 21176@DESKTOP-UN6F2EK

[2021-02-28 18:24:33 #2 store] 
Configuration path: ?

[2021-02-28 18:24:33 #3 type] 
Type domain.Question is not enhanced.

[2021-02-28 18:24:33 #4 type] 
Type domain.Event is not enhanced.

------------------------------------------------------------------------------------------------------------------------

[2021-02-28 18:26:52 #1 store] 
Database 'C:\Users\Iñaki Moreno\git\Bets_repo\BetAndRuin 21\bets.temp' is opened by 4760@DESKTOP-UN6F2EK

[2021-02-28 18:26:52 #2 store] 
Configuration path: ?

[2021-02-28 18:26:52 #3 type] 
Type domain.Question is not enhanced.

[2021-02-28 18:26:52 #4 type] 
Type domain.Event is not enhanced.

------------------------------------------------------------------------------------------------------------------------

[2021-02-28 18:29:01 #1 store] 
Database 'C:\Users\Iñaki Moreno\git\Bets_repo\BetAndRuin 21\bets.temp' is opened by 14508@DESKTOP-UN6F2EK

[2021-02-28 18:29:01 #2 store] 
Configuration path: ?

[2021-02-28 18:29:01 #3 type] 
Type domain.Question is not enhanced.

[2021-02-28 18:29:01 #4 type] 
Type domain.Event is not enhanced.

------------------------------------------------------------------------------------------------------------------------

[2021-02-28 18:29:54 #1 store] 
Database 'C:\Users\Iñaki Moreno\git\Bets_repo\BetAndRuin 21\bets.temp' is opened by 21076@DESKTOP-UN6F2EK

[2021-02-28 18:29:54 #2 store] 
Configuration path: ?

[2021-02-28 18:29:54 #3 type] 
Type domain.Question is not enhanced.

[2021-02-28 18:29:54 #4 type] 
Type domain.Event is not enhanced.

------------------------------------------------------------------------------------------------------------------------

[2021-02-28 18:30:49 #1 store] 
Database 'C:\Users\Iñaki Moreno\git\Bets_repo\BetAndRuin 21\bets.temp' is opened by 21660@DESKTOP-UN6F2EK

[2021-02-28 18:30:49 #2 store] 
Configuration path: ?

[2021-02-28 18:30:49 #3 type] 
Type domain.Question is not enhanced.

[2021-02-28 18:30:49 #4 type] 
Type domain.Event is not enhanced.

------------------------------------------------------------------------------------------------------------------------

[2021-02-28 18:33:07 #1 store] 
Database 'C:\Users\Iñaki Moreno\git\Bets_repo\BetAndRuin 21\bets.temp' is opened by 21940@DESKTOP-UN6F2EK

[2021-02-28 18:33:07 #2 store] 
Configuration path: ?

[2021-02-28 18:33:07 #3 type] 
Type domain.Question is not enhanced.

[2021-02-28 18:33:07 #4 type] 
Type domain.Event is not enhanced.

------------------------------------------------------------------------------------------------------------------------

[2021-02-28 18:34:40 #1 store] 
Database 'C:\Users\Iñaki Moreno\git\Bets_repo\BetAndRuin 21\bets.temp' is opened by 14504@DESKTOP-UN6F2EK

[2021-02-28 18:34:40 #2 store] 
Configuration path: ?

[2021-02-28 18:34:40 #3 type] 
Type domain.Question is not enhanced.

[2021-02-28 18:34:40 #4 type] 
Type domain.Event is not enhanced.

------------------------------------------------------------------------------------------------------------------------

[2021-02-28 18:35:59 #1 store] 
Database 'C:\Users\Iñaki Moreno\git\Bets_repo\BetAndRuin 21\bets.temp' is opened by 19928@DESKTOP-UN6F2EK

[2021-02-28 18:35:59 #2 store] 
Configuration path: ?

[2021-02-28 18:35:59 #3 type] 
Type domain.Question is not enhanced.

[2021-02-28 18:35:59 #4 type] 
Type domain.Event is not enhanced.

------------------------------------------------------------------------------------------------------------------------

[2021-02-28 18:37:18 #1 store] 
Database 'C:\Users\Iñaki Moreno\git\Bets_repo\BetAndRuin 21\bets.temp' is opened by 21828@DESKTOP-UN6F2EK

[2021-02-28 18:37:18 #2 store] 
Configuration path: ?

[2021-02-28 18:37:18 #3 type] 
Type domain.Event is not enhanced.

[2021-02-28 18:37:18 #4 type] 
Type domain.Question is not enhanced.

------------------------------------------------------------------------------------------------------------------------

[2021-02-28 18:41:49 #1 store] 
Database 'C:\Users\Iñaki Moreno\git\Bets_repo\BetAndRuin 21\bets.temp' is opened by 20672@DESKTOP-UN6F2EK

[2021-02-28 18:41:49 #2 store] 
Configuration path: ?

[2021-02-28 18:41:49 #3 type] 
Type domain.Event is not enhanced.

[2021-02-28 18:41:49 #4 type] 
Type domain.Question is not enhanced.

------------------------------------------------------------------------------------------------------------------------

[2021-02-28 18:49:58 #1 store] 
Database 'C:\Users\Iñaki Moreno\git\Bets_repo\BetAndRuin 21\bets.temp' is opened by 8464@DESKTOP-UN6F2EK

[2021-02-28 18:49:58 #2 store] 
Configuration path: ?

[2021-02-28 18:49:59 #3 type] 
Type domain.Event is not enhanced.

[2021-02-28 18:49:59 #4 type] 
Type domain.Question is not enhanced.

------------------------------------------------------------------------------------------------------------------------

[2021-02-28 18:52:37 #1 store] 
Database 'C:\Users\Iñaki Moreno\git\Bets_repo\BetAndRuin 21\bets.temp' is opened by 12324@DESKTOP-UN6F2EK

[2021-02-28 18:52:37 #2 store] 
Configuration path: ?

[2021-02-28 18:52:37 #3 type] 
Type domain.Event is not enhanced.

[2021-02-28 18:52:37 #4 type] 
Type domain.Question is not enhanced.

------------------------------------------------------------------------------------------------------------------------

[2021-02-28 18:55:27 #1 store] 
Database 'C:\Users\Iñaki Moreno\git\Bets_repo\BetAndRuin 21\bets.temp' is opened by 21220@DESKTOP-UN6F2EK

[2021-02-28 18:55:27 #2 store] 
Configuration path: ?

[2021-02-28 18:55:27 #3 type] 
Type domain.Event is not enhanced.

[2021-02-28 18:55:27 #4 type] 
Type domain.Question is not enhanced.

------------------------------------------------------------------------------------------------------------------------

[2021-02-28 19:00:35 #1 store] 
Database 'C:\Users\Iñaki Moreno\git\Bets_repo\BetAndRuin 21\bets.temp' is opened by 23164@DESKTOP-UN6F2EK

[2021-02-28 19:00:35 #2 store] 
Configuration path: ?

[2021-02-28 19:00:35 #3 type] 
Type domain.Event is not enhanced.

[2021-02-28 19:00:35 #4 type] 
Type domain.Question is not enhanced.

------------------------------------------------------------------------------------------------------------------------

[2021-02-28 19:02:06 #1 store] 
Database 'C:\Users\Iñaki Moreno\git\Bets_repo\BetAndRuin 21\bets.temp' is opened by 20004@DESKTOP-UN6F2EK

[2021-02-28 19:02:06 #2 store] 
Configuration path: ?

[2021-02-28 19:02:06 #3 type] 
Type domain.Event is not enhanced.

[2021-02-28 19:02:06 #4 type] 
Type domain.Question is not enhanced.

------------------------------------------------------------------------------------------------------------------------

[2021-02-28 19:03:09 #1 store] 
Database 'C:\Users\Iñaki Moreno\git\Bets_repo\BetAndRuin 21\bets.temp' is opened by 19640@DESKTOP-UN6F2EK

[2021-02-28 19:03:09 #2 store] 
Configuration path: ?

[2021-02-28 19:03:09 #3 type] 
Type domain.Event is not enhanced.

[2021-02-28 19:03:09 #4 type] 
Type domain.Question is not enhanced.

------------------------------------------------------------------------------------------------------------------------

[2021-02-28 19:23:37 #1 store] 
Database 'C:\Users\Iñaki Moreno\git\Bets_repo\BetAndRuin 21\bets.temp' is opened by 22248@DESKTOP-UN6F2EK

[2021-02-28 19:23:37 #2 store] 
Configuration path: ?

[2021-02-28 19:23:37 #3 type] 
Type domain.Event is not enhanced.

[2021-02-28 19:23:37 #4 type] 
Type domain.Question is not enhanced.

------------------------------------------------------------------------------------------------------------------------

[2021-02-28 19:26:22 #1 store] 
Database 'C:\Users\Iñaki Moreno\git\Bets_repo\BetAndRuin 21\bets.temp' is opened by 22780@DESKTOP-UN6F2EK

[2021-02-28 19:26:22 #2 store] 
Configuration path: ?

[2021-02-28 19:26:22 #3 type] 
Type domain.Event is not enhanced.

[2021-02-28 19:26:22 #4 type] 
Type domain.Question is not enhanced.

------------------------------------------------------------------------------------------------------------------------

[2021-02-28 19:29:26 #1 store] 
Database 'C:\Users\Iñaki Moreno\git\Bets_repo\BetAndRuin 21\bets.temp' is opened by 22796@DESKTOP-UN6F2EK

[2021-02-28 19:29:26 #2 store] 
Configuration path: ?

[2021-02-28 19:29:26 #3 type] 
Type domain.Event is not enhanced.

[2021-02-28 19:29:26 #4 type] 
Type domain.Question is not enhanced.

------------------------------------------------------------------------------------------------------------------------

[2021-02-28 19:30:07 #1 store] 
Database 'C:\Users\Iñaki Moreno\git\Bets_repo\BetAndRuin 21\bets.temp' is opened by 24136@DESKTOP-UN6F2EK

[2021-02-28 19:30:07 #2 store] 
Configuration path: ?

[2021-02-28 19:30:07 #3 type] 
Type domain.Event is not enhanced.

[2021-02-28 19:30:07 #4 type] 
Type domain.Question is not enhanced.

------------------------------------------------------------------------------------------------------------------------

[2021-02-28 19:31:34 #1 store] 
Database 'C:\Users\Iñaki Moreno\git\Bets_repo\BetAndRuin 21\bets.temp' is opened by 20888@DESKTOP-UN6F2EK

[2021-02-28 19:31:34 #2 store] 
Configuration path: ?

[2021-02-28 19:31:35 #3 type] 
Type domain.Event is not enhanced.

[2021-02-28 19:31:35 #4 type] 
Type domain.Question is not enhanced.

------------------------------------------------------------------------------------------------------------------------

[2021-02-28 19:38:39 #1 store] 
Database 'C:\Users\Iñaki Moreno\git\Bets_repo\BetAndRuin 21\bets.temp' is opened by 25040@DESKTOP-UN6F2EK

[2021-02-28 19:38:39 #2 store] 
Configuration path: ?

[2021-02-28 19:38:39 #3 type] 
Type domain.Event is not enhanced.

[2021-02-28 19:38:39 #4 type] 
Type domain.Question is not enhanced.

------------------------------------------------------------------------------------------------------------------------

[2021-02-28 19:43:12 #1 store] 
Database 'C:\Users\Iñaki Moreno\git\Bets_repo\BetAndRuin 21\bets.temp' is opened by 25020@DESKTOP-UN6F2EK

[2021-02-28 19:43:12 #2 store] 
Configuration path: ?

[2021-02-28 19:43:12 #3 type] 
Type domain.Event is not enhanced.

[2021-02-28 19:43:12 #4 type] 
Type domain.Question is not enhanced.

------------------------------------------------------------------------------------------------------------------------

[2021-02-28 19:50:15 #1 store] 
Database 'C:\Users\Iñaki Moreno\git\Bets_repo\BetAndRuin 21\bets.temp' is opened by 21664@DESKTOP-UN6F2EK

[2021-02-28 19:50:15 #2 store] 
Configuration path: ?

[2021-02-28 19:50:15 #3 type] 
Type domain.Event is not enhanced.

[2021-02-28 19:50:15 #4 type] 
Type domain.Question is not enhanced.

------------------------------------------------------------------------------------------------------------------------

[2021-02-28 19:59:34 #1 store] 
Database 'C:\Users\Iñaki Moreno\git\Bets_repo\BetAndRuin 21\bets.temp' is opened by 25548@DESKTOP-UN6F2EK

[2021-02-28 19:59:34 #2 store] 
Configuration path: ?

[2021-02-28 19:59:34 #3 type] 
Type domain.Event is not enhanced.

[2021-02-28 19:59:34 #4 type] 
Type domain.Question is not enhanced.

------------------------------------------------------------------------------------------------------------------------

[2021-02-28 20:05:01 #1 store] 
Database 'C:\Users\Iñaki Moreno\git\Bets_repo\BetAndRuin 21\bets.temp' is opened by 22524@DESKTOP-UN6F2EK

[2021-02-28 20:05:01 #2 store] 
Configuration path: ?

[2021-02-28 20:05:01 #3 type] 
Type domain.Event is not enhanced.

[2021-02-28 20:05:01 #4 type] 
Type domain.Question is not enhanced.

------------------------------------------------------------------------------------------------------------------------

[2021-02-28 20:07:32 #1 store] 
Database 'C:\Users\Iñaki Moreno\git\Bets_repo\BetAndRuin 21\bets.temp' is opened by 25544@DESKTOP-UN6F2EK

[2021-02-28 20:07:32 #2 store] 
Configuration path: ?

[2021-02-28 20:07:32 #3 type] 
Type domain.Event is not enhanced.

[2021-02-28 20:07:32 #4 type] 
Type domain.Question is not enhanced.

------------------------------------------------------------------------------------------------------------------------

[2021-02-28 20:10:27 #1 store] 
Database 'C:\Users\Iñaki Moreno\git\Bets_repo\BetAndRuin 21\bets.temp' is opened by 13080@DESKTOP-UN6F2EK

[2021-02-28 20:10:27 #2 store] 
Configuration path: ?

[2021-02-28 20:10:27 #3 type] 
Type domain.Event is not enhanced.

[2021-02-28 20:10:27 #4 type] 
Type domain.Question is not enhanced.

------------------------------------------------------------------------------------------------------------------------

[2021-02-28 20:12:22 #1 store] 
Database 'C:\Users\Iñaki Moreno\git\Bets_repo\BetAndRuin 21\bets.temp' is opened by 25180@DESKTOP-UN6F2EK

[2021-02-28 20:12:22 #2 store] 
Configuration path: ?

[2021-02-28 20:12:22 #3 type] 
Type domain.Event is not enhanced.

[2021-02-28 20:12:22 #4 type] 
Type domain.Question is not enhanced.

------------------------------------------------------------------------------------------------------------------------

[2021-02-28 20:13:35 #1 store] 
Database 'C:\Users\Iñaki Moreno\git\Bets_repo\BetAndRuin 21\bets.temp' is opened by 23056@DESKTOP-UN6F2EK

[2021-02-28 20:13:35 #2 store] 
Configuration path: ?

[2021-02-28 20:13:35 #3 type] 
Type domain.Event is not enhanced.

[2021-02-28 20:13:35 #4 type] 
Type domain.Question is not enhanced.

------------------------------------------------------------------------------------------------------------------------

[2021-02-28 20:18:09 #1 store] 
Database 'C:\Users\Iñaki Moreno\git\Bets_repo\BetAndRuin 21\bets.temp' is opened by 24656@DESKTOP-UN6F2EK

[2021-02-28 20:18:09 #2 store] 
Configuration path: ?

[2021-02-28 20:18:09 #3 type] 
Type domain.Event is not enhanced.

[2021-02-28 20:18:09 #4 type] 
Type domain.Question is not enhanced.

------------------------------------------------------------------------------------------------------------------------

[2021-02-28 20:19:59 #1 store] 
Database 'C:\Users\Iñaki Moreno\git\Bets_repo\BetAndRuin 21\bets.temp' is opened by 19952@DESKTOP-UN6F2EK

[2021-02-28 20:19:59 #2 store] 
Configuration path: ?

[2021-02-28 20:19:59 #3 type] 
Type domain.Event is not enhanced.

[2021-02-28 20:19:59 #4 type] 
Type domain.Question is not enhanced.

------------------------------------------------------------------------------------------------------------------------

[2021-02-28 20:35:54 #1 store] 
Database 'C:\Users\Iñaki Moreno\git\Bets_repo\BetAndRuin 21\bets.temp' is opened by 24940@DESKTOP-UN6F2EK

[2021-02-28 20:35:54 #2 store] 
Configuration path: ?

[2021-02-28 20:35:55 #3 type] 
Type domain.Event is not enhanced.

[2021-02-28 20:35:55 #4 type] 
Type domain.Question is not enhanced.

------------------------------------------------------------------------------------------------------------------------

[2021-02-28 20:39:15 #1 store] 
Database 'C:\Users\Iñaki Moreno\git\Bets_repo\BetAndRuin 21\bets.temp' is opened by 7788@DESKTOP-UN6F2EK

[2021-02-28 20:39:15 #2 store] 
Configuration path: ?

[2021-02-28 20:39:16 #3 type] 
Type domain.Event is not enhanced.

[2021-02-28 20:39:16 #4 type] 
Type domain.Question is not enhanced.

------------------------------------------------------------------------------------------------------------------------

[2021-02-28 20:40:00 #1 store] 
Database 'C:\Users\Iñaki Moreno\git\Bets_repo\BetAndRuin 21\bets.temp' is opened by 24532@DESKTOP-UN6F2EK

[2021-02-28 20:40:00 #2 store] 
Configuration path: ?

[2021-02-28 20:40:00 #3 type] 
Type domain.Event is not enhanced.

[2021-02-28 20:40:00 #4 type] 
Type domain.Question is not enhanced.

------------------------------------------------------------------------------------------------------------------------

[2021-02-28 20:40:42 #1 store] 
Database 'C:\Users\Iñaki Moreno\git\Bets_repo\BetAndRuin 21\bets.temp' is opened by 22632@DESKTOP-UN6F2EK

[2021-02-28 20:40:42 #2 store] 
Configuration path: ?

[2021-02-28 20:40:42 #3 type] 
Type domain.Event is not enhanced.

[2021-02-28 20:40:42 #4 type] 
Type domain.Question is not enhanced.

------------------------------------------------------------------------------------------------------------------------

[2021-02-28 20:42:40 #1 store] 
Database 'C:\Users\Iñaki Moreno\git\Bets_repo\BetAndRuin 21\bets.temp' is opened by 25596@DESKTOP-UN6F2EK

[2021-02-28 20:42:40 #2 store] 
Configuration path: ?

[2021-02-28 20:42:40 #3 type] 
Type domain.Event is not enhanced.

[2021-02-28 20:42:40 #4 type] 
Type domain.Question is not enhanced.

------------------------------------------------------------------------------------------------------------------------

[2021-02-28 20:45:31 #1 store] 
Database 'C:\Users\Iñaki Moreno\git\Bets_repo\BetAndRuin 21\bets.temp' has been recovered (tr. 1-7)

[2021-02-28 20:45:31 #2 store] 
Database 'C:\Users\Iñaki Moreno\git\Bets_repo\BetAndRuin 21\bets.temp' is opened by 22204@DESKTOP-UN6F2EK

[2021-02-28 20:45:31 #3 store] 
Configuration path: ?

[2021-02-28 20:45:31 #4 type] 
Type domain.Event is not enhanced.

[2021-02-28 20:45:31 #5 type] 
Type domain.Question is not enhanced.

------------------------------------------------------------------------------------------------------------------------

[2021-02-28 20:46:30 #1 store] 
Database 'C:\Users\Iñaki Moreno\git\Bets_repo\BetAndRuin 21\bets.temp' has been recovered (tr. 8-8)

[2021-02-28 20:46:30 #2 store] 
Database 'C:\Users\Iñaki Moreno\git\Bets_repo\BetAndRuin 21\bets.temp' is opened by 24616@DESKTOP-UN6F2EK

[2021-02-28 20:46:30 #3 store] 
Configuration path: ?

[2021-02-28 20:46:30 #4 type] 
Type domain.Event is not enhanced.

[2021-02-28 20:46:30 #5 type] 
Type domain.Question is not enhanced.

------------------------------------------------------------------------------------------------------------------------

[2021-02-28 20:48:05 #1 store] 
Database 'C:\Users\Iñaki Moreno\git\Bets_repo\BetAndRuin 21\bets.temp' is opened by 25316@DESKTOP-UN6F2EK

[2021-02-28 20:48:05 #2 store] 
Configuration path: ?

[2021-02-28 20:48:05 #3 type] 
Type domain.Event is not enhanced.

[2021-02-28 20:48:05 #4 type] 
Type domain.Question is not enhanced.

------------------------------------------------------------------------------------------------------------------------

[2021-02-28 20:50:44 #1 store] 
Database 'C:\Users\Iñaki Moreno\git\Bets_repo\BetAndRuin 21\bets.temp' has been recovered (tr. 9-9)

[2021-02-28 20:50:44 #2 store] 
Database 'C:\Users\Iñaki Moreno\git\Bets_repo\BetAndRuin 21\bets.temp' is opened by 26296@DESKTOP-UN6F2EK

[2021-02-28 20:50:44 #3 store] 
Configuration path: ?

[2021-02-28 20:50:44 #4 type] 
Type domain.Event is not enhanced.

[2021-02-28 20:50:44 #5 type] 
Type domain.Question is not enhanced.

------------------------------------------------------------------------------------------------------------------------

[2021-02-28 20:52:18 #1 store] 
Database 'C:\Users\Iñaki Moreno\git\Bets_repo\BetAndRuin 21\bets.temp' is opened by 11508@DESKTOP-UN6F2EK

[2021-02-28 20:52:18 #2 store] 
Configuration path: ?

[2021-02-28 20:52:18 #3 type] 
Type domain.Event is not enhanced.

[2021-02-28 20:52:18 #4 type] 
Type domain.Question is not enhanced.

------------------------------------------------------------------------------------------------------------------------

[2021-02-28 20:53:35 #1 store] 
Database 'C:\Users\Iñaki Moreno\git\Bets_repo\BetAndRuin 21\bets.temp' is opened by 25792@DESKTOP-UN6F2EK

[2021-02-28 20:53:35 #2 store] 
Configuration path: ?

[2021-02-28 20:53:35 #3 type] 
Type domain.Event is not enhanced.

[2021-02-28 20:53:35 #4 type] 
Type domain.Question is not enhanced.

------------------------------------------------------------------------------------------------------------------------

[2021-02-28 20:54:56 #1 store] 
Database 'C:\Users\Iñaki Moreno\git\Bets_repo\BetAndRuin 21\bets.temp' is opened by 25288@DESKTOP-UN6F2EK

[2021-02-28 20:54:56 #2 store] 
Configuration path: ?

[2021-02-28 20:54:56 #3 type] 
Type domain.Event is not enhanced.

[2021-02-28 20:54:56 #4 type] 
Type domain.Question is not enhanced.

------------------------------------------------------------------------------------------------------------------------

[2021-02-28 20:56:13 #1 store] 
Database 'C:\Users\Iñaki Moreno\git\Bets_repo\BetAndRuin 21\bets.temp' is opened by 26524@DESKTOP-UN6F2EK

[2021-02-28 20:56:13 #2 store] 
Configuration path: ?

[2021-02-28 20:56:13 #3 type] 
Type domain.Event is not enhanced.

[2021-02-28 20:56:13 #4 type] 
Type domain.Question is not enhanced.

------------------------------------------------------------------------------------------------------------------------

[2021-02-28 20:57:20 #1 store] 
Database 'C:\Users\Iñaki Moreno\git\Bets_repo\BetAndRuin 21\bets.temp' is opened by 13160@DESKTOP-UN6F2EK

[2021-02-28 20:57:20 #2 store] 
Configuration path: ?

[2021-02-28 20:57:20 #3 type] 
Type domain.Event is not enhanced.

[2021-02-28 20:57:20 #4 type] 
Type domain.Question is not enhanced.

------------------------------------------------------------------------------------------------------------------------

[2021-02-28 20:58:11 #1 store] 
Database 'C:\Users\Iñaki Moreno\git\Bets_repo\BetAndRuin 21\bets.temp' is opened by 25612@DESKTOP-UN6F2EK

[2021-02-28 20:58:11 #2 store] 
Configuration path: ?

[2021-02-28 20:58:12 #3 type] 
Type domain.Event is not enhanced.

[2021-02-28 20:58:12 #4 type] 
Type domain.Question is not enhanced.

------------------------------------------------------------------------------------------------------------------------

[2021-02-28 20:59:33 #1 store] 
Database 'C:\Users\Iñaki Moreno\git\Bets_repo\BetAndRuin 21\bets.temp' is opened by 23736@DESKTOP-UN6F2EK

[2021-02-28 20:59:33 #2 store] 
Configuration path: ?

[2021-02-28 20:59:33 #3 type] 
Type domain.Event is not enhanced.

[2021-02-28 20:59:33 #4 type] 
Type domain.Question is not enhanced.

------------------------------------------------------------------------------------------------------------------------

[2021-02-28 21:00:54 #1 store] 
Database 'C:\Users\Iñaki Moreno\git\Bets_repo\BetAndRuin 21\bets.temp' is opened by 20544@DESKTOP-UN6F2EK

[2021-02-28 21:00:54 #2 store] 
Configuration path: ?

[2021-02-28 21:00:54 #3 type] 
Type domain.Event is not enhanced.

[2021-02-28 21:00:54 #4 type] 
Type domain.Question is not enhanced.

------------------------------------------------------------------------------------------------------------------------

[2021-02-28 21:03:03 #1 store] 
Database 'C:\Users\Iñaki Moreno\git\Bets_repo\BetAndRuin 21\bets.temp' is opened by 25740@DESKTOP-UN6F2EK

[2021-02-28 21:03:03 #2 store] 
Configuration path: ?

[2021-02-28 21:03:03 #3 type] 
Type domain.Event is not enhanced.

[2021-02-28 21:03:03 #4 type] 
Type domain.Question is not enhanced.

------------------------------------------------------------------------------------------------------------------------

[2021-02-28 21:05:21 #1 store] 
Database 'C:\Users\Iñaki Moreno\git\Bets_repo\BetAndRuin 21\bets.temp' is opened by 26296@DESKTOP-UN6F2EK

[2021-02-28 21:05:21 #2 store] 
Configuration path: ?

[2021-02-28 21:05:22 #3 type] 
Type domain.Event is not enhanced.

[2021-02-28 21:05:22 #4 type] 
Type domain.Question is not enhanced.

------------------------------------------------------------------------------------------------------------------------

[2021-02-28 21:06:41 #1 store] 
Database 'C:\Users\Iñaki Moreno\git\Bets_repo\BetAndRuin 21\bets.temp' is opened by 21052@DESKTOP-UN6F2EK

[2021-02-28 21:06:41 #2 store] 
Configuration path: ?

[2021-02-28 21:06:41 #3 type] 
Type domain.Event is not enhanced.

[2021-02-28 21:06:41 #4 type] 
Type domain.Question is not enhanced.

------------------------------------------------------------------------------------------------------------------------

[2021-02-28 21:07:30 #1 store] 
Database 'C:\Users\Iñaki Moreno\git\Bets_repo\BetAndRuin 21\bets.temp' is opened by 26480@DESKTOP-UN6F2EK

[2021-02-28 21:07:30 #2 store] 
Configuration path: ?

[2021-02-28 21:07:30 #3 type] 
Type domain.Event is not enhanced.

[2021-02-28 21:07:30 #4 type] 
Type domain.Question is not enhanced.

------------------------------------------------------------------------------------------------------------------------

[2021-02-28 21:08:25 #1 store] 
Database 'C:\Users\Iñaki Moreno\git\Bets_repo\BetAndRuin 21\bets.temp' is opened by 27164@DESKTOP-UN6F2EK

[2021-02-28 21:08:25 #2 store] 
Configuration path: ?

[2021-02-28 21:08:25 #3 type] 
Type domain.Event is not enhanced.

[2021-02-28 21:08:25 #4 type] 
Type domain.Question is not enhanced.

------------------------------------------------------------------------------------------------------------------------

[2021-02-28 21:09:02 #1 store] 
Database 'C:\Users\Iñaki Moreno\git\Bets_repo\BetAndRuin 21\bets.temp' is opened by 23864@DESKTOP-UN6F2EK

[2021-02-28 21:09:02 #2 store] 
Configuration path: ?

[2021-02-28 21:09:02 #3 type] 
Type domain.Event is not enhanced.

[2021-02-28 21:09:02 #4 type] 
Type domain.Question is not enhanced.

------------------------------------------------------------------------------------------------------------------------

[2021-02-28 21:09:36 #1 store] 
Database 'C:\Users\Iñaki Moreno\git\Bets_repo\BetAndRuin 21\bets.temp' is opened by 26688@DESKTOP-UN6F2EK

[2021-02-28 21:09:36 #2 store] 
Configuration path: ?

[2021-02-28 21:09:36 #3 type] 
Type domain.Event is not enhanced.

[2021-02-28 21:09:36 #4 type] 
Type domain.Question is not enhanced.

------------------------------------------------------------------------------------------------------------------------

[2021-02-28 21:12:00 #1 store] 
Database 'C:\Users\Iñaki Moreno\git\Bets_repo\BetAndRuin 21\bets.temp' is opened by 22912@DESKTOP-UN6F2EK

[2021-02-28 21:12:00 #2 store] 
Configuration path: ?

[2021-02-28 21:12:00 #3 type] 
Type domain.Event is not enhanced.

[2021-02-28 21:12:00 #4 type] 
Type domain.Question is not enhanced.

------------------------------------------------------------------------------------------------------------------------

[2021-02-28 21:13:23 #1 store] 
Database 'C:\Users\Iñaki Moreno\git\Bets_repo\BetAndRuin 21\bets.temp' is opened by 27152@DESKTOP-UN6F2EK

[2021-02-28 21:13:23 #2 store] 
Configuration path: ?

[2021-02-28 21:13:23 #3 type] 
Type domain.Event is not enhanced.

[2021-02-28 21:13:23 #4 type] 
Type domain.Question is not enhanced.

------------------------------------------------------------------------------------------------------------------------

[2021-02-28 21:16:32 #1 store] 
Database 'C:\Users\Iñaki Moreno\git\Bets_repo\BetAndRuin 21\bets.temp' is opened by 26688@DESKTOP-UN6F2EK

[2021-02-28 21:16:32 #2 store] 
Configuration path: ?

[2021-02-28 21:16:32 #3 type] 
Type domain.Event is not enhanced.

[2021-02-28 21:16:32 #4 type] 
Type domain.Question is not enhanced.

------------------------------------------------------------------------------------------------------------------------

[2021-02-28 21:16:58 #1 store] 
Database 'C:\Users\Iñaki Moreno\git\Bets_repo\BetAndRuin 21\bets.temp' is opened by 12992@DESKTOP-UN6F2EK

[2021-02-28 21:16:58 #2 store] 
Configuration path: ?

[2021-02-28 21:16:58 #3 type] 
Type domain.Event is not enhanced.

[2021-02-28 21:16:58 #4 type] 
Type domain.Question is not enhanced.

------------------------------------------------------------------------------------------------------------------------

[2021-02-28 21:17:25 #1 store] 
Database 'C:\Users\Iñaki Moreno\git\Bets_repo\BetAndRuin 21\bets.temp' is opened by 20584@DESKTOP-UN6F2EK

[2021-02-28 21:17:25 #2 store] 
Configuration path: ?

[2021-02-28 21:17:25 #3 type] 
Type domain.Event is not enhanced.

[2021-02-28 21:17:25 #4 type] 
Type domain.Question is not enhanced.

