------------------------------------------------------------------------------------------------------------------------

[2021-02-18 01:24:45 #1 store] 
Database '/home/txus/ownCloud/DoSienSia/SOFTENG/SOFTENG Ews/CourseProjects/BETANDRUIN/BetAndRuin21/resources/db/bets.temp' has been recovered (tr. 7-7)

[2021-02-18 01:24:46 #2 store] 
Database '/home/txus/ownCloud/DoSienSia/SOFTENG/SOFTENG Ews/CourseProjects/BETANDRUIN/BetAndRuin21/resources/db/bets.temp' is opened by 17924@Txus-PS-42

[2021-02-18 01:24:46 #3 store] 
Configuration path: ?

[2021-02-18 01:24:48 #4 type] 
Type domain.Question is not enhanced.

[2021-02-18 01:24:48 #5 type] 
Type domain.Event is not enhanced.

------------------------------------------------------------------------------------------------------------------------

[2021-02-18 02:52:39 #1 store] 
Database '/home/txus/ownCloud/DoSienSia/SOFTENG/SOFTENG Ews/CourseProjects/BETANDRUIN/BetAndRuin21/resources/db/bets.temp' is opened by 20831@Txus-PS-42

[2021-02-18 02:52:39 #2 store] 
Configuration path: ?

[2021-02-18 02:52:40 #3 type] 
Type domain.Question is not enhanced.

[2021-02-18 02:52:40 #4 type] 
Type domain.Event is not enhanced.

------------------------------------------------------------------------------------------------------------------------

[2021-02-18 03:38:03 #1 store] 
Database '/home/txus/ownCloud/DoSienSia/SOFTENG/SOFTENG Ews/CourseProjects/BETANDRUIN/BetAndRuin21/resources/db/bets.temp' has been recovered (tr. 8-8)

[2021-02-18 03:38:03 #2 store] 
Database '/home/txus/ownCloud/DoSienSia/SOFTENG/SOFTENG Ews/CourseProjects/BETANDRUIN/BetAndRuin21/resources/db/bets.temp' is opened by 22090@Txus-PS-42

[2021-02-18 03:38:03 #3 store] 
Configuration path: ?

[2021-02-18 03:38:03 #4 type] 
Type domain.Question is not enhanced.

[2021-02-18 03:38:03 #5 type] 
Type domain.Event is not enhanced.

------------------------------------------------------------------------------------------------------------------------

[2021-02-18 03:44:17 #1 store] 
Database '/home/txus/ownCloud/DoSienSia/SOFTENG/SOFTENG Ews/CourseProjects/BETANDRUIN/BetAndRuin21/resources/db/bets.temp' is opened by 22238@Txus-PS-42

[2021-02-18 03:44:17 #2 store] 
Configuration path: ?

[2021-02-18 03:44:17 #3 type] 
Type domain.Question is not enhanced.

[2021-02-18 03:44:17 #4 type] 
Type domain.Event is not enhanced.

------------------------------------------------------------------------------------------------------------------------

[2021-02-18 03:52:55 #1 store] 
Database '/home/txus/ownCloud/DoSienSia/SOFTENG/SOFTENG Ews/CourseProjects/BETANDRUIN/BetAndRuin21/resources/db/bets.temp' is opened by 22555@Txus-PS-42

[2021-02-18 03:52:55 #2 store] 
Configuration path: ?

[2021-02-18 03:52:55 #3 type] 
Type domain.Question is not enhanced.

[2021-02-18 03:52:55 #4 type] 
Type domain.Event is not enhanced.

------------------------------------------------------------------------------------------------------------------------

[2021-02-18 03:54:40 #1 store] 
Database '/home/txus/ownCloud/DoSienSia/SOFTENG/SOFTENG Ews/CourseProjects/BETANDRUIN/BetAndRuin21/resources/db/bets.temp' is opened by 22635@Txus-PS-42

[2021-02-18 03:54:40 #2 store] 
Configuration path: ?

[2021-02-18 03:54:40 #3 type] 
Type domain.Question is not enhanced.

[2021-02-18 03:54:40 #4 type] 
Type domain.Event is not enhanced.

------------------------------------------------------------------------------------------------------------------------

[2021-02-18 03:57:52 #1 store] 
Database '/home/txus/ownCloud/DoSienSia/SOFTENG/SOFTENG Ews/CourseProjects/BETANDRUIN/BetAndRuin21/resources/db/bets.temp' is opened by 22779@Txus-PS-42

[2021-02-18 03:57:52 #2 store] 
Configuration path: ?

[2021-02-18 03:57:52 #3 type] 
Type domain.Question is not enhanced.

[2021-02-18 03:57:52 #4 type] 
Type domain.Event is not enhanced.

------------------------------------------------------------------------------------------------------------------------

[2021-02-18 03:58:54 #1 store] 
Database '/home/txus/ownCloud/DoSienSia/SOFTENG/SOFTENG Ews/CourseProjects/BETANDRUIN/BetAndRuin21/resources/db/bets.temp' is opened by 22842@Txus-PS-42

[2021-02-18 03:58:54 #2 store] 
Configuration path: ?

[2021-02-18 03:58:54 #3 type] 
Type domain.Question is not enhanced.

[2021-02-18 03:58:54 #4 type] 
Type domain.Event is not enhanced.

------------------------------------------------------------------------------------------------------------------------

[2021-02-18 04:01:05 #1 store] 
Database '/home/txus/ownCloud/DoSienSia/SOFTENG/SOFTENG Ews/CourseProjects/BETANDRUIN/BetAndRuin21/resources/db/bets.temp' is opened by 22915@Txus-PS-42

[2021-02-18 04:01:05 #2 store] 
Configuration path: ?

[2021-02-18 04:01:05 #3 type] 
Type domain.Question is not enhanced.

[2021-02-18 04:01:05 #4 type] 
Type domain.Event is not enhanced.

------------------------------------------------------------------------------------------------------------------------

[2021-02-18 04:04:56 #1 store] 
Database '/home/txus/ownCloud/DoSienSia/SOFTENG/SOFTENG Ews/CourseProjects/BETANDRUIN/BetAndRuin21/resources/db/bets.temp' is opened by 23078@Txus-PS-42

[2021-02-18 04:04:56 #2 store] 
Configuration path: ?

[2021-02-18 04:04:56 #3 type] 
Type domain.Question is not enhanced.

[2021-02-18 04:04:56 #4 type] 
Type domain.Event is not enhanced.

------------------------------------------------------------------------------------------------------------------------

[2021-02-18 04:07:08 #1 store] 
Database '/home/txus/ownCloud/DoSienSia/SOFTENG/SOFTENG Ews/CourseProjects/BETANDRUIN/BetAndRuin21/resources/db/bets.temp' is opened by 23167@Txus-PS-42

[2021-02-18 04:07:08 #2 store] 
Configuration path: ?

[2021-02-18 04:07:08 #3 type] 
Type domain.Question is not enhanced.

[2021-02-18 04:07:08 #4 type] 
Type domain.Event is not enhanced.

------------------------------------------------------------------------------------------------------------------------

[2021-02-18 04:08:20 #1 store] 
Database '/home/txus/ownCloud/DoSienSia/SOFTENG/SOFTENG Ews/CourseProjects/BETANDRUIN/BetAndRuin21/resources/db/bets.temp' is opened by 23235@Txus-PS-42

[2021-02-18 04:08:20 #2 store] 
Configuration path: ?

[2021-02-18 04:08:20 #3 type] 
Type domain.Question is not enhanced.

[2021-02-18 04:08:20 #4 type] 
Type domain.Event is not enhanced.

------------------------------------------------------------------------------------------------------------------------

[2021-02-18 04:21:17 #1 store] 
Database '/home/txus/ownCloud/DoSienSia/SOFTENG/SOFTENG Ews/CourseProjects/BETANDRUIN/BetAndRuin21/resources/db/bets.temp' is opened by 23630@Txus-PS-42

[2021-02-18 04:21:17 #2 store] 
Configuration path: ?

[2021-02-18 04:21:17 #3 type] 
Type domain.Question is not enhanced.

[2021-02-18 04:21:17 #4 type] 
Type domain.Event is not enhanced.

------------------------------------------------------------------------------------------------------------------------

[2021-02-18 04:22:09 #1 store] 
Database '/home/txus/ownCloud/DoSienSia/SOFTENG/SOFTENG Ews/CourseProjects/BETANDRUIN/BetAndRuin21/resources/db/bets.temp' is opened by 23692@Txus-PS-42

[2021-02-18 04:22:09 #2 store] 
Configuration path: ?

[2021-02-18 04:22:09 #3 type] 
Type domain.Question is not enhanced.

[2021-02-18 04:22:09 #4 type] 
Type domain.Event is not enhanced.

------------------------------------------------------------------------------------------------------------------------

[2021-02-18 04:40:28 #1 store] 
Database '/home/txus/ownCloud/DoSienSia/SOFTENG/SOFTENG Ews/CourseProjects/BETANDRUIN/BetAndRuin21/resources/db/bets.temp' is opened by 24870@Txus-PS-42

[2021-02-18 04:40:28 #2 store] 
Configuration path: ?

[2021-02-18 04:40:28 #3 type] 
Type domain.Question is not enhanced.

[2021-02-18 04:40:28 #4 type] 
Type domain.Event is not enhanced.

------------------------------------------------------------------------------------------------------------------------

[2021-02-18 05:08:02 #1 store] 
Database '/home/txus/ownCloud/DoSienSia/SOFTENG/SOFTENG Ews/CourseProjects/BETANDRUIN/BetAndRuin21/resources/db/bets.temp' is opened by 25862@Txus-PS-42

[2021-02-18 05:08:02 #2 store] 
Configuration path: ?

[2021-02-18 05:08:02 #3 type] 
Type domain.Question is not enhanced.

[2021-02-18 05:08:02 #4 type] 
Type domain.Event is not enhanced.

------------------------------------------------------------------------------------------------------------------------

[2021-02-18 05:09:10 #1 store] 
Database '/home/txus/ownCloud/DoSienSia/SOFTENG/SOFTENG Ews/CourseProjects/BETANDRUIN/BetAndRuin21/resources/db/bets.temp' is opened by 25957@Txus-PS-42

[2021-02-18 05:09:10 #2 store] 
Configuration path: ?

[2021-02-18 05:09:10 #3 type] 
Type domain.Question is not enhanced.

[2021-02-18 05:09:10 #4 type] 
Type domain.Event is not enhanced.

------------------------------------------------------------------------------------------------------------------------

[2021-02-18 05:39:23 #1 store] 
Database '/home/txus/ownCloud/DoSienSia/SOFTENG/SOFTENG Ews/CourseProjects/BETANDRUIN/BetAndRuin21/resources/db/bets.temp' is opened by 27161@Txus-PS-42

[2021-02-18 05:39:23 #2 store] 
Configuration path: ?

[2021-02-18 05:39:24 #3 type] 
Type domain.Question is not enhanced.

[2021-02-18 05:39:24 #4 type] 
Type domain.Event is not enhanced.

------------------------------------------------------------------------------------------------------------------------

[2021-02-18 05:45:12 #1 store] 
Database '/home/txus/ownCloud/DoSienSia/SOFTENG/SOFTENG Ews/CourseProjects/BETANDRUIN/BetAndRuin21/resources/db/bets.temp' is opened by 27314@Txus-PS-42

[2021-02-18 05:45:12 #2 store] 
Configuration path: ?

[2021-02-18 05:45:12 #3 type] 
Type domain.Question is not enhanced.

[2021-02-18 05:45:12 #4 type] 
Type domain.Event is not enhanced.

------------------------------------------------------------------------------------------------------------------------

[2021-02-18 05:48:02 #1 store] 
Database '/home/txus/ownCloud/DoSienSia/SOFTENG/SOFTENG Ews/CourseProjects/BETANDRUIN/BetAndRuin21/resources/db/bets.temp' is opened by 27387@Txus-PS-42

[2021-02-18 05:48:02 #2 store] 
Configuration path: ?

[2021-02-18 05:48:04 #3 type] 
Type domain.Question is not enhanced.

[2021-02-18 05:48:04 #4 type] 
Type domain.Event is not enhanced.

------------------------------------------------------------------------------------------------------------------------

[2021-02-18 05:54:28 #1 store] 
Database '/home/txus/ownCloud/DoSienSia/SOFTENG/SOFTENG Ews/CourseProjects/BETANDRUIN/BetAndRuin21/resources/db/bets.temp' is opened by 27749@Txus-PS-42

[2021-02-18 05:54:28 #2 store] 
Configuration path: ?

[2021-02-18 05:54:31 #3 type] 
Type domain.Question is not enhanced.

[2021-02-18 05:54:31 #4 type] 
Type domain.Event is not enhanced.

------------------------------------------------------------------------------------------------------------------------

[2021-02-18 06:10:39 #1 store] 
Database '/home/txus/ownCloud/DoSienSia/SOFTENG/SOFTENG Ews/CourseProjects/BETANDRUIN/BetAndRuin21/resources/db/bets.temp' is opened by 28944@Txus-PS-42

[2021-02-18 06:10:39 #2 store] 
Configuration path: ?

[2021-02-18 06:10:39 #3 type] 
Type domain.Question is not enhanced.

[2021-02-18 06:10:39 #4 type] 
Type domain.Event is not enhanced.

------------------------------------------------------------------------------------------------------------------------

[2021-02-18 06:12:49 #1 store] 
Database '/home/txus/ownCloud/DoSienSia/SOFTENG/SOFTENG Ews/CourseProjects/BETANDRUIN/BetAndRuin21/resources/db/bets.temp' is opened by 29038@Txus-PS-42

[2021-02-18 06:12:49 #2 store] 
Configuration path: ?

[2021-02-18 06:12:49 #3 type] 
Type domain.Question is not enhanced.

[2021-02-18 06:12:49 #4 type] 
Type domain.Event is not enhanced.

------------------------------------------------------------------------------------------------------------------------

[2021-02-18 06:13:31 #1 store] 
Database '/home/txus/ownCloud/DoSienSia/SOFTENG/SOFTENG Ews/CourseProjects/BETANDRUIN/BetAndRuin21/resources/db/bets.temp' is opened by 29096@Txus-PS-42

[2021-02-18 06:13:31 #2 store] 
Configuration path: ?

[2021-02-18 06:13:31 #3 type] 
Type domain.Question is not enhanced.

[2021-02-18 06:13:31 #4 type] 
Type domain.Event is not enhanced.

------------------------------------------------------------------------------------------------------------------------

[2021-02-18 06:14:21 #1 store] 
Database '/home/txus/ownCloud/DoSienSia/SOFTENG/SOFTENG Ews/CourseProjects/BETANDRUIN/BetAndRuin21/resources/db/bets.temp' is opened by 29153@Txus-PS-42

[2021-02-18 06:14:21 #2 store] 
Configuration path: ?

[2021-02-18 06:14:21 #3 type] 
Type domain.Question is not enhanced.

[2021-02-18 06:14:22 #4 type] 
Type domain.Event is not enhanced.

------------------------------------------------------------------------------------------------------------------------

[2021-02-18 06:16:09 #1 store] 
Database '/home/txus/ownCloud/DoSienSia/SOFTENG/SOFTENG Ews/CourseProjects/BETANDRUIN/BetAndRuin21/resources/db/bets.temp' has been recovered (tr. 9-9)

[2021-02-18 06:16:09 #2 store] 
Database '/home/txus/ownCloud/DoSienSia/SOFTENG/SOFTENG Ews/CourseProjects/BETANDRUIN/BetAndRuin21/resources/db/bets.temp' is opened by 29231@Txus-PS-42

[2021-02-18 06:16:09 #3 store] 
Configuration path: ?

[2021-02-18 06:16:09 #4 type] 
Type domain.Question is not enhanced.

[2021-02-18 06:16:09 #5 type] 
Type domain.Event is not enhanced.

------------------------------------------------------------------------------------------------------------------------

[2021-02-18 06:17:41 #1 store] 
Database '/home/txus/ownCloud/DoSienSia/SOFTENG/SOFTENG Ews/CourseProjects/BETANDRUIN/BetAndRuin21/resources/db/bets.temp' is opened by 29335@Txus-PS-42

[2021-02-18 06:17:41 #2 store] 
Configuration path: ?

[2021-02-18 06:17:41 #3 type] 
Type domain.Question is not enhanced.

[2021-02-18 06:17:41 #4 type] 
Type domain.Event is not enhanced.

------------------------------------------------------------------------------------------------------------------------

[2021-02-18 06:22:13 #1 store] 
Database '/home/txus/ownCloud/DoSienSia/SOFTENG/SOFTENG Ews/CourseProjects/BETANDRUIN/BetAndRuin21/resources/db/bets.temp' is opened by 29514@Txus-PS-42

[2021-02-18 06:22:13 #2 store] 
Configuration path: ?

------------------------------------------------------------------------------------------------------------------------

[2021-02-18 06:35:38 #1 store] 
Database '/home/txus/ownCloud/DoSienSia/SOFTENG/SOFTENG Ews/CourseProjects/BETANDRUIN/BetAndRuin21/resources/db/bets.temp' is opened by 29876@Txus-PS-42

[2021-02-18 06:35:38 #2 store] 
Configuration path: ?

[2021-02-18 06:35:38 #3 type] 
Type domain.Question is not enhanced.

[2021-02-18 06:35:38 #4 type] 
Type domain.Event is not enhanced.

------------------------------------------------------------------------------------------------------------------------

[2021-02-18 06:37:31 #1 store] 
Database '/home/txus/ownCloud/DoSienSia/SOFTENG/SOFTENG Ews/CourseProjects/BETANDRUIN/BetAndRuin21/resources/db/bets.temp' is opened by 30175@Txus-PS-42

[2021-02-18 06:37:31 #2 store] 
Configuration path: ?

[2021-02-18 06:37:31 #3 type] 
Type domain.Question is not enhanced.

[2021-02-18 06:37:31 #4 type] 
Type domain.Event is not enhanced.

------------------------------------------------------------------------------------------------------------------------

[2021-02-18 06:58:04 #1 server] 
Server on port 6136 has started by 31438@Txus-PS-42

[2021-02-18 06:59:00 #2 store] 
Database '/home/txus/ownCloud/DoSienSia/SOFTENG/SOFTENG Ews/CourseProjects/BETANDRUIN/BetAndRuin21/resources/db/resources/db/bets.temp' is opened by 31438@Txus-PS-42

[2021-02-18 06:59:00 #3 store] 
Configuration path: ?

[2021-02-18 06:59:49 #4 store] 
Database '/home/txus/ownCloud/DoSienSia/SOFTENG/SOFTENG Ews/CourseProjects/BETANDRUIN/BetAndRuin21/resources/db/resources/db/bets.temp' is closed by 31438@Txus-PS-42

------------------------------------------------------------------------------------------------------------------------

[2021-02-18 07:05:53 #1 server] 
Server on port 6136 has started by 31750@Txus-PS-42

[2021-02-18 07:12:33 #2 store] 
Database '/home/txus/ownCloud/DoSienSia/SOFTENG/SOFTENG Ews/CourseProjects/BETANDRUIN/BetAndRuin21/resources/db/resources/db/bets.temp' is opened by 31750@Txus-PS-42

[2021-02-18 07:12:33 #3 store] 
Configuration path: ?

[2021-02-18 07:18:07 #4 store] 
Database '/home/txus/ownCloud/DoSienSia/SOFTENG/SOFTENG Ews/CourseProjects/BETANDRUIN/BetAndRuin21/resources/db/resources/db/bets.temp' is closed by 31750@Txus-PS-42

------------------------------------------------------------------------------------------------------------------------

[2021-02-18 07:19:29 #1 server] 
java.net.BindException: Address already in use (Bind failed)
	at java.net.PlainSocketImpl.socketBind(Native Method)
	at java.net.AbstractPlainSocketImpl.bind(AbstractPlainSocketImpl.java:387)
	at java.net.ServerSocket.bind(ServerSocket.java:390)
	at java.net.ServerSocket.<init>(ServerSocket.java:252)
	at java.net.ServerSocket.<init>(ServerSocket.java:196)
	at com.objectdb.o.SMR.o(SMR.java:260)
	at com.objectdb.o.SMR.f(SMR.java:160)
	at com.objectdb.o.TOL.run(TOL.java:117)
	at com.objectdb.Server.runCommand(Server.java:200)
	at com.objectdb.Server.run(Server.java:104)
	at com.objectdb.Server.main(Server.java:63)

[2021-02-18 07:19:55 #5 store] 
Database '/home/txus/ownCloud/DoSienSia/SOFTENG/SOFTENG Ews/CourseProjects/BETANDRUIN/BetAndRuin21/resources/db/resources/db/bets.temp' is opened by 31750@Txus-PS-42

[2021-02-18 07:19:55 #6 store] 
Configuration path: ?

------------------------------------------------------------------------------------------------------------------------

[2021-02-18 07:19:56 #1 type] 
Type domain.Question is not enhanced.

[2021-02-18 07:19:56 #2 type] 
Type domain.Event is not enhanced.

[2021-02-18 07:19:56 #7 type] 
Type domain.Question is not enhanced.

[2021-02-18 07:19:56 #8 type] 
Type domain.Event is not enhanced.

[2021-02-18 07:20:59 #9 store] 
Database '/home/txus/ownCloud/DoSienSia/SOFTENG/SOFTENG Ews/CourseProjects/BETANDRUIN/BetAndRuin21/resources/db/resources/db/bets.temp' is closed by 31750@Txus-PS-42

------------------------------------------------------------------------------------------------------------------------

[2021-02-18 07:22:49 #1 server] 
java.net.BindException: Address already in use (Bind failed)
	at java.net.PlainSocketImpl.socketBind(Native Method)
	at java.net.AbstractPlainSocketImpl.bind(AbstractPlainSocketImpl.java:387)
	at java.net.ServerSocket.bind(ServerSocket.java:390)
	at java.net.ServerSocket.<init>(ServerSocket.java:252)
	at java.net.ServerSocket.<init>(ServerSocket.java:196)
	at com.objectdb.o.SMR.o(SMR.java:260)
	at com.objectdb.o.SMR.f(SMR.java:160)
	at com.objectdb.o.TOL.run(TOL.java:117)
	at com.objectdb.Server.runCommand(Server.java:200)
	at com.objectdb.Server.run(Server.java:104)
	at com.objectdb.Server.main(Server.java:63)

------------------------------------------------------------------------------------------------------------------------

[2021-02-18 07:23:05 #1 server] 
java.net.BindException: Address already in use (Bind failed)
	at java.net.PlainSocketImpl.socketBind(Native Method)
	at java.net.AbstractPlainSocketImpl.bind(AbstractPlainSocketImpl.java:387)
	at java.net.ServerSocket.bind(ServerSocket.java:390)
	at java.net.ServerSocket.<init>(ServerSocket.java:252)
	at java.net.ServerSocket.<init>(ServerSocket.java:196)
	at com.objectdb.o.SMR.o(SMR.java:260)
	at com.objectdb.o.SMR.f(SMR.java:160)
	at com.objectdb.o.TOL.run(TOL.java:117)
	at com.objectdb.Server.runCommand(Server.java:200)
	at com.objectdb.Server.run(Server.java:104)
	at com.objectdb.Server.main(Server.java:63)

------------------------------------------------------------------------------------------------------------------------

[2021-02-18 07:23:19 #1 server] 
java.net.BindException: Address already in use (Bind failed)
	at java.net.PlainSocketImpl.socketBind(Native Method)
	at java.net.AbstractPlainSocketImpl.bind(AbstractPlainSocketImpl.java:387)
	at java.net.ServerSocket.bind(ServerSocket.java:390)
	at java.net.ServerSocket.<init>(ServerSocket.java:252)
	at java.net.ServerSocket.<init>(ServerSocket.java:196)
	at com.objectdb.o.SMR.o(SMR.java:260)
	at com.objectdb.o.SMR.f(SMR.java:160)
	at com.objectdb.o.TOL.run(TOL.java:117)
	at com.objectdb.Server.runCommand(Server.java:200)
	at com.objectdb.Server.run(Server.java:104)
	at com.objectdb.Server.main(Server.java:63)

------------------------------------------------------------------------------------------------------------------------

[2021-02-18 07:23:56 #1 server] 
java.net.BindException: Address already in use (Bind failed)
	at java.net.PlainSocketImpl.socketBind(Native Method)
	at java.net.AbstractPlainSocketImpl.bind(AbstractPlainSocketImpl.java:387)
	at java.net.ServerSocket.bind(ServerSocket.java:390)
	at java.net.ServerSocket.<init>(ServerSocket.java:252)
	at java.net.ServerSocket.<init>(ServerSocket.java:196)
	at com.objectdb.o.SMR.o(SMR.java:260)
	at com.objectdb.o.SMR.f(SMR.java:160)
	at com.objectdb.o.TOL.run(TOL.java:117)
	at com.objectdb.Server.runCommand(Server.java:200)
	at com.objectdb.Server.run(Server.java:104)
	at com.objectdb.Server.main(Server.java:63)

------------------------------------------------------------------------------------------------------------------------

[2021-02-18 07:37:43 #1 server] 
java.net.BindException: Address already in use (Bind failed)
	at java.net.PlainSocketImpl.socketBind(Native Method)
	at java.net.AbstractPlainSocketImpl.bind(AbstractPlainSocketImpl.java:387)
	at java.net.ServerSocket.bind(ServerSocket.java:390)
	at java.net.ServerSocket.<init>(ServerSocket.java:252)
	at java.net.ServerSocket.<init>(ServerSocket.java:196)
	at com.objectdb.o.SMR.o(SMR.java:260)
	at com.objectdb.o.SMR.f(SMR.java:160)
	at com.objectdb.o.TOL.run(TOL.java:117)
	at com.objectdb.Server.runCommand(Server.java:200)
	at com.objectdb.Server.run(Server.java:104)
	at com.objectdb.Server.main(Server.java:63)

[2021-02-18 07:37:49 #10 server] 
Server on port 6136 has stopped by 31750@Txus-PS-42

------------------------------------------------------------------------------------------------------------------------

[2021-02-18 08:01:31 #1 server] 
Server on port 6136 has started by 34261@Txus-PS-42

[2021-02-18 08:01:48 #2 store] 
Database '/home/txus/ownCloud/DoSienSia/SOFTENG/SOFTENG Ews/CourseProjects/BETANDRUIN/BetAndRuin21/resources/db/resources/db/bets.temp' is opened by 34261@Txus-PS-42

[2021-02-18 08:01:48 #3 store] 
Configuration path: ?

------------------------------------------------------------------------------------------------------------------------

[2021-02-18 08:01:48 #1 type] 
Type domain.Question is not enhanced.

[2021-02-18 08:01:48 #2 type] 
Type domain.Event is not enhanced.

[2021-02-18 08:01:48 #4 type] 
Type domain.Question is not enhanced.

[2021-02-18 08:01:48 #5 type] 
Type domain.Event is not enhanced.

------------------------------------------------------------------------------------------------------------------------

[2021-02-18 08:02:26 #1 server] 
java.net.BindException: Address already in use (Bind failed)
	at java.net.PlainSocketImpl.socketBind(Native Method)
	at java.net.AbstractPlainSocketImpl.bind(AbstractPlainSocketImpl.java:387)
	at java.net.ServerSocket.bind(ServerSocket.java:390)
	at java.net.ServerSocket.<init>(ServerSocket.java:252)
	at java.net.ServerSocket.<init>(ServerSocket.java:196)
	at com.objectdb.o.SMR.o(SMR.java:260)
	at com.objectdb.o.SMR.f(SMR.java:160)
	at com.objectdb.o.TOL.run(TOL.java:117)
	at com.objectdb.Server.runCommand(Server.java:200)
	at com.objectdb.Server.run(Server.java:104)
	at com.objectdb.Server.main(Server.java:63)

------------------------------------------------------------------------------------------------------------------------

[2021-02-18 08:07:18 #1 server] 
java.net.BindException: Address already in use (Bind failed)
	at java.net.PlainSocketImpl.socketBind(Native Method)
	at java.net.AbstractPlainSocketImpl.bind(AbstractPlainSocketImpl.java:387)
	at java.net.ServerSocket.bind(ServerSocket.java:390)
	at java.net.ServerSocket.<init>(ServerSocket.java:252)
	at java.net.ServerSocket.<init>(ServerSocket.java:196)
	at com.objectdb.o.SMR.o(SMR.java:260)
	at com.objectdb.o.SMR.f(SMR.java:160)
	at com.objectdb.o.TOL.run(TOL.java:117)
	at com.objectdb.Server.runCommand(Server.java:200)
	at com.objectdb.Server.run(Server.java:104)
	at com.objectdb.Server.main(Server.java:63)

------------------------------------------------------------------------------------------------------------------------

[2021-02-18 08:08:34 #1 server] 
java.net.BindException: Address already in use (Bind failed)
	at java.net.PlainSocketImpl.socketBind(Native Method)
	at java.net.AbstractPlainSocketImpl.bind(AbstractPlainSocketImpl.java:387)
	at java.net.ServerSocket.bind(ServerSocket.java:390)
	at java.net.ServerSocket.<init>(ServerSocket.java:252)
	at java.net.ServerSocket.<init>(ServerSocket.java:196)
	at com.objectdb.o.SMR.o(SMR.java:260)
	at com.objectdb.o.SMR.f(SMR.java:160)
	at com.objectdb.o.TOL.run(TOL.java:117)
	at com.objectdb.Server.runCommand(Server.java:200)
	at com.objectdb.Server.run(Server.java:104)
	at com.objectdb.Server.main(Server.java:63)

------------------------------------------------------------------------------------------------------------------------

[2021-02-18 08:08:45 #1 type] 
Type domain.Question is not enhanced.

[2021-02-18 08:08:45 #2 type] 
Type domain.Event is not enhanced.

[2021-02-18 08:09:37 #6 store] 
Database '/home/txus/ownCloud/DoSienSia/SOFTENG/SOFTENG Ews/CourseProjects/BETANDRUIN/BetAndRuin21/resources/db/resources/db/bets.temp' is closed by 34261@Txus-PS-42

------------------------------------------------------------------------------------------------------------------------

[2021-02-18 08:09:54 #1 server] 
java.net.BindException: Address already in use (Bind failed)
	at java.net.PlainSocketImpl.socketBind(Native Method)
	at java.net.AbstractPlainSocketImpl.bind(AbstractPlainSocketImpl.java:387)
	at java.net.ServerSocket.bind(ServerSocket.java:390)
	at java.net.ServerSocket.<init>(ServerSocket.java:252)
	at java.net.ServerSocket.<init>(ServerSocket.java:196)
	at com.objectdb.o.SMR.o(SMR.java:260)
	at com.objectdb.o.SMR.f(SMR.java:160)
	at com.objectdb.o.TOL.run(TOL.java:117)
	at com.objectdb.Server.runCommand(Server.java:200)
	at com.objectdb.Server.run(Server.java:104)
	at com.objectdb.Server.main(Server.java:63)

[2021-02-18 08:10:00 #7 store] 
Database '/home/txus/ownCloud/DoSienSia/SOFTENG/SOFTENG Ews/CourseProjects/BETANDRUIN/BetAndRuin21/resources/db/resources/db/bets.temp' is opened by 34261@Txus-PS-42

[2021-02-18 08:10:00 #8 store] 
Configuration path: ?

------------------------------------------------------------------------------------------------------------------------

[2021-02-18 08:10:00 #1 type] 
Type domain.Question is not enhanced.

[2021-02-18 08:10:00 #2 type] 
Type domain.Event is not enhanced.

[2021-02-18 08:12:00 #9 store] 
Database '/home/txus/ownCloud/DoSienSia/SOFTENG/SOFTENG Ews/CourseProjects/BETANDRUIN/BetAndRuin21/resources/db/resources/db/bets.temp' is closed by 34261@Txus-PS-42

[2021-02-18 08:12:03 #10 server] 
Server on port 6136 has stopped by 34261@Txus-PS-42

------------------------------------------------------------------------------------------------------------------------

[2021-02-18 08:13:23 #1 server] 
Server on port 6136 has started by 35236@Txus-PS-42

[2021-02-18 08:13:30 #2 store] 
Database '/home/txus/ownCloud/DoSienSia/SOFTENG/SOFTENG Ews/CourseProjects/BETANDRUIN/BetAndRuin21/resources/db/resources/db/betsy.temp' is opened by 35236@Txus-PS-42

[2021-02-18 08:13:30 #3 store] 
Configuration path: ?

------------------------------------------------------------------------------------------------------------------------

[2021-02-18 08:13:30 #1 type] 
Type domain.Question is not enhanced.

[2021-02-18 08:13:30 #2 type] 
Type domain.Event is not enhanced.

[2021-02-18 08:13:30 #4 type] 
Type domain.Question is not enhanced.

[2021-02-18 08:13:30 #5 type] 
Type domain.Event is not enhanced.

[2021-02-18 08:14:31 #6 store] 
Database '/home/txus/ownCloud/DoSienSia/SOFTENG/SOFTENG Ews/CourseProjects/BETANDRUIN/BetAndRuin21/resources/db/resources/db/betsy.temp' is closed by 35236@Txus-PS-42

[2021-02-18 08:14:31 #7 server] 
Server on port 6136 has stopped by 35236@Txus-PS-42

------------------------------------------------------------------------------------------------------------------------

[2021-02-18 08:19:43 #1 server] 
Server on port 6136 has started by 35479@Txus-PS-42

[2021-02-18 08:19:52 #2 store] 
Database '/home/txus/ownCloud/DoSienSia/SOFTENG/SOFTENG Ews/CourseProjects/BETANDRUIN/BetAndRuin21/resources/db/bets.temp' is opened by 35479@Txus-PS-42

[2021-02-18 08:19:52 #3 store] 
Configuration path: ?

------------------------------------------------------------------------------------------------------------------------

[2021-02-18 08:19:52 #1 type] 
Type domain.Question is not enhanced.

[2021-02-18 08:19:52 #2 type] 
Type domain.Event is not enhanced.

[2021-02-18 08:19:53 #4 type] 
Type domain.Question is not enhanced.

[2021-02-18 08:19:53 #5 type] 
Type domain.Event is not enhanced.

[2021-02-18 08:23:03 #6 store] 
Database '/home/txus/ownCloud/DoSienSia/SOFTENG/SOFTENG Ews/CourseProjects/BETANDRUIN/BetAndRuin21/resources/db/bets.temp' is closed by 35479@Txus-PS-42

[2021-02-18 08:23:08 #7 server] 
Server on port 6136 has stopped by 35479@Txus-PS-42

------------------------------------------------------------------------------------------------------------------------

[2021-02-18 08:24:38 #1 server] 
Server on port 6136 has started by 35730@Txus-PS-42

[2021-02-18 08:24:46 #2 store] 
Database '/home/txus/ownCloud/DoSienSia/SOFTENG/SOFTENG Ews/CourseProjects/BETANDRUIN/BetAndRuin21/resources/db/bets.temp' is opened by 35730@Txus-PS-42

[2021-02-18 08:24:46 #3 store] 
Configuration path: ?

[2021-02-18 08:24:46 #4 type] 
Type domain.Question is not enhanced.

[2021-02-18 08:24:46 #5 type] 
Type domain.Event is not enhanced.

------------------------------------------------------------------------------------------------------------------------

[2021-02-18 08:24:46 #1 type] 
Type domain.Question is not enhanced.

[2021-02-18 08:24:46 #2 type] 
Type domain.Event is not enhanced.

[2021-02-18 08:25:35 #6 store] 
Database '/home/txus/ownCloud/DoSienSia/SOFTENG/SOFTENG Ews/CourseProjects/BETANDRUIN/BetAndRuin21/resources/db/bets.temp' is closed by 35730@Txus-PS-42

[2021-02-18 08:25:38 #7 server] 
Server on port 6136 has stopped by 35730@Txus-PS-42

------------------------------------------------------------------------------------------------------------------------

[2021-02-18 08:28:17 #1 server] 
Server on port 6136 has started by 35942@Txus-PS-42

[2021-02-18 08:28:41 #2 server] 
Server on port 6136 has stopped by 35942@Txus-PS-42

------------------------------------------------------------------------------------------------------------------------

[2021-02-18 10:53:28 #1 store] 
Database 'C:\Users\UX533\Desktop\workspace\BetAndRuin 21\bets.temp' is opened by 16316@LAPTOP-P8RHHL27

[2021-02-18 10:53:28 #2 store] 
Configuration path: ?

[2021-02-18 10:53:28 #3 type] 
Type domain.Question is not enhanced.

[2021-02-18 10:53:28 #4 type] 
Type domain.Event is not enhanced.

