------------------------------------------------------------------------------------------------------------------------

[2021-04-05 11:52:39 #1 store] 
Database 'C:\Users\Iñaki Moreno\git\Bets_repo\BetAndRuin 21\bets.temp' is opened by 3616@DESKTOP-UN6F2EK

[2021-04-05 11:52:39 #2 store] 
Configuration path: ?

[2021-04-05 11:52:39 #3 type] 
Type domain.Event is not enhanced.

[2021-04-05 11:52:39 #4 type] 
Type domain.Question is not enhanced.

[2021-04-05 11:53:04 #5 type] 
Type domain.User is not enhanced.

[2021-04-05 11:53:04 #6 type] 
Type domain.Bet is not enhanced.

------------------------------------------------------------------------------------------------------------------------

[2021-04-05 12:25:18 #1 store] 
Database 'C:\Users\Iñaki Moreno\git\Bets_repo\BetAndRuin 21\bets.temp' is opened by 19500@DESKTOP-UN6F2EK

[2021-04-05 12:25:18 #2 store] 
Configuration path: ?

[2021-04-05 12:25:18 #3 type] 
Type domain.Event is not enhanced.

[2021-04-05 12:25:18 #4 type] 
Type domain.Question is not enhanced.

[2021-04-05 12:25:44 #5 type] 
Type domain.User is not enhanced.

[2021-04-05 12:25:44 #6 type] 
Type domain.Bet is not enhanced.

------------------------------------------------------------------------------------------------------------------------

[2021-04-05 12:28:15 #1 store] 
Database 'C:\Users\Iñaki Moreno\git\Bets_repo\BetAndRuin 21\bets.temp' is opened by 5972@DESKTOP-UN6F2EK

[2021-04-05 12:28:15 #2 store] 
Configuration path: ?

[2021-04-05 12:28:15 #3 type] 
Type domain.Event is not enhanced.

[2021-04-05 12:28:15 #4 type] 
Type domain.Question is not enhanced.

------------------------------------------------------------------------------------------------------------------------

[2021-04-05 12:28:56 #1 store] 
Database 'C:\Users\Iñaki Moreno\git\Bets_repo\BetAndRuin 21\bets.temp' is opened by 6016@DESKTOP-UN6F2EK

[2021-04-05 12:28:56 #2 store] 
Configuration path: ?

[2021-04-05 12:28:56 #3 type] 
Type domain.Event is not enhanced.

[2021-04-05 12:28:56 #4 type] 
Type domain.Question is not enhanced.

------------------------------------------------------------------------------------------------------------------------

[2021-04-05 12:32:51 #1 store] 
Database 'C:\Users\Iñaki Moreno\git\Bets_repo\BetAndRuin 21\bets.temp' is opened by 9716@DESKTOP-UN6F2EK

[2021-04-05 12:32:51 #2 store] 
Configuration path: ?

[2021-04-05 12:32:51 #3 type] 
Type domain.Event is not enhanced.

[2021-04-05 12:32:51 #4 type] 
Type domain.Question is not enhanced.

[2021-04-05 12:33:09 #5 type] 
Type domain.User is not enhanced.

[2021-04-05 12:33:09 #6 type] 
Type domain.Bet is not enhanced.

------------------------------------------------------------------------------------------------------------------------

[2021-04-05 12:39:34 #1 store] 
Database 'C:\Users\Iñaki Moreno\git\Bets_repo\BetAndRuin 21\bets.temp' is opened by 9388@DESKTOP-UN6F2EK

[2021-04-05 12:39:34 #2 store] 
Configuration path: ?

[2021-04-05 12:39:34 #3 type] 
Type domain.Event is not enhanced.

[2021-04-05 12:39:34 #4 type] 
Type domain.Question is not enhanced.

[2021-04-05 12:39:45 #5 type] 
Type domain.User is not enhanced.

[2021-04-05 12:39:45 #6 type] 
Type domain.Bet is not enhanced.

------------------------------------------------------------------------------------------------------------------------

[2021-04-05 12:41:28 #1 store] 
Database 'C:\Users\Iñaki Moreno\git\Bets_repo\BetAndRuin 21\bets.temp' is opened by 704@DESKTOP-UN6F2EK

[2021-04-05 12:41:28 #2 store] 
Configuration path: ?

[2021-04-05 12:41:28 #3 type] 
Type domain.Event is not enhanced.

[2021-04-05 12:41:28 #4 type] 
Type domain.Question is not enhanced.

[2021-04-05 12:41:38 #5 type] 
Type domain.User is not enhanced.

[2021-04-05 12:41:38 #6 type] 
Type domain.Bet is not enhanced.

------------------------------------------------------------------------------------------------------------------------

[2021-04-05 12:44:17 #1 store] 
Database 'C:\Users\Iñaki Moreno\git\Bets_repo\BetAndRuin 21\bets.temp' is opened by 1224@DESKTOP-UN6F2EK

[2021-04-05 12:44:17 #2 store] 
Configuration path: ?

[2021-04-05 12:44:17 #3 type] 
Type domain.Event is not enhanced.

[2021-04-05 12:44:17 #4 type] 
Type domain.Question is not enhanced.

------------------------------------------------------------------------------------------------------------------------

[2021-04-05 12:44:23 #1 store] 
Database 'C:\Users\Iñaki Moreno\git\Bets_repo\BetAndRuin 21\bets.temp' is opened by 20004@DESKTOP-UN6F2EK

[2021-04-05 12:44:23 #2 store] 
Configuration path: ?

[2021-04-05 12:44:23 #3 type] 
Type domain.Event is not enhanced.

[2021-04-05 12:44:23 #4 type] 
Type domain.Question is not enhanced.

[2021-04-05 12:44:30 #5 type] 
Type domain.User is not enhanced.

[2021-04-05 12:44:30 #6 type] 
Type domain.Bet is not enhanced.

------------------------------------------------------------------------------------------------------------------------

[2021-04-05 12:46:22 #1 store] 
Database 'C:\Users\Iñaki Moreno\git\Bets_repo\BetAndRuin 21\bets.temp' has been recovered (tr. 1-9)

[2021-04-05 12:46:22 #2 store] 
Database 'C:\Users\Iñaki Moreno\git\Bets_repo\BetAndRuin 21\bets.temp' is opened by 12944@DESKTOP-UN6F2EK

[2021-04-05 12:46:22 #3 store] 
Configuration path: ?

[2021-04-05 12:46:22 #4 type] 
Type domain.Event is not enhanced.

[2021-04-05 12:46:22 #5 type] 
Type domain.Question is not enhanced.

[2021-04-05 12:46:22 #6 type] 
Type domain.User is not enhanced.

[2021-04-05 12:46:22 #7 type] 
Type domain.Bet is not enhanced.

------------------------------------------------------------------------------------------------------------------------

[2021-04-05 12:46:56 #1 store] 
Database 'C:\Users\Iñaki Moreno\git\Bets_repo\BetAndRuin 21\bets.temp' is opened by 5592@DESKTOP-UN6F2EK

[2021-04-05 12:46:56 #2 store] 
Configuration path: ?

[2021-04-05 12:46:56 #3 type] 
Type domain.Event is not enhanced.

[2021-04-05 12:46:56 #4 type] 
Type domain.Question is not enhanced.

[2021-04-05 12:46:56 #5 type] 
Type domain.User is not enhanced.

[2021-04-05 12:46:56 #6 type] 
Type domain.Bet is not enhanced.

------------------------------------------------------------------------------------------------------------------------

[2021-04-05 12:48:35 #1 store] 
Database 'C:\Users\Iñaki Moreno\git\Bets_repo\BetAndRuin 21\bets.temp' is opened by 19916@DESKTOP-UN6F2EK

[2021-04-05 12:48:35 #2 store] 
Configuration path: ?

[2021-04-05 12:48:35 #3 type] 
Type domain.Event is not enhanced.

[2021-04-05 12:48:35 #4 type] 
Type domain.Question is not enhanced.

[2021-04-05 12:48:35 #5 type] 
Type domain.User is not enhanced.

[2021-04-05 12:48:35 #6 type] 
Type domain.Bet is not enhanced.

------------------------------------------------------------------------------------------------------------------------

[2021-04-05 12:49:03 #1 store] 
Database 'C:\Users\Iñaki Moreno\git\Bets_repo\BetAndRuin 21\bets.temp' is opened by 15348@DESKTOP-UN6F2EK

[2021-04-05 12:49:03 #2 store] 
Configuration path: ?

[2021-04-05 12:49:03 #3 type] 
Type domain.Event is not enhanced.

[2021-04-05 12:49:03 #4 type] 
Type domain.Question is not enhanced.

[2021-04-05 12:49:03 #5 type] 
Type domain.User is not enhanced.

[2021-04-05 12:49:03 #6 type] 
Type domain.Bet is not enhanced.

------------------------------------------------------------------------------------------------------------------------

[2021-04-05 12:54:56 #1 store] 
Database 'C:\Users\Iñaki Moreno\git\Bets_repo\BetAndRuin 21\bets.temp' is opened by 9740@DESKTOP-UN6F2EK

[2021-04-05 12:54:56 #2 store] 
Configuration path: ?

[2021-04-05 12:54:57 #3 type] 
Type domain.Event is not enhanced.

[2021-04-05 12:54:57 #4 type] 
Type domain.Question is not enhanced.

[2021-04-05 12:54:57 #5 type] 
Type domain.User is not enhanced.

[2021-04-05 12:54:57 #6 type] 
Type domain.Bet is not enhanced.

------------------------------------------------------------------------------------------------------------------------

[2021-04-05 17:27:28 #1 store] 
Database 'C:\Users\Iñaki Moreno\git\Bets_repo\BetAndRuin 21\bets.temp' is opened by 3952@DESKTOP-UN6F2EK

[2021-04-05 17:27:28 #2 store] 
Configuration path: ?

[2021-04-05 17:27:28 #3 type] 
Type domain.Event is not enhanced.

[2021-04-05 17:27:28 #4 type] 
Type domain.Question is not enhanced.

[2021-04-05 17:27:28 #5 type] 
Type domain.User is not enhanced.

[2021-04-05 17:27:28 #6 type] 
Type domain.Bet is not enhanced.

------------------------------------------------------------------------------------------------------------------------

[2021-04-05 23:48:11 #1 store] 
Database 'C:\Users\Iñaki Moreno\git\Bets_repo\BetAndRuin 21\bets.temp' has been recovered (tr. 13-13)

[2021-04-05 23:48:11 #2 store] 
Database 'C:\Users\Iñaki Moreno\git\Bets_repo\BetAndRuin 21\bets.temp' is opened by 21656@DESKTOP-UN6F2EK

[2021-04-05 23:48:11 #3 store] 
Configuration path: ?

[2021-04-05 23:48:11 #4 type] 
Type domain.Event is not enhanced.

[2021-04-05 23:48:11 #5 type] 
Type domain.Question is not enhanced.

[2021-04-05 23:48:11 #6 type] 
Type domain.User is not enhanced.

[2021-04-05 23:48:11 #7 type] 
Type domain.Bet is not enhanced.

------------------------------------------------------------------------------------------------------------------------

[2021-04-05 23:57:53 #1 store] 
Database 'C:\Users\Iñaki Moreno\git\Bets_repo\BetAndRuin 21\bets.temp' has been recovered (tr. 14-14)

[2021-04-05 23:57:53 #2 store] 
Database 'C:\Users\Iñaki Moreno\git\Bets_repo\BetAndRuin 21\bets.temp' is opened by 21872@DESKTOP-UN6F2EK

[2021-04-05 23:57:53 #3 store] 
Configuration path: ?

[2021-04-05 23:57:53 #4 type] 
Type domain.Event is not enhanced.

[2021-04-05 23:57:53 #5 type] 
Type domain.Question is not enhanced.

[2021-04-05 23:57:53 #6 type] 
Type domain.User is not enhanced.

[2021-04-05 23:57:53 #7 type] 
Type domain.Bet is not enhanced.

