------------------------------------------------------------------------------------------------------------------------

[2021-04-06 00:08:38 #1 store] 
Database 'C:\Users\Iñaki Moreno\git\Bets_repo\BetAndRuin 21\bets.temp' is opened by 5444@DESKTOP-UN6F2EK

[2021-04-06 00:08:38 #2 store] 
Configuration path: ?

[2021-04-06 00:08:38 #3 type] 
Type domain.Event is not enhanced.

[2021-04-06 00:08:38 #4 type] 
Type domain.Question is not enhanced.

------------------------------------------------------------------------------------------------------------------------

[2021-04-06 00:09:58 #1 store] 
Database 'C:\Users\Iñaki Moreno\git\Bets_repo\BetAndRuin 21\bets.temp' is opened by 21776@DESKTOP-UN6F2EK

[2021-04-06 00:09:58 #2 store] 
Configuration path: ?

[2021-04-06 00:09:59 #3 type] 
Type domain.Event is not enhanced.

[2021-04-06 00:09:59 #4 type] 
Type domain.Question is not enhanced.

------------------------------------------------------------------------------------------------------------------------

[2021-04-06 00:11:25 #1 store] 
Database 'C:\Users\Iñaki Moreno\git\Bets_repo\BetAndRuin 21\bets.temp' is opened by 2932@DESKTOP-UN6F2EK

[2021-04-06 00:11:25 #2 store] 
Configuration path: ?

[2021-04-06 00:11:25 #3 type] 
Type domain.Event is not enhanced.

[2021-04-06 00:11:25 #4 type] 
Type domain.Question is not enhanced.

[2021-04-06 00:11:25 #5 type] 
Type domain.Option is not enhanced.

[2021-04-06 00:12:18 #6 type] 
Type domain.User is not enhanced.

[2021-04-06 00:12:18 #7 type] 
Type domain.Bet is not enhanced.

------------------------------------------------------------------------------------------------------------------------

[2021-04-06 00:14:10 #1 store] 
Database 'C:\Users\Iñaki Moreno\git\Bets_repo\BetAndRuin 21\bets.temp' has been recovered (tr. 1-11)

[2021-04-06 00:14:10 #2 store] 
Database 'C:\Users\Iñaki Moreno\git\Bets_repo\BetAndRuin 21\bets.temp' is opened by 20060@DESKTOP-UN6F2EK

[2021-04-06 00:14:10 #3 store] 
Configuration path: ?

[2021-04-06 00:14:10 #4 type] 
Type domain.Event is not enhanced.

[2021-04-06 00:14:10 #5 type] 
Type domain.Question is not enhanced.

[2021-04-06 00:14:10 #6 type] 
Type domain.Option is not enhanced.

[2021-04-06 00:14:10 #7 type] 
Type domain.User is not enhanced.

[2021-04-06 00:14:10 #8 type] 
Type domain.Bet is not enhanced.

------------------------------------------------------------------------------------------------------------------------

[2021-04-06 00:27:34 #1 store] 
Database 'C:\Users\Iñaki Moreno\git\Bets_repo\BetAndRuin 21\bets.temp' is opened by 13896@DESKTOP-UN6F2EK

[2021-04-06 00:27:34 #2 store] 
Configuration path: ?

[2021-04-06 00:27:34 #3 type] 
Type domain.Event is not enhanced.

[2021-04-06 00:27:34 #4 type] 
Type domain.Question is not enhanced.

[2021-04-06 00:27:34 #5 type] 
Type domain.Option is not enhanced.

[2021-04-06 00:28:14 #6 type] 
Type domain.User is not enhanced.

[2021-04-06 00:28:14 #7 type] 
Type domain.Bet is not enhanced.

------------------------------------------------------------------------------------------------------------------------

[2021-04-06 11:27:55 #1 store] 
Database 'C:\Users\Iñaki Moreno\git\Bets_repo\BetAndRuin 21\bets.temp' is opened by 20128@DESKTOP-UN6F2EK

[2021-04-06 11:27:55 #2 store] 
Configuration path: ?

[2021-04-06 11:27:55 #3 type] 
Type domain.Event is not enhanced.

[2021-04-06 11:27:55 #4 type] 
Type domain.Question is not enhanced.

[2021-04-06 11:27:55 #5 type] 
Type domain.Option is not enhanced.

[2021-04-06 11:27:55 #6 type] 
Type domain.User is not enhanced.

[2021-04-06 11:27:55 #7 type] 
Type domain.Bet is not enhanced.

------------------------------------------------------------------------------------------------------------------------

[2021-04-06 11:29:43 #1 store] 
Database 'C:\Users\Iñaki Moreno\git\Bets_repo\BetAndRuin 21\bets.temp' is opened by 9660@DESKTOP-UN6F2EK

[2021-04-06 11:29:43 #2 store] 
Configuration path: ?

[2021-04-06 11:29:43 #3 type] 
Type domain.Event is not enhanced.

[2021-04-06 11:29:43 #4 type] 
Type domain.Question is not enhanced.

[2021-04-06 11:29:43 #5 type] 
Type domain.Option is not enhanced.

[2021-04-06 11:29:43 #6 type] 
Type domain.User is not enhanced.

[2021-04-06 11:29:43 #7 type] 
Type domain.Bet is not enhanced.

