------------------------------------------------------------------------------------------------------------------------

[2021-04-02 00:30:01 #1 store] 
Database 'C:\Users\Iñaki Moreno\git\Bets_repo\BetAndRuin 21\bets.temp' is opened by 2596@DESKTOP-UN6F2EK

[2021-04-02 00:30:01 #2 store] 
Configuration path: ?

[2021-04-02 00:30:01 #3 type] 
Type domain.Event is not enhanced.

[2021-04-02 00:30:01 #4 type] 
Type domain.Question is not enhanced.

------------------------------------------------------------------------------------------------------------------------

[2021-04-02 00:37:29 #1 store] 
Database 'C:\Users\Iñaki Moreno\git\Bets_repo\BetAndRuin 21\bets.temp' is opened by 5648@DESKTOP-UN6F2EK

[2021-04-02 00:37:29 #2 store] 
Configuration path: ?

[2021-04-02 00:37:29 #3 type] 
Type domain.Event is not enhanced.

[2021-04-02 00:37:29 #4 type] 
Type domain.Question is not enhanced.

------------------------------------------------------------------------------------------------------------------------

[2021-04-02 00:49:13 #1 store] 
Database 'C:\Users\Iñaki Moreno\git\Bets_repo\BetAndRuin 21\bets.temp' is opened by 17572@DESKTOP-UN6F2EK

[2021-04-02 00:49:13 #2 store] 
Configuration path: ?

[2021-04-02 00:49:13 #3 type] 
Type domain.Event is not enhanced.

[2021-04-02 00:49:13 #4 type] 
Type domain.Question is not enhanced.

------------------------------------------------------------------------------------------------------------------------

[2021-04-02 00:50:27 #1 store] 
Database 'C:\Users\Iñaki Moreno\git\Bets_repo\BetAndRuin 21\bets.temp' is opened by 8208@DESKTOP-UN6F2EK

[2021-04-02 00:50:27 #2 store] 
Configuration path: ?

[2021-04-02 00:50:27 #3 type] 
Type domain.Event is not enhanced.

[2021-04-02 00:50:27 #4 type] 
Type domain.Question is not enhanced.

------------------------------------------------------------------------------------------------------------------------

[2021-04-02 00:51:48 #1 store] 
Database 'C:\Users\Iñaki Moreno\git\Bets_repo\BetAndRuin 21\bets.temp' is opened by 3780@DESKTOP-UN6F2EK

[2021-04-02 00:51:48 #2 store] 
Configuration path: ?

[2021-04-02 00:51:48 #3 type] 
Type domain.Event is not enhanced.

[2021-04-02 00:51:48 #4 type] 
Type domain.Question is not enhanced.

