------------------------------------------------------------------------------------------------------------------------

[2021-03-31 12:55:30 #1 store] 
Database 'C:\Users\Iñaki Moreno\git\Bets_repo\BetAndRuin 21\bets.temp' is opened by 11860@DESKTOP-UN6F2EK

[2021-03-31 12:55:30 #2 store] 
Configuration path: ?

[2021-03-31 12:55:30 #3 type] 
Type domain.Event is not enhanced.

[2021-03-31 12:55:30 #4 type] 
Type domain.Question is not enhanced.

[2021-03-31 12:55:41 #5 type] 
Type domain.User is not enhanced.

[2021-03-31 12:55:41 #6 type] 
Type domain.Bet is not enhanced.

------------------------------------------------------------------------------------------------------------------------

[2021-03-31 13:26:51 #1 store] 
Database 'C:\Users\Iñaki Moreno\git\Bets_repo\BetAndRuin 21\bets.temp' is opened by 13900@DESKTOP-UN6F2EK

[2021-03-31 13:26:51 #2 store] 
Configuration path: ?

[2021-03-31 13:26:51 #3 type] 
Type domain.Event is not enhanced.

[2021-03-31 13:26:51 #4 type] 
Type domain.Question is not enhanced.

------------------------------------------------------------------------------------------------------------------------

[2021-03-31 13:27:09 #1 store] 
Database 'C:\Users\Iñaki Moreno\git\Bets_repo\BetAndRuin 21\bets.temp' is opened by 7776@DESKTOP-UN6F2EK

[2021-03-31 13:27:09 #2 store] 
Configuration path: ?

[2021-03-31 13:27:10 #3 type] 
Type domain.Event is not enhanced.

[2021-03-31 13:27:10 #4 type] 
Type domain.Question is not enhanced.

------------------------------------------------------------------------------------------------------------------------

[2021-03-31 13:30:45 #1 store] 
Database 'C:\Users\Iñaki Moreno\git\Bets_repo\BetAndRuin 21\bets.temp' is opened by 21056@DESKTOP-UN6F2EK

[2021-03-31 13:30:45 #2 store] 
Configuration path: ?

[2021-03-31 13:30:45 #3 type] 
Type domain.Event is not enhanced.

[2021-03-31 13:30:45 #4 type] 
Type domain.Question is not enhanced.

------------------------------------------------------------------------------------------------------------------------

[2021-03-31 13:32:34 #1 store] 
Database 'C:\Users\Iñaki Moreno\git\Bets_repo\BetAndRuin 21\bets.temp' is opened by 3556@DESKTOP-UN6F2EK

[2021-03-31 13:32:34 #2 store] 
Configuration path: ?

[2021-03-31 13:32:34 #3 type] 
Type domain.Event is not enhanced.

[2021-03-31 13:32:34 #4 type] 
Type domain.Question is not enhanced.

------------------------------------------------------------------------------------------------------------------------

[2021-03-31 13:32:40 #1 store] 
Database 'C:\Users\Iñaki Moreno\git\Bets_repo\BetAndRuin 21\bets.temp' is opened by 20492@DESKTOP-UN6F2EK

[2021-03-31 13:32:40 #2 store] 
Configuration path: ?

[2021-03-31 13:32:40 #3 type] 
Type domain.Event is not enhanced.

[2021-03-31 13:32:40 #4 type] 
Type domain.Question is not enhanced.

------------------------------------------------------------------------------------------------------------------------

[2021-03-31 13:32:46 #1 store] 
Database 'C:\Users\Iñaki Moreno\git\Bets_repo\BetAndRuin 21\bets.temp' is opened by 21492@DESKTOP-UN6F2EK

[2021-03-31 13:32:46 #2 store] 
Configuration path: ?

[2021-03-31 13:32:46 #3 type] 
Type domain.Event is not enhanced.

[2021-03-31 13:32:46 #4 type] 
Type domain.Question is not enhanced.

------------------------------------------------------------------------------------------------------------------------

[2021-03-31 13:36:08 #1 store] 
Database 'C:\Users\Iñaki Moreno\git\Bets_repo\BetAndRuin 21\bets.temp' is opened by 4804@DESKTOP-UN6F2EK

[2021-03-31 13:36:08 #2 store] 
Configuration path: ?

[2021-03-31 13:36:08 #3 type] 
Type domain.Event is not enhanced.

[2021-03-31 13:36:08 #4 type] 
Type domain.Question is not enhanced.

------------------------------------------------------------------------------------------------------------------------

[2021-03-31 13:36:25 #1 store] 
Database 'C:\Users\Iñaki Moreno\git\Bets_repo\BetAndRuin 21\bets.temp' is opened by 11032@DESKTOP-UN6F2EK

[2021-03-31 13:36:25 #2 store] 
Configuration path: ?

[2021-03-31 13:36:25 #3 type] 
Type domain.Event is not enhanced.

[2021-03-31 13:36:25 #4 type] 
Type domain.Question is not enhanced.

------------------------------------------------------------------------------------------------------------------------

[2021-03-31 13:38:01 #1 store] 
Database 'C:\Users\Iñaki Moreno\git\Bets_repo\BetAndRuin 21\bets.temp' is opened by 1164@DESKTOP-UN6F2EK

[2021-03-31 13:38:01 #2 store] 
Configuration path: ?

[2021-03-31 13:38:01 #3 type] 
Type domain.Event is not enhanced.

[2021-03-31 13:38:01 #4 type] 
Type domain.Question is not enhanced.

------------------------------------------------------------------------------------------------------------------------

[2021-03-31 13:38:06 #1 store] 
Database 'C:\Users\Iñaki Moreno\git\Bets_repo\BetAndRuin 21\bets.temp' is opened by 6576@DESKTOP-UN6F2EK

[2021-03-31 13:38:06 #2 store] 
Configuration path: ?

[2021-03-31 13:38:06 #3 type] 
Type domain.Event is not enhanced.

[2021-03-31 13:38:07 #4 type] 
Type domain.Question is not enhanced.

------------------------------------------------------------------------------------------------------------------------

[2021-03-31 13:38:20 #1 store] 
Database 'C:\Users\Iñaki Moreno\git\Bets_repo\BetAndRuin 21\bets.temp' is opened by 14428@DESKTOP-UN6F2EK

[2021-03-31 13:38:20 #2 store] 
Configuration path: ?

[2021-03-31 13:38:20 #3 type] 
Type domain.Event is not enhanced.

[2021-03-31 13:38:20 #4 type] 
Type domain.Question is not enhanced.

------------------------------------------------------------------------------------------------------------------------

[2021-03-31 13:38:30 #1 store] 
Database 'C:\Users\Iñaki Moreno\git\Bets_repo\BetAndRuin 21\bets.temp' is opened by 11708@DESKTOP-UN6F2EK

[2021-03-31 13:38:30 #2 store] 
Configuration path: ?

[2021-03-31 13:38:30 #3 type] 
Type domain.Event is not enhanced.

[2021-03-31 13:38:30 #4 type] 
Type domain.Question is not enhanced.

------------------------------------------------------------------------------------------------------------------------

[2021-03-31 13:40:16 #1 store] 
Database 'C:\Users\Iñaki Moreno\git\Bets_repo\BetAndRuin 21\bets.temp' is opened by 18172@DESKTOP-UN6F2EK

[2021-03-31 13:40:16 #2 store] 
Configuration path: ?

[2021-03-31 13:40:16 #3 type] 
Type domain.Event is not enhanced.

[2021-03-31 13:40:16 #4 type] 
Type domain.Question is not enhanced.

------------------------------------------------------------------------------------------------------------------------

[2021-03-31 13:44:49 #1 store] 
Database 'C:\Users\Iñaki Moreno\git\Bets_repo\BetAndRuin 21\bets.temp' is opened by 20700@DESKTOP-UN6F2EK

[2021-03-31 13:44:49 #2 store] 
Configuration path: ?

[2021-03-31 13:44:49 #3 type] 
Type domain.Event is not enhanced.

[2021-03-31 13:44:49 #4 type] 
Type domain.Question is not enhanced.

