------------------------------------------------------------------------------------------------------------------------

[2021-04-20 16:24:17 #1 store] 
Database 'C:\Users\UX533\git\Bets_repo\BetAndRuin 21\bets.temp' is opened by 15896@LAPTOP-P8RHHL27

[2021-04-20 16:24:17 #2 store] 
Configuration path: ?

------------------------------------------------------------------------------------------------------------------------

[2021-04-20 16:24:49 #1 store] 
Database 'C:\Users\UX533\git\Bets_repo\BetAndRuin 21\bets.temp' has been recovered (tr. 1-2)

[2021-04-20 16:24:49 #2 store] 
Database 'C:\Users\UX533\git\Bets_repo\BetAndRuin 21\bets.temp' is opened by 7664@LAPTOP-P8RHHL27

[2021-04-20 16:24:49 #3 store] 
Configuration path: ?

------------------------------------------------------------------------------------------------------------------------

[2021-04-20 16:24:59 #1 store] 
Database 'C:\Users\UX533\git\Bets_repo\BetAndRuin 21\bets.temp' is opened by 16196@LAPTOP-P8RHHL27

[2021-04-20 16:24:59 #2 store] 
Configuration path: ?

------------------------------------------------------------------------------------------------------------------------

[2021-04-20 16:25:04 #1 store] 
Database 'C:\Users\UX533\git\Bets_repo\BetAndRuin 21\bets.temp' is opened by 8136@LAPTOP-P8RHHL27

[2021-04-20 16:25:04 #2 store] 
Configuration path: ?

------------------------------------------------------------------------------------------------------------------------

[2021-04-20 16:25:39 #1 store] 
Database 'C:\Users\UX533\git\Bets_repo\BetAndRuin 21\bets.temp' is opened by 8588@LAPTOP-P8RHHL27

[2021-04-20 16:25:39 #2 store] 
Configuration path: ?

[2021-04-20 16:25:39 #3 type] 
Type domain.Event is not enhanced.

[2021-04-20 16:25:39 #4 type] 
Type domain.Question is not enhanced.

[2021-04-20 16:25:39 #5 type] 
Type domain.Option is not enhanced.

------------------------------------------------------------------------------------------------------------------------

[2021-04-20 16:48:00 #1 store] 
Database 'C:\Users\UX533\git\Bets_repo\BetAndRuin 21\bets.temp' is opened by 15892@LAPTOP-P8RHHL27

[2021-04-20 16:48:00 #2 store] 
Configuration path: ?

[2021-04-20 16:48:00 #3 type] 
Type domain.Event is not enhanced.

[2021-04-20 16:48:00 #4 type] 
Type domain.Question is not enhanced.

[2021-04-20 16:48:00 #5 type] 
Type domain.Option is not enhanced.

[2021-04-20 16:48:12 #6 type] 
Type domain.User is not enhanced.

[2021-04-20 16:48:12 #7 type] 
Type domain.Bet is not enhanced.

------------------------------------------------------------------------------------------------------------------------

[2021-04-20 16:48:27 #1 store] 
Database 'C:\Users\UX533\git\Bets_repo\BetAndRuin 21\bets.temp' has been recovered (tr. 1-8)

[2021-04-20 16:48:27 #2 store] 
Database 'C:\Users\UX533\git\Bets_repo\BetAndRuin 21\bets.temp' is opened by 11776@LAPTOP-P8RHHL27

[2021-04-20 16:48:27 #3 store] 
Configuration path: ?

[2021-04-20 16:48:27 #4 type] 
Type domain.Event is not enhanced.

[2021-04-20 16:48:27 #5 type] 
Type domain.Question is not enhanced.

[2021-04-20 16:48:27 #6 type] 
Type domain.Option is not enhanced.

[2021-04-20 16:48:27 #7 type] 
Type domain.User is not enhanced.

[2021-04-20 16:48:27 #8 type] 
Type domain.Bet is not enhanced.

------------------------------------------------------------------------------------------------------------------------

[2021-04-20 17:04:18 #1 store] 
Database 'C:\Users\UX533\git\Bets_repo\BetAndRuin 21\bets.temp' has been recovered (tr. 9-9)

[2021-04-20 17:04:18 #2 store] 
Database 'C:\Users\UX533\git\Bets_repo\BetAndRuin 21\bets.temp' is opened by 3824@LAPTOP-P8RHHL27

[2021-04-20 17:04:18 #3 store] 
Configuration path: ?

[2021-04-20 17:04:19 #4 type] 
Type domain.Event is not enhanced.

[2021-04-20 17:04:19 #5 type] 
Type domain.Question is not enhanced.

[2021-04-20 17:04:19 #6 type] 
Type domain.Option is not enhanced.

[2021-04-20 17:04:19 #7 type] 
Type domain.User is not enhanced.

[2021-04-20 17:04:19 #8 type] 
Type domain.Bet is not enhanced.

------------------------------------------------------------------------------------------------------------------------

[2021-04-20 17:22:59 #1 store] 
Database 'C:\Users\UX533\git\Bets_repo\BetAndRuin 21\bets.temp' has been recovered (tr. 10-10)

[2021-04-20 17:22:59 #2 store] 
Database 'C:\Users\UX533\git\Bets_repo\BetAndRuin 21\bets.temp' is opened by 16032@LAPTOP-P8RHHL27

[2021-04-20 17:22:59 #3 store] 
Configuration path: ?

[2021-04-20 17:22:59 #4 type] 
Type domain.Event is not enhanced.

[2021-04-20 17:22:59 #5 type] 
Type domain.Question is not enhanced.

[2021-04-20 17:22:59 #6 type] 
Type domain.Option is not enhanced.

[2021-04-20 17:22:59 #7 type] 
Type domain.User is not enhanced.

[2021-04-20 17:22:59 #8 type] 
Type domain.Bet is not enhanced.

[2021-04-20 17:22:59 #9 type] 
Type domain.CreditCard is not enhanced.

------------------------------------------------------------------------------------------------------------------------

[2021-04-20 17:26:13 #1 store] 
Database 'C:\Users\UX533\git\Bets_repo\BetAndRuin 21\bets.temp' is opened by 13484@LAPTOP-P8RHHL27

[2021-04-20 17:26:13 #2 store] 
Configuration path: ?

[2021-04-20 17:26:14 #3 type] 
Type domain.Event is not enhanced.

[2021-04-20 17:26:14 #4 type] 
Type domain.Question is not enhanced.

[2021-04-20 17:26:14 #5 type] 
Type domain.Option is not enhanced.

[2021-04-20 17:26:14 #6 type] 
Type domain.User is not enhanced.

[2021-04-20 17:26:14 #7 type] 
Type domain.Bet is not enhanced.

[2021-04-20 17:26:14 #8 type] 
Type domain.CreditCard is not enhanced.

------------------------------------------------------------------------------------------------------------------------

[2021-04-20 17:28:14 #1 store] 
Database 'C:\Users\UX533\git\Bets_repo\BetAndRuin 21\bets.temp' is opened by 7160@LAPTOP-P8RHHL27

[2021-04-20 17:28:14 #2 store] 
Configuration path: ?

[2021-04-20 17:28:14 #3 type] 
Type domain.Event is not enhanced.

[2021-04-20 17:28:14 #4 type] 
Type domain.Question is not enhanced.

[2021-04-20 17:28:14 #5 type] 
Type domain.Option is not enhanced.

[2021-04-20 17:28:14 #6 type] 
Type domain.User is not enhanced.

[2021-04-20 17:28:14 #7 type] 
Type domain.Bet is not enhanced.

[2021-04-20 17:28:14 #8 type] 
Type domain.CreditCard is not enhanced.

------------------------------------------------------------------------------------------------------------------------

[2021-04-20 17:36:16 #1 store] 
Database 'C:\Users\UX533\git\Bets_repo\BetAndRuin 21\bets.temp' is opened by 2648@LAPTOP-P8RHHL27

[2021-04-20 17:36:16 #2 store] 
Configuration path: ?

[2021-04-20 17:36:17 #3 type] 
Type domain.Event is not enhanced.

[2021-04-20 17:36:17 #4 type] 
Type domain.Question is not enhanced.

[2021-04-20 17:36:17 #5 type] 
Type domain.Option is not enhanced.

[2021-04-20 17:36:17 #6 type] 
Type domain.User is not enhanced.

[2021-04-20 17:36:17 #7 type] 
Type domain.Bet is not enhanced.

[2021-04-20 17:36:17 #8 type] 
Type domain.CreditCard is not enhanced.

------------------------------------------------------------------------------------------------------------------------

[2021-04-20 17:40:04 #1 store] 
Database 'C:\Users\UX533\git\Bets_repo\BetAndRuin 21\bets.temp' is opened by 1340@LAPTOP-P8RHHL27

[2021-04-20 17:40:04 #2 store] 
Configuration path: ?

[2021-04-20 17:40:05 #3 type] 
Type domain.Event is not enhanced.

[2021-04-20 17:40:05 #4 type] 
Type domain.Question is not enhanced.

[2021-04-20 17:40:05 #5 type] 
Type domain.Option is not enhanced.

[2021-04-20 17:40:48 #6 type] 
Type domain.User is not enhanced.

[2021-04-20 17:40:49 #7 type] 
Type domain.CreditCard is not enhanced.

[2021-04-20 17:40:49 #8 type] 
Type domain.Bet is not enhanced.

------------------------------------------------------------------------------------------------------------------------

[2021-04-20 17:41:49 #1 store] 
Database 'C:\Users\UX533\git\Bets_repo\BetAndRuin 21\bets.temp' is opened by 9684@LAPTOP-P8RHHL27

[2021-04-20 17:41:49 #2 store] 
Configuration path: ?

[2021-04-20 17:41:50 #3 type] 
Type domain.Event is not enhanced.

[2021-04-20 17:41:50 #4 type] 
Type domain.Question is not enhanced.

[2021-04-20 17:41:50 #5 type] 
Type domain.Option is not enhanced.

[2021-04-20 17:41:50 #6 type] 
Type domain.User is not enhanced.

[2021-04-20 17:41:50 #7 type] 
Type domain.CreditCard is not enhanced.

[2021-04-20 17:41:50 #8 type] 
Type domain.Bet is not enhanced.

------------------------------------------------------------------------------------------------------------------------

[2021-04-20 17:55:24 #1 store] 
Database 'C:\Users\UX533\git\Bets_repo\BetAndRuin 21\bets.temp' is opened by 6020@LAPTOP-P8RHHL27

[2021-04-20 17:55:24 #2 store] 
Configuration path: ?

[2021-04-20 17:55:24 #3 type] 
Type domain.Event is not enhanced.

[2021-04-20 17:55:24 #4 type] 
Type domain.Question is not enhanced.

[2021-04-20 17:55:24 #5 type] 
Type domain.Option is not enhanced.

[2021-04-20 17:55:24 #6 type] 
Type domain.User is not enhanced.

[2021-04-20 17:55:24 #7 type] 
Type domain.CreditCard is not enhanced.

[2021-04-20 17:55:24 #8 type] 
Type domain.Bet is not enhanced.

------------------------------------------------------------------------------------------------------------------------

[2021-04-20 18:03:31 #1 store] 
Database 'C:\Users\UX533\git\Bets_repo\BetAndRuin 21\bets.temp' is opened by 12644@LAPTOP-P8RHHL27

[2021-04-20 18:03:31 #2 store] 
Configuration path: ?

[2021-04-20 18:03:32 #3 type] 
Type domain.Event is not enhanced.

[2021-04-20 18:03:32 #4 type] 
Type domain.Question is not enhanced.

[2021-04-20 18:03:32 #5 type] 
Type domain.Option is not enhanced.

[2021-04-20 18:03:32 #6 type] 
Type domain.User is not enhanced.

[2021-04-20 18:03:32 #7 type] 
Type domain.CreditCard is not enhanced.

[2021-04-20 18:03:32 #8 type] 
Type domain.Bet is not enhanced.

------------------------------------------------------------------------------------------------------------------------

[2021-04-20 18:04:36 #1 store] 
Database 'C:\Users\UX533\git\Bets_repo\BetAndRuin 21\bets.temp' is opened by 10664@LAPTOP-P8RHHL27

[2021-04-20 18:04:36 #2 store] 
Configuration path: ?

[2021-04-20 18:04:36 #3 type] 
Type domain.Event is not enhanced.

[2021-04-20 18:04:36 #4 type] 
Type domain.Question is not enhanced.

[2021-04-20 18:04:36 #5 type] 
Type domain.Option is not enhanced.

[2021-04-20 18:04:36 #6 type] 
Type domain.User is not enhanced.

[2021-04-20 18:04:36 #7 type] 
Type domain.CreditCard is not enhanced.

[2021-04-20 18:04:36 #8 type] 
Type domain.Bet is not enhanced.

------------------------------------------------------------------------------------------------------------------------

[2021-04-20 18:04:57 #1 store] 
Database 'C:\Users\UX533\git\Bets_repo\BetAndRuin 21\bets.temp' is opened by 12192@LAPTOP-P8RHHL27

[2021-04-20 18:04:57 #2 store] 
Configuration path: ?

[2021-04-20 18:04:58 #3 type] 
Type domain.Event is not enhanced.

[2021-04-20 18:04:58 #4 type] 
Type domain.Question is not enhanced.

[2021-04-20 18:04:58 #5 type] 
Type domain.Option is not enhanced.

[2021-04-20 18:04:58 #6 type] 
Type domain.User is not enhanced.

[2021-04-20 18:04:58 #7 type] 
Type domain.CreditCard is not enhanced.

[2021-04-20 18:04:58 #8 type] 
Type domain.Bet is not enhanced.

------------------------------------------------------------------------------------------------------------------------

[2021-04-20 18:05:59 #1 store] 
Database 'C:\Users\UX533\git\Bets_repo\BetAndRuin 21\bets.temp' is opened by 10648@LAPTOP-P8RHHL27

[2021-04-20 18:05:59 #2 store] 
Configuration path: ?

[2021-04-20 18:06:00 #3 type] 
Type domain.Event is not enhanced.

[2021-04-20 18:06:00 #4 type] 
Type domain.Question is not enhanced.

[2021-04-20 18:06:00 #5 type] 
Type domain.Option is not enhanced.

[2021-04-20 18:06:00 #6 type] 
Type domain.User is not enhanced.

[2021-04-20 18:06:00 #7 type] 
Type domain.CreditCard is not enhanced.

[2021-04-20 18:06:00 #8 type] 
Type domain.Bet is not enhanced.

------------------------------------------------------------------------------------------------------------------------

[2021-04-20 18:13:29 #1 store] 
Database 'C:\Users\UX533\git\Bets_repo\BetAndRuin 21\bets.temp' is opened by 7844@LAPTOP-P8RHHL27

[2021-04-20 18:13:29 #2 store] 
Configuration path: ?

[2021-04-20 18:13:29 #3 type] 
Type domain.Event is not enhanced.

[2021-04-20 18:13:29 #4 type] 
Type domain.Question is not enhanced.

[2021-04-20 18:13:29 #5 type] 
Type domain.Option is not enhanced.

[2021-04-20 18:13:29 #6 type] 
Type domain.User is not enhanced.

[2021-04-20 18:13:29 #7 type] 
Type domain.CreditCard is not enhanced.

[2021-04-20 18:13:29 #8 type] 
Type domain.Bet is not enhanced.

------------------------------------------------------------------------------------------------------------------------

[2021-04-20 18:38:03 #1 store] 
Database 'C:\Users\UX533\git\Bets_repo\BetAndRuin 21\bets.temp' is opened by 9872@LAPTOP-P8RHHL27

[2021-04-20 18:38:03 #2 store] 
Configuration path: ?

[2021-04-20 18:38:03 #3 type] 
Type domain.Event is not enhanced.

[2021-04-20 18:38:03 #4 type] 
Type domain.Question is not enhanced.

[2021-04-20 18:38:03 #5 type] 
Type domain.Option is not enhanced.

[2021-04-20 18:38:03 #6 type] 
Type domain.User is not enhanced.

[2021-04-20 18:38:04 #7 type] 
Type domain.CreditCard is not enhanced.

[2021-04-20 18:38:04 #8 type] 
Type domain.Bet is not enhanced.

------------------------------------------------------------------------------------------------------------------------

[2021-04-20 18:45:41 #1 store] 
Database 'C:\Users\UX533\git\Bets_repo\BetAndRuin 21\bets.temp' has been recovered (tr. 11-11)

[2021-04-20 18:45:41 #2 store] 
Database 'C:\Users\UX533\git\Bets_repo\BetAndRuin 21\bets.temp' is opened by 5744@LAPTOP-P8RHHL27

[2021-04-20 18:45:41 #3 store] 
Configuration path: ?

[2021-04-20 18:45:42 #4 type] 
Type domain.Event is not enhanced.

[2021-04-20 18:45:42 #5 type] 
Type domain.Question is not enhanced.

[2021-04-20 18:45:42 #6 type] 
Type domain.Option is not enhanced.

[2021-04-20 18:45:42 #7 type] 
Type domain.User is not enhanced.

[2021-04-20 18:45:42 #8 type] 
Type domain.CreditCard is not enhanced.

[2021-04-20 18:45:42 #9 type] 
Type domain.Bet is not enhanced.

------------------------------------------------------------------------------------------------------------------------

[2021-04-20 18:52:11 #1 store] 
Database 'C:\Users\UX533\git\Bets_repo\BetAndRuin 21\bets.temp' is opened by 4660@LAPTOP-P8RHHL27

[2021-04-20 18:52:11 #2 store] 
Configuration path: ?

[2021-04-20 18:52:11 #3 type] 
Type domain.Event is not enhanced.

[2021-04-20 18:52:11 #4 type] 
Type domain.Question is not enhanced.

[2021-04-20 18:52:11 #5 type] 
Type domain.Option is not enhanced.

[2021-04-20 18:52:11 #6 type] 
Type domain.User is not enhanced.

[2021-04-20 18:52:11 #7 type] 
Type domain.CreditCard is not enhanced.

[2021-04-20 18:52:11 #8 type] 
Type domain.Bet is not enhanced.

------------------------------------------------------------------------------------------------------------------------

[2021-04-20 18:56:12 #1 store] 
Database 'C:\Users\UX533\git\Bets_repo\BetAndRuin 21\bets.temp' is opened by 15248@LAPTOP-P8RHHL27

[2021-04-20 18:56:12 #2 store] 
Configuration path: ?

[2021-04-20 18:56:12 #3 type] 
Type domain.Event is not enhanced.

[2021-04-20 18:56:12 #4 type] 
Type domain.Question is not enhanced.

[2021-04-20 18:56:12 #5 type] 
Type domain.Option is not enhanced.

[2021-04-20 18:56:12 #6 type] 
Type domain.User is not enhanced.

[2021-04-20 18:56:12 #7 type] 
Type domain.CreditCard is not enhanced.

[2021-04-20 18:56:12 #8 type] 
Type domain.Bet is not enhanced.

------------------------------------------------------------------------------------------------------------------------

[2021-04-20 18:58:09 #1 store] 
Database 'C:\Users\UX533\git\Bets_repo\BetAndRuin 21\bets.temp' is opened by 14012@LAPTOP-P8RHHL27

[2021-04-20 18:58:09 #2 store] 
Configuration path: ?

[2021-04-20 18:58:10 #3 type] 
Type domain.Event is not enhanced.

[2021-04-20 18:58:10 #4 type] 
Type domain.Question is not enhanced.

[2021-04-20 18:58:10 #5 type] 
Type domain.Option is not enhanced.

[2021-04-20 18:58:10 #6 type] 
Type domain.User is not enhanced.

[2021-04-20 18:58:10 #7 type] 
Type domain.CreditCard is not enhanced.

[2021-04-20 18:58:10 #8 type] 
Type domain.Bet is not enhanced.

