------------------------------------------------------------------------------------------------------------------------

[2021-03-04 11:06:34 #1 store] 
Database 'C:\Users\Usuario\git\Bets_repo\BetAndRuin 21\bets.temp' is opened by 16788@DESKTOP-GUIG4CC

[2021-03-04 11:06:34 #2 store] 
Configuration path: ?

[2021-03-04 11:06:34 #3 type] 
Type domain.Event is not enhanced.

[2021-03-04 11:06:34 #4 type] 
Type domain.Question is not enhanced.

[2021-03-04 11:06:34 #5 type] 
Type domain.User is not enhanced.

[2021-03-04 11:06:34 #6 type] 
Type domain.Bet is not enhanced.

------------------------------------------------------------------------------------------------------------------------

[2021-03-04 11:09:43 #1 store] 
Database 'C:\Users\Usuario\git\Bets_repo\BetAndRuin 21\bets.temp' has been recovered (tr. 125-126)

[2021-03-04 11:09:43 #2 store] 
Database 'C:\Users\Usuario\git\Bets_repo\BetAndRuin 21\bets.temp' is opened by 9136@DESKTOP-GUIG4CC

[2021-03-04 11:09:43 #3 store] 
Configuration path: ?

[2021-03-04 11:09:43 #4 type] 
Type domain.Event is not enhanced.

[2021-03-04 11:09:43 #5 type] 
Type domain.Question is not enhanced.

[2021-03-04 11:09:43 #6 type] 
Type domain.User is not enhanced.

[2021-03-04 11:09:43 #7 type] 
Type domain.Bet is not enhanced.

------------------------------------------------------------------------------------------------------------------------

[2021-03-04 11:17:20 #1 store] 
Database 'C:\Users\Usuario\git\Bets_repo\BetAndRuin 21\bets.temp' has been recovered (tr. 127-128)

[2021-03-04 11:17:20 #2 store] 
Database 'C:\Users\Usuario\git\Bets_repo\BetAndRuin 21\bets.temp' is opened by 12692@DESKTOP-GUIG4CC

[2021-03-04 11:17:20 #3 store] 
Configuration path: ?

[2021-03-04 11:17:20 #4 type] 
Type domain.Event is not enhanced.

[2021-03-04 11:17:20 #5 type] 
Type domain.Question is not enhanced.

[2021-03-04 11:17:20 #6 type] 
Type domain.User is not enhanced.

[2021-03-04 11:17:20 #7 type] 
Type domain.Bet is not enhanced.

------------------------------------------------------------------------------------------------------------------------

[2021-03-04 11:17:43 #1 store] 
Database 'C:\Users\Usuario\git\Bets_repo\BetAndRuin 21\bets.temp' is opened by 7744@DESKTOP-GUIG4CC

[2021-03-04 11:17:43 #2 store] 
Configuration path: ?

[2021-03-04 11:17:43 #3 type] 
Type domain.Event is not enhanced.

[2021-03-04 11:17:43 #4 type] 
Type domain.Question is not enhanced.

[2021-03-04 11:17:43 #5 type] 
Type domain.User is not enhanced.

[2021-03-04 11:17:43 #6 type] 
Type domain.Bet is not enhanced.

------------------------------------------------------------------------------------------------------------------------

[2021-03-04 11:20:42 #1 store] 
Database 'C:\Users\Usuario\git\Bets_repo\BetAndRuin 21\bets.temp' is opened by 12444@DESKTOP-GUIG4CC

[2021-03-04 11:20:42 #2 store] 
Configuration path: ?

[2021-03-04 11:20:42 #3 type] 
Type domain.Event is not enhanced.

[2021-03-04 11:20:42 #4 type] 
Type domain.Question is not enhanced.

[2021-03-04 11:20:42 #5 type] 
Type domain.User is not enhanced.

[2021-03-04 11:20:42 #6 type] 
Type domain.Bet is not enhanced.

------------------------------------------------------------------------------------------------------------------------

[2021-03-04 11:24:16 #1 store] 
Database 'C:\Users\Usuario\git\Bets_repo\BetAndRuin 21\bets.temp' is opened by 14632@DESKTOP-GUIG4CC

[2021-03-04 11:24:16 #2 store] 
Configuration path: ?

[2021-03-04 11:24:16 #3 type] 
Type domain.Event is not enhanced.

[2021-03-04 11:24:16 #4 type] 
Type domain.Question is not enhanced.

[2021-03-04 11:24:16 #5 type] 
Type domain.User is not enhanced.

[2021-03-04 11:24:16 #6 type] 
Type domain.Bet is not enhanced.

------------------------------------------------------------------------------------------------------------------------

[2021-03-04 11:34:10 #1 store] 
Database 'C:\Users\Usuario\git\Bets_repo\BetAndRuin 21\bets.temp' is opened by 7664@DESKTOP-GUIG4CC

[2021-03-04 11:34:10 #2 store] 
Configuration path: ?

[2021-03-04 11:34:11 #3 type] 
Type domain.Event is not enhanced.

[2021-03-04 11:34:11 #4 type] 
Type domain.Question is not enhanced.

[2021-03-04 11:34:11 #5 type] 
Type domain.User is not enhanced.

[2021-03-04 11:34:11 #6 type] 
Type domain.Bet is not enhanced.

------------------------------------------------------------------------------------------------------------------------

[2021-03-04 11:36:03 #1 store] 
Database 'C:\Users\Usuario\git\Bets_repo\BetAndRuin 21\bets.temp' is opened by 10328@DESKTOP-GUIG4CC

[2021-03-04 11:36:03 #2 store] 
Configuration path: ?

[2021-03-04 11:36:03 #3 type] 
Type domain.Event is not enhanced.

[2021-03-04 11:36:03 #4 type] 
Type domain.Question is not enhanced.

[2021-03-04 11:36:03 #5 type] 
Type domain.User is not enhanced.

[2021-03-04 11:36:03 #6 type] 
Type domain.Bet is not enhanced.

------------------------------------------------------------------------------------------------------------------------

[2021-03-04 11:44:22 #1 store] 
Database 'C:\Users\Usuario\git\Bets_repo\BetAndRuin 21\bets.temp' is opened by 16048@DESKTOP-GUIG4CC

[2021-03-04 11:44:22 #2 store] 
Configuration path: ?

[2021-03-04 11:44:22 #3 type] 
Type domain.Event is not enhanced.

[2021-03-04 11:44:22 #4 type] 
Type domain.Question is not enhanced.

[2021-03-04 11:44:22 #5 type] 
Type domain.User is not enhanced.

[2021-03-04 11:44:22 #6 type] 
Type domain.Bet is not enhanced.

------------------------------------------------------------------------------------------------------------------------

[2021-03-04 11:45:42 #1 store] 
Database 'C:\Users\Usuario\git\Bets_repo\BetAndRuin 21\bets.temp' has been recovered (tr. 129-130)

[2021-03-04 11:45:43 #2 store] 
Database 'C:\Users\Usuario\git\Bets_repo\BetAndRuin 21\bets.temp' is opened by 12252@DESKTOP-GUIG4CC

[2021-03-04 11:45:43 #3 store] 
Configuration path: ?

[2021-03-04 11:45:43 #4 type] 
Type domain.Event is not enhanced.

[2021-03-04 11:45:43 #5 type] 
Type domain.Question is not enhanced.

[2021-03-04 11:45:43 #6 type] 
Type domain.User is not enhanced.

[2021-03-04 11:45:43 #7 type] 
Type domain.Bet is not enhanced.

------------------------------------------------------------------------------------------------------------------------

[2021-03-04 11:47:04 #1 store] 
Database 'C:\Users\Usuario\git\Bets_repo\BetAndRuin 21\bets.temp' has been recovered (tr. 131-132)

[2021-03-04 11:47:04 #2 store] 
Database 'C:\Users\Usuario\git\Bets_repo\BetAndRuin 21\bets.temp' is opened by 1764@DESKTOP-GUIG4CC

[2021-03-04 11:47:04 #3 store] 
Configuration path: ?

[2021-03-04 11:47:05 #4 type] 
Type domain.Event is not enhanced.

[2021-03-04 11:47:05 #5 type] 
Type domain.Question is not enhanced.

[2021-03-04 11:47:05 #6 type] 
Type domain.User is not enhanced.

[2021-03-04 11:47:05 #7 type] 
Type domain.Bet is not enhanced.

------------------------------------------------------------------------------------------------------------------------

[2021-03-04 11:53:27 #1 store] 
Database 'C:\Users\Usuario\git\Bets_repo\BetAndRuin 21\bets.temp' has been recovered (tr. 133-138)

[2021-03-04 11:53:27 #2 store] 
Database 'C:\Users\Usuario\git\Bets_repo\BetAndRuin 21\bets.temp' is opened by 4652@DESKTOP-GUIG4CC

[2021-03-04 11:53:27 #3 store] 
Configuration path: ?

[2021-03-04 11:53:27 #4 type] 
Type domain.Event is not enhanced.

[2021-03-04 11:53:27 #5 type] 
Type domain.Question is not enhanced.

[2021-03-04 11:53:27 #6 type] 
Type domain.User is not enhanced.

[2021-03-04 11:53:27 #7 type] 
Type domain.Bet is not enhanced.

------------------------------------------------------------------------------------------------------------------------

[2021-03-04 11:54:49 #1 store] 
Database 'C:\Users\Usuario\git\Bets_repo\BetAndRuin 21\bets.temp' is opened by 7676@DESKTOP-GUIG4CC

[2021-03-04 11:54:49 #2 store] 
Configuration path: ?

[2021-03-04 11:54:49 #3 type] 
Type domain.Event is not enhanced.

[2021-03-04 11:54:49 #4 type] 
Type domain.Question is not enhanced.

[2021-03-04 11:54:49 #5 type] 
Type domain.User is not enhanced.

[2021-03-04 11:54:49 #6 type] 
Type domain.Bet is not enhanced.

------------------------------------------------------------------------------------------------------------------------

[2021-03-04 11:56:34 #1 store] 
Database 'C:\Users\Usuario\git\Bets_repo\BetAndRuin 21\bets.temp' is opened by 12812@DESKTOP-GUIG4CC

[2021-03-04 11:56:34 #2 store] 
Configuration path: ?

[2021-03-04 11:56:35 #3 type] 
Type domain.Event is not enhanced.

[2021-03-04 11:56:35 #4 type] 
Type domain.Question is not enhanced.

[2021-03-04 11:56:35 #5 type] 
Type domain.User is not enhanced.

[2021-03-04 11:56:35 #6 type] 
Type domain.Bet is not enhanced.

------------------------------------------------------------------------------------------------------------------------

[2021-03-04 11:58:18 #1 store] 
Database 'C:\Users\Usuario\git\Bets_repo\BetAndRuin 21\bets.temp' is opened by 9916@DESKTOP-GUIG4CC

[2021-03-04 11:58:18 #2 store] 
Configuration path: ?

[2021-03-04 11:58:18 #3 type] 
Type domain.Event is not enhanced.

[2021-03-04 11:58:18 #4 type] 
Type domain.Question is not enhanced.

[2021-03-04 11:58:18 #5 type] 
Type domain.User is not enhanced.

[2021-03-04 11:58:18 #6 type] 
Type domain.Bet is not enhanced.

------------------------------------------------------------------------------------------------------------------------

[2021-03-04 11:59:29 #1 store] 
Database 'C:\Users\Usuario\git\Bets_repo\BetAndRuin 21\bets.temp' is opened by 17244@DESKTOP-GUIG4CC

[2021-03-04 11:59:29 #2 store] 
Configuration path: ?

[2021-03-04 11:59:29 #3 type] 
Type domain.Event is not enhanced.

[2021-03-04 11:59:29 #4 type] 
Type domain.Question is not enhanced.

[2021-03-04 11:59:29 #5 type] 
Type domain.User is not enhanced.

[2021-03-04 11:59:29 #6 type] 
Type domain.Bet is not enhanced.

------------------------------------------------------------------------------------------------------------------------

[2021-03-04 12:00:33 #1 store] 
Database 'C:\Users\Usuario\git\Bets_repo\BetAndRuin 21\bets.temp' is opened by 11276@DESKTOP-GUIG4CC

[2021-03-04 12:00:33 #2 store] 
Configuration path: ?

[2021-03-04 12:00:33 #3 type] 
Type domain.Event is not enhanced.

[2021-03-04 12:00:33 #4 type] 
Type domain.Question is not enhanced.

[2021-03-04 12:00:33 #5 type] 
Type domain.User is not enhanced.

[2021-03-04 12:00:33 #6 type] 
Type domain.Bet is not enhanced.

------------------------------------------------------------------------------------------------------------------------

[2021-03-04 12:03:07 #1 store] 
Database 'C:\Users\Usuario\git\Bets_repo\BetAndRuin 21\bets.temp' is opened by 3308@DESKTOP-GUIG4CC

[2021-03-04 12:03:07 #2 store] 
Configuration path: ?

[2021-03-04 12:03:07 #3 type] 
Type domain.Event is not enhanced.

[2021-03-04 12:03:07 #4 type] 
Type domain.Question is not enhanced.

[2021-03-04 12:03:07 #5 type] 
Type domain.User is not enhanced.

[2021-03-04 12:03:07 #6 type] 
Type domain.Bet is not enhanced.

------------------------------------------------------------------------------------------------------------------------

[2021-03-04 12:11:44 #1 store] 
Database 'C:\Users\Usuario\git\Bets_repo\BetAndRuin 21\bets.temp' is opened by 16244@DESKTOP-GUIG4CC

[2021-03-04 12:11:44 #2 store] 
Configuration path: ?

[2021-03-04 12:11:44 #3 type] 
Type domain.Event is not enhanced.

[2021-03-04 12:11:44 #4 type] 
Type domain.Question is not enhanced.

[2021-03-04 12:11:44 #5 type] 
Type domain.User is not enhanced.

[2021-03-04 12:11:44 #6 type] 
Type domain.Bet is not enhanced.

------------------------------------------------------------------------------------------------------------------------

[2021-03-04 12:11:57 #1 store] 
Database 'C:\Users\Usuario\git\Bets_repo\BetAndRuin 21\bets.temp' is opened by 11840@DESKTOP-GUIG4CC

[2021-03-04 12:11:57 #2 store] 
Configuration path: ?

[2021-03-04 12:11:57 #3 type] 
Type domain.Event is not enhanced.

[2021-03-04 12:11:57 #4 type] 
Type domain.Question is not enhanced.

[2021-03-04 12:11:57 #5 type] 
Type domain.User is not enhanced.

[2021-03-04 12:11:57 #6 type] 
Type domain.Bet is not enhanced.

------------------------------------------------------------------------------------------------------------------------

[2021-03-04 12:16:55 #1 store] 
Database 'C:\Users\Usuario\git\Bets_repo\BetAndRuin 21\bets.temp' is opened by 5888@DESKTOP-GUIG4CC

[2021-03-04 12:16:55 #2 store] 
Configuration path: ?

[2021-03-04 12:16:55 #3 type] 
Type domain.Event is not enhanced.

[2021-03-04 12:16:55 #4 type] 
Type domain.Question is not enhanced.

[2021-03-04 12:16:55 #5 type] 
Type domain.User is not enhanced.

[2021-03-04 12:16:55 #6 type] 
Type domain.Bet is not enhanced.

------------------------------------------------------------------------------------------------------------------------

[2021-03-04 12:18:01 #1 store] 
Database 'C:\Users\Usuario\git\Bets_repo\BetAndRuin 21\bets.temp' is opened by 16928@DESKTOP-GUIG4CC

[2021-03-04 12:18:01 #2 store] 
Configuration path: ?

[2021-03-04 12:18:01 #3 type] 
Type domain.Event is not enhanced.

[2021-03-04 12:18:01 #4 type] 
Type domain.Question is not enhanced.

[2021-03-04 12:18:01 #5 type] 
Type domain.User is not enhanced.

[2021-03-04 12:18:01 #6 type] 
Type domain.Bet is not enhanced.

------------------------------------------------------------------------------------------------------------------------

[2021-03-04 12:18:19 #1 store] 
Database 'C:\Users\Usuario\git\Bets_repo\BetAndRuin 21\bets.temp' is opened by 8412@DESKTOP-GUIG4CC

[2021-03-04 12:18:19 #2 store] 
Configuration path: ?

[2021-03-04 12:18:19 #3 type] 
Type domain.Event is not enhanced.

[2021-03-04 12:18:19 #4 type] 
Type domain.Question is not enhanced.

[2021-03-04 12:18:19 #5 type] 
Type domain.User is not enhanced.

[2021-03-04 12:18:19 #6 type] 
Type domain.Bet is not enhanced.

------------------------------------------------------------------------------------------------------------------------

[2021-03-04 12:18:40 #1 store] 
Database 'C:\Users\Usuario\git\Bets_repo\BetAndRuin 21\bets.temp' is opened by 11228@DESKTOP-GUIG4CC

[2021-03-04 12:18:40 #2 store] 
Configuration path: ?

[2021-03-04 12:18:41 #3 type] 
Type domain.Event is not enhanced.

[2021-03-04 12:18:41 #4 type] 
Type domain.Question is not enhanced.

[2021-03-04 12:18:41 #5 type] 
Type domain.User is not enhanced.

[2021-03-04 12:18:41 #6 type] 
Type domain.Bet is not enhanced.

------------------------------------------------------------------------------------------------------------------------

[2021-03-04 12:20:59 #1 store] 
Database 'C:\Users\Usuario\git\Bets_repo\BetAndRuin 21\bets.temp' is opened by 1816@DESKTOP-GUIG4CC

[2021-03-04 12:20:59 #2 store] 
Configuration path: ?

[2021-03-04 12:20:59 #3 type] 
Type domain.Event is not enhanced.

[2021-03-04 12:20:59 #4 type] 
Type domain.Question is not enhanced.

[2021-03-04 12:20:59 #5 type] 
Type domain.User is not enhanced.

[2021-03-04 12:20:59 #6 type] 
Type domain.Bet is not enhanced.

------------------------------------------------------------------------------------------------------------------------

[2021-03-04 12:21:03 #1 store] 
Database 'C:\Users\Usuario\git\Bets_repo\BetAndRuin 21\bets.temp' is opened by 4204@DESKTOP-GUIG4CC

[2021-03-04 12:21:03 #2 store] 
Configuration path: ?

[2021-03-04 12:21:03 #3 type] 
Type domain.Event is not enhanced.

[2021-03-04 12:21:03 #4 type] 
Type domain.Question is not enhanced.

[2021-03-04 12:21:03 #5 type] 
Type domain.User is not enhanced.

[2021-03-04 12:21:03 #6 type] 
Type domain.Bet is not enhanced.

------------------------------------------------------------------------------------------------------------------------

[2021-03-04 12:21:08 #1 store] 
Database 'C:\Users\Usuario\git\Bets_repo\BetAndRuin 21\bets.temp' is opened by 6936@DESKTOP-GUIG4CC

[2021-03-04 12:21:08 #2 store] 
Configuration path: ?

[2021-03-04 12:21:08 #3 type] 
Type domain.Event is not enhanced.

[2021-03-04 12:21:08 #4 type] 
Type domain.Question is not enhanced.

[2021-03-04 12:21:08 #5 type] 
Type domain.User is not enhanced.

[2021-03-04 12:21:08 #6 type] 
Type domain.Bet is not enhanced.

------------------------------------------------------------------------------------------------------------------------

[2021-03-04 12:21:31 #1 store] 
Database 'C:\Users\Usuario\git\Bets_repo\BetAndRuin 21\bets.temp' is opened by 12724@DESKTOP-GUIG4CC

[2021-03-04 12:21:31 #2 store] 
Configuration path: ?

[2021-03-04 12:21:31 #3 type] 
Type domain.Event is not enhanced.

[2021-03-04 12:21:31 #4 type] 
Type domain.Question is not enhanced.

[2021-03-04 12:21:31 #5 type] 
Type domain.User is not enhanced.

[2021-03-04 12:21:31 #6 type] 
Type domain.Bet is not enhanced.

------------------------------------------------------------------------------------------------------------------------

[2021-03-04 12:24:20 #1 store] 
Database 'C:\Users\Usuario\git\Bets_repo\BetAndRuin 21\bets.temp' is opened by 15852@DESKTOP-GUIG4CC

[2021-03-04 12:24:20 #2 store] 
Configuration path: ?

[2021-03-04 12:24:20 #3 type] 
Type domain.Event is not enhanced.

[2021-03-04 12:24:20 #4 type] 
Type domain.Question is not enhanced.

[2021-03-04 12:24:20 #5 type] 
Type domain.User is not enhanced.

[2021-03-04 12:24:20 #6 type] 
Type domain.Bet is not enhanced.

------------------------------------------------------------------------------------------------------------------------

[2021-03-04 12:24:31 #1 store] 
Database 'C:\Users\Usuario\git\Bets_repo\BetAndRuin 21\bets.temp' is opened by 2812@DESKTOP-GUIG4CC

[2021-03-04 12:24:31 #2 store] 
Configuration path: ?

[2021-03-04 12:24:31 #3 type] 
Type domain.Event is not enhanced.

[2021-03-04 12:24:31 #4 type] 
Type domain.Question is not enhanced.

[2021-03-04 12:24:31 #5 type] 
Type domain.User is not enhanced.

[2021-03-04 12:24:31 #6 type] 
Type domain.Bet is not enhanced.

------------------------------------------------------------------------------------------------------------------------

[2021-03-04 12:27:16 #1 store] 
Database 'C:\Users\Usuario\git\Bets_repo\BetAndRuin 21\bets.temp' is opened by 11960@DESKTOP-GUIG4CC

[2021-03-04 12:27:16 #2 store] 
Configuration path: ?

[2021-03-04 12:27:17 #3 type] 
Type domain.Event is not enhanced.

[2021-03-04 12:27:17 #4 type] 
Type domain.Question is not enhanced.

[2021-03-04 12:27:17 #5 type] 
Type domain.User is not enhanced.

[2021-03-04 12:27:17 #6 type] 
Type domain.Bet is not enhanced.

------------------------------------------------------------------------------------------------------------------------

[2021-03-04 17:09:50 #1 store] 
Database 'C:\Users\Iñaki Moreno\git\Bets_repo\BetAndRuin 21\bets.temp' is opened by 20168@DESKTOP-UN6F2EK

[2021-03-04 17:09:50 #2 store] 
Configuration path: ?

[2021-03-04 17:09:50 #3 type] 
Type domain.Event is not enhanced.

[2021-03-04 17:09:50 #4 type] 
Type domain.Question is not enhanced.

[2021-03-04 17:09:50 #5 type] 
Type domain.User is not enhanced.

[2021-03-04 17:09:50 #6 type] 
Type domain.Bet is not enhanced.

------------------------------------------------------------------------------------------------------------------------

[2021-03-04 17:13:30 #1 store] 
Database 'C:\Users\Iñaki Moreno\git\Bets_repo\BetAndRuin 21\bets.temp' is opened by 22904@DESKTOP-UN6F2EK

[2021-03-04 17:13:30 #2 store] 
Configuration path: ?

[2021-03-04 17:13:30 #3 type] 
Type domain.Event is not enhanced.

[2021-03-04 17:13:30 #4 type] 
Type domain.Question is not enhanced.

[2021-03-04 17:13:30 #5 type] 
Type domain.User is not enhanced.

[2021-03-04 17:13:30 #6 type] 
Type domain.Bet is not enhanced.

