------------------------------------------------------------------------------------------------------------------------

[2021-02-23 01:04:58 #1 store] 
Database 'C:\Users\Iñaki Moreno\git\Bets_repo\BetAndRuin 21\bets.temp' is opened by 1844@DESKTOP-UN6F2EK

[2021-02-23 01:04:58 #2 store] 
Configuration path: ?

[2021-02-23 01:04:58 #3 type] 
Type domain.Question is not enhanced.

[2021-02-23 01:04:58 #4 type] 
Type domain.Event is not enhanced.

------------------------------------------------------------------------------------------------------------------------

[2021-02-23 01:07:30 #1 store] 
Database 'C:\Users\Iñaki Moreno\git\Bets_repo\BetAndRuin 21\bets.temp' has been recovered (tr. 6-6)

[2021-02-23 01:07:30 #2 store] 
Database 'C:\Users\Iñaki Moreno\git\Bets_repo\BetAndRuin 21\bets.temp' is opened by 5612@DESKTOP-UN6F2EK

[2021-02-23 01:07:30 #3 store] 
Configuration path: ?

[2021-02-23 01:07:31 #4 type] 
Type domain.Question is not enhanced.

[2021-02-23 01:07:31 #5 type] 
Type domain.Event is not enhanced.

------------------------------------------------------------------------------------------------------------------------

[2021-02-23 01:07:34 #1 store] 
Database 'C:\Users\Iñaki Moreno\git\Bets_repo\BetAndRuin 21\bets.temp' is opened by 10048@DESKTOP-UN6F2EK

[2021-02-23 01:07:34 #2 store] 
Configuration path: ?

[2021-02-23 01:07:34 #3 type] 
Type domain.Question is not enhanced.

[2021-02-23 01:07:34 #4 type] 
Type domain.Event is not enhanced.

------------------------------------------------------------------------------------------------------------------------

[2021-02-23 01:07:39 #1 store] 
Database 'C:\Users\Iñaki Moreno\git\Bets_repo\BetAndRuin 21\bets.temp' is opened by 19368@DESKTOP-UN6F2EK

[2021-02-23 01:07:39 #2 store] 
Configuration path: ?

[2021-02-23 01:07:39 #3 type] 
Type domain.Question is not enhanced.

[2021-02-23 01:07:39 #4 type] 
Type domain.Event is not enhanced.

------------------------------------------------------------------------------------------------------------------------

[2021-02-23 01:12:27 #1 store] 
Database 'C:\Users\Iñaki Moreno\git\Bets_repo\BetAndRuin 21\bets.temp' is opened by 3332@DESKTOP-UN6F2EK

[2021-02-23 01:12:27 #2 store] 
Configuration path: ?

[2021-02-23 01:12:27 #3 type] 
Type domain.Question is not enhanced.

[2021-02-23 01:12:27 #4 type] 
Type domain.Event is not enhanced.

------------------------------------------------------------------------------------------------------------------------

[2021-02-23 01:15:54 #1 store] 
Database 'C:\Users\Iñaki Moreno\git\Bets_repo\BetAndRuin 21\bets.temp' is opened by 22524@DESKTOP-UN6F2EK

[2021-02-23 01:15:54 #2 store] 
Configuration path: ?

[2021-02-23 01:15:54 #3 type] 
Type domain.Question is not enhanced.

[2021-02-23 01:15:54 #4 type] 
Type domain.Event is not enhanced.

------------------------------------------------------------------------------------------------------------------------

[2021-02-23 01:16:37 #1 store] 
Database 'C:\Users\Iñaki Moreno\git\Bets_repo\BetAndRuin 21\bets.temp' is opened by 14356@DESKTOP-UN6F2EK

[2021-02-23 01:16:37 #2 store] 
Configuration path: ?

[2021-02-23 01:16:37 #3 type] 
Type domain.Question is not enhanced.

[2021-02-23 01:16:37 #4 type] 
Type domain.Event is not enhanced.

------------------------------------------------------------------------------------------------------------------------

[2021-02-23 01:17:20 #1 store] 
Database 'C:\Users\Iñaki Moreno\git\Bets_repo\BetAndRuin 21\bets.temp' is opened by 6408@DESKTOP-UN6F2EK

[2021-02-23 01:17:20 #2 store] 
Configuration path: ?

[2021-02-23 01:17:20 #3 type] 
Type domain.Question is not enhanced.

[2021-02-23 01:17:20 #4 type] 
Type domain.Event is not enhanced.

------------------------------------------------------------------------------------------------------------------------

[2021-02-23 01:18:38 #1 store] 
Database 'C:\Users\Iñaki Moreno\git\Bets_repo\BetAndRuin 21\bets.temp' is opened by 4680@DESKTOP-UN6F2EK

[2021-02-23 01:18:38 #2 store] 
Configuration path: ?

[2021-02-23 01:18:38 #3 type] 
Type domain.Question is not enhanced.

[2021-02-23 01:18:38 #4 type] 
Type domain.Event is not enhanced.

------------------------------------------------------------------------------------------------------------------------

[2021-02-23 01:18:52 #1 store] 
Database 'C:\Users\Iñaki Moreno\git\Bets_repo\BetAndRuin 21\bets.temp' is opened by 10912@DESKTOP-UN6F2EK

[2021-02-23 01:18:52 #2 store] 
Configuration path: ?

[2021-02-23 01:18:52 #3 type] 
Type domain.Question is not enhanced.

[2021-02-23 01:18:52 #4 type] 
Type domain.Event is not enhanced.

------------------------------------------------------------------------------------------------------------------------

[2021-02-23 01:19:01 #1 store] 
Database 'C:\Users\Iñaki Moreno\git\Bets_repo\BetAndRuin 21\bets.temp' is opened by 7012@DESKTOP-UN6F2EK

[2021-02-23 01:19:01 #2 store] 
Configuration path: ?

[2021-02-23 01:19:01 #3 type] 
Type domain.Question is not enhanced.

[2021-02-23 01:19:01 #4 type] 
Type domain.Event is not enhanced.

------------------------------------------------------------------------------------------------------------------------

[2021-02-23 01:21:03 #1 store] 
Database 'C:\Users\Iñaki Moreno\git\Bets_repo\BetAndRuin 21\bets.temp' is opened by 9256@DESKTOP-UN6F2EK

[2021-02-23 01:21:03 #2 store] 
Configuration path: ?

[2021-02-23 01:21:03 #3 type] 
Type domain.Question is not enhanced.

[2021-02-23 01:21:03 #4 type] 
Type domain.Event is not enhanced.

------------------------------------------------------------------------------------------------------------------------

[2021-02-23 01:21:31 #1 store] 
Database 'C:\Users\Iñaki Moreno\git\Bets_repo\BetAndRuin 21\bets.temp' is opened by 16960@DESKTOP-UN6F2EK

[2021-02-23 01:21:31 #2 store] 
Configuration path: ?

[2021-02-23 01:21:31 #3 type] 
Type domain.Question is not enhanced.

[2021-02-23 01:21:31 #4 type] 
Type domain.Event is not enhanced.

