------------------------------------------------------------------------------------------------------------------------

[2021-03-03 15:59:32 #1 store] 
Database 'C:\Users\Iñaki Moreno\git\Bets_repo\BetAndRuin 21\bets.temp' is opened by 11424@DESKTOP-UN6F2EK

[2021-03-03 15:59:32 #2 store] 
Configuration path: ?

[2021-03-03 15:59:32 #3 type] 
Type domain.Event is not enhanced.

[2021-03-03 15:59:32 #4 type] 
Type domain.Question is not enhanced.

[2021-03-03 15:59:32 #5 type] 
Type domain.User is not enhanced.

------------------------------------------------------------------------------------------------------------------------

[2021-03-03 16:01:16 #1 store] 
Database 'C:\Users\Iñaki Moreno\git\Bets_repo\BetAndRuin 21\bets.temp' is opened by 10848@DESKTOP-UN6F2EK

[2021-03-03 16:01:16 #2 store] 
Configuration path: ?

[2021-03-03 16:01:16 #3 type] 
Type domain.Event is not enhanced.

[2021-03-03 16:01:16 #4 type] 
Type domain.Question is not enhanced.

[2021-03-03 16:01:16 #5 type] 
Type domain.User is not enhanced.

------------------------------------------------------------------------------------------------------------------------

[2021-03-03 16:02:00 #1 store] 
Database 'C:\Users\Iñaki Moreno\git\Bets_repo\BetAndRuin 21\bets.temp' is opened by 16936@DESKTOP-UN6F2EK

[2021-03-03 16:02:00 #2 store] 
Configuration path: ?

[2021-03-03 16:02:00 #3 type] 
Type domain.Event is not enhanced.

[2021-03-03 16:02:00 #4 type] 
Type domain.Question is not enhanced.

[2021-03-03 16:02:06 #5 type] 
Type domain.User is not enhanced.

------------------------------------------------------------------------------------------------------------------------

[2021-03-03 16:08:46 #1 store] 
Database 'C:\Users\Iñaki Moreno\git\Bets_repo\BetAndRuin 21\bets.temp' has been recovered (tr. 1-7)

[2021-03-03 16:08:46 #2 store] 
Database 'C:\Users\Iñaki Moreno\git\Bets_repo\BetAndRuin 21\bets.temp' is opened by 3248@DESKTOP-UN6F2EK

[2021-03-03 16:08:46 #3 store] 
Configuration path: ?

[2021-03-03 16:08:46 #4 type] 
Type domain.Event is not enhanced.

[2021-03-03 16:08:46 #5 type] 
Type domain.Question is not enhanced.

[2021-03-03 16:08:46 #6 type] 
Type domain.User is not enhanced.

------------------------------------------------------------------------------------------------------------------------

[2021-03-03 16:09:34 #1 store] 
Database 'C:\Users\Iñaki Moreno\git\Bets_repo\BetAndRuin 21\bets.temp' is opened by 13588@DESKTOP-UN6F2EK

[2021-03-03 16:09:34 #2 store] 
Configuration path: ?

[2021-03-03 16:09:34 #3 type] 
Type domain.Event is not enhanced.

[2021-03-03 16:09:34 #4 type] 
Type domain.Question is not enhanced.

[2021-03-03 16:09:34 #5 type] 
Type domain.User is not enhanced.

------------------------------------------------------------------------------------------------------------------------

[2021-03-03 16:59:46 #1 store] 
Database 'C:\Users\Iñaki Moreno\git\Bets_repo\BetAndRuin 21\bets.temp' is opened by 21932@DESKTOP-UN6F2EK

[2021-03-03 16:59:46 #2 store] 
Configuration path: ?

[2021-03-03 16:59:46 #3 type] 
Type domain.Event is not enhanced.

[2021-03-03 16:59:46 #4 type] 
Type domain.Question is not enhanced.

[2021-03-03 16:59:46 #5 type] 
Type domain.User is not enhanced.

------------------------------------------------------------------------------------------------------------------------

[2021-03-03 17:02:40 #1 store] 
Database 'C:\Users\Iñaki Moreno\git\Bets_repo\BetAndRuin 21\bets.temp' is opened by 13880@DESKTOP-UN6F2EK

[2021-03-03 17:02:40 #2 store] 
Configuration path: ?

[2021-03-03 17:02:40 #3 type] 
Type domain.Event is not enhanced.

[2021-03-03 17:02:40 #4 type] 
Type domain.Question is not enhanced.

[2021-03-03 17:02:46 #5 type] 
Type domain.User is not enhanced.

------------------------------------------------------------------------------------------------------------------------

[2021-03-03 17:03:55 #1 store] 
Database 'C:\Users\Iñaki Moreno\git\Bets_repo\BetAndRuin 21\bets.temp' is opened by 16956@DESKTOP-UN6F2EK

[2021-03-03 17:03:55 #2 store] 
Configuration path: ?

[2021-03-03 17:03:55 #3 type] 
Type domain.Event is not enhanced.

[2021-03-03 17:03:55 #4 type] 
Type domain.Question is not enhanced.

[2021-03-03 17:04:02 #5 type] 
Type domain.User is not enhanced.

------------------------------------------------------------------------------------------------------------------------

[2021-03-03 17:21:08 #1 store] 
Database 'C:\Users\Iñaki Moreno\git\Bets_repo\BetAndRuin 21\bets.temp' is opened by 684@DESKTOP-UN6F2EK

[2021-03-03 17:21:08 #2 store] 
Configuration path: ?

[2021-03-03 17:21:08 #3 type] 
Type domain.Event is not enhanced.

[2021-03-03 17:21:08 #4 type] 
Type domain.Question is not enhanced.

------------------------------------------------------------------------------------------------------------------------

[2021-03-03 17:22:53 #1 store] 
Database 'C:\Users\Iñaki Moreno\git\Bets_repo\BetAndRuin 21\bets.temp' is opened by 6964@DESKTOP-UN6F2EK

[2021-03-03 17:22:53 #2 store] 
Configuration path: ?

[2021-03-03 17:22:53 #3 type] 
Type domain.Event is not enhanced.

[2021-03-03 17:22:53 #4 type] 
Type domain.Question is not enhanced.

------------------------------------------------------------------------------------------------------------------------

[2021-03-03 17:25:21 #1 store] 
Database 'C:\Users\Iñaki Moreno\git\Bets_repo\BetAndRuin 21\bets.temp' is opened by 20336@DESKTOP-UN6F2EK

[2021-03-03 17:25:21 #2 store] 
Configuration path: ?

[2021-03-03 17:25:21 #3 type] 
Type domain.Event is not enhanced.

[2021-03-03 17:25:21 #4 type] 
Type domain.Question is not enhanced.

------------------------------------------------------------------------------------------------------------------------

[2021-03-03 17:27:09 #1 store] 
Database 'C:\Users\Iñaki Moreno\git\Bets_repo\BetAndRuin 21\bets.temp' is opened by 19748@DESKTOP-UN6F2EK

[2021-03-03 17:27:09 #2 store] 
Configuration path: ?

[2021-03-03 17:27:09 #3 type] 
Type domain.Event is not enhanced.

[2021-03-03 17:27:09 #4 type] 
Type domain.Question is not enhanced.

[2021-03-03 17:27:19 #5 type] 
Type domain.User is not enhanced.

------------------------------------------------------------------------------------------------------------------------

[2021-03-03 17:28:48 #1 store] 
Database 'C:\Users\Iñaki Moreno\git\Bets_repo\BetAndRuin 21\bets.temp' has been recovered (tr. 8-9)

[2021-03-03 17:28:48 #2 store] 
Database 'C:\Users\Iñaki Moreno\git\Bets_repo\BetAndRuin 21\bets.temp' is opened by 872@DESKTOP-UN6F2EK

[2021-03-03 17:28:48 #3 store] 
Configuration path: ?

[2021-03-03 17:28:48 #4 type] 
Type domain.Event is not enhanced.

[2021-03-03 17:28:48 #5 type] 
Type domain.Question is not enhanced.

[2021-03-03 17:28:48 #6 type] 
Type domain.User is not enhanced.

------------------------------------------------------------------------------------------------------------------------

[2021-03-03 17:30:48 #1 store] 
Database 'C:\Users\Iñaki Moreno\git\Bets_repo\BetAndRuin 21\bets.temp' is opened by 22140@DESKTOP-UN6F2EK

[2021-03-03 17:30:48 #2 store] 
Configuration path: ?

[2021-03-03 17:30:48 #3 type] 
Type domain.Event is not enhanced.

[2021-03-03 17:30:48 #4 type] 
Type domain.Question is not enhanced.

[2021-03-03 17:30:48 #5 type] 
Type domain.User is not enhanced.

------------------------------------------------------------------------------------------------------------------------

[2021-03-03 17:33:10 #1 store] 
Database 'C:\Users\Iñaki Moreno\git\Bets_repo\BetAndRuin 21\bets.temp' is opened by 19192@DESKTOP-UN6F2EK

[2021-03-03 17:33:10 #2 store] 
Configuration path: ?

[2021-03-03 17:33:10 #3 type] 
Type domain.Event is not enhanced.

[2021-03-03 17:33:10 #4 type] 
Type domain.Question is not enhanced.

[2021-03-03 17:33:10 #5 type] 
Type domain.User is not enhanced.

------------------------------------------------------------------------------------------------------------------------

[2021-03-03 17:34:32 #1 store] 
Database 'C:\Users\Iñaki Moreno\git\Bets_repo\BetAndRuin 21\bets.temp' is opened by 8248@DESKTOP-UN6F2EK

[2021-03-03 17:34:32 #2 store] 
Configuration path: ?

[2021-03-03 17:34:32 #3 type] 
Type domain.Event is not enhanced.

[2021-03-03 17:34:32 #4 type] 
Type domain.Question is not enhanced.

[2021-03-03 17:34:32 #5 type] 
Type domain.User is not enhanced.

------------------------------------------------------------------------------------------------------------------------

[2021-03-03 17:36:08 #1 store] 
Database 'C:\Users\Iñaki Moreno\git\Bets_repo\BetAndRuin 21\bets.temp' is opened by 22400@DESKTOP-UN6F2EK

[2021-03-03 17:36:08 #2 store] 
Configuration path: ?

[2021-03-03 17:36:08 #3 type] 
Type domain.Event is not enhanced.

[2021-03-03 17:36:08 #4 type] 
Type domain.Question is not enhanced.

[2021-03-03 17:36:08 #5 type] 
Type domain.User is not enhanced.

------------------------------------------------------------------------------------------------------------------------

[2021-03-03 17:39:08 #1 store] 
Database 'C:\Users\Iñaki Moreno\git\Bets_repo\BetAndRuin 21\bets.temp' has been recovered (tr. 10-10)

[2021-03-03 17:39:08 #2 store] 
Database 'C:\Users\Iñaki Moreno\git\Bets_repo\BetAndRuin 21\bets.temp' is opened by 9924@DESKTOP-UN6F2EK

[2021-03-03 17:39:08 #3 store] 
Configuration path: ?

[2021-03-03 17:39:08 #4 type] 
Type domain.Event is not enhanced.

[2021-03-03 17:39:08 #5 type] 
Type domain.Question is not enhanced.

[2021-03-03 17:39:08 #6 type] 
Type domain.User is not enhanced.

------------------------------------------------------------------------------------------------------------------------

[2021-03-03 17:41:57 #1 store] 
Database 'C:\Users\Iñaki Moreno\git\Bets_repo\BetAndRuin 21\bets.temp' is opened by 4600@DESKTOP-UN6F2EK

[2021-03-03 17:41:57 #2 store] 
Configuration path: ?

[2021-03-03 17:41:57 #3 type] 
Type domain.Event is not enhanced.

[2021-03-03 17:41:57 #4 type] 
Type domain.Question is not enhanced.

[2021-03-03 17:41:57 #5 type] 
Type domain.User is not enhanced.

------------------------------------------------------------------------------------------------------------------------

[2021-03-03 17:43:02 #1 store] 
Database 'C:\Users\Iñaki Moreno\git\Bets_repo\BetAndRuin 21\bets.temp' is opened by 20868@DESKTOP-UN6F2EK

[2021-03-03 17:43:02 #2 store] 
Configuration path: ?

[2021-03-03 17:43:02 #3 type] 
Type domain.Event is not enhanced.

[2021-03-03 17:43:02 #4 type] 
Type domain.Question is not enhanced.

[2021-03-03 17:43:02 #5 type] 
Type domain.User is not enhanced.

------------------------------------------------------------------------------------------------------------------------

[2021-03-03 17:43:50 #1 store] 
Database 'C:\Users\Iñaki Moreno\git\Bets_repo\BetAndRuin 21\bets.temp' has been recovered (tr. 11-11)

[2021-03-03 17:43:50 #2 store] 
Database 'C:\Users\Iñaki Moreno\git\Bets_repo\BetAndRuin 21\bets.temp' is opened by 23312@DESKTOP-UN6F2EK

[2021-03-03 17:43:50 #3 store] 
Configuration path: ?

[2021-03-03 17:43:50 #4 type] 
Type domain.Event is not enhanced.

[2021-03-03 17:43:50 #5 type] 
Type domain.Question is not enhanced.

[2021-03-03 17:43:50 #6 type] 
Type domain.User is not enhanced.

------------------------------------------------------------------------------------------------------------------------

[2021-03-03 17:50:44 #1 store] 
Database 'C:\Users\Iñaki Moreno\git\Bets_repo\BetAndRuin 21\bets.temp' is opened by 23272@DESKTOP-UN6F2EK

[2021-03-03 17:50:44 #2 store] 
Configuration path: ?

[2021-03-03 17:50:44 #3 type] 
Type domain.Event is not enhanced.

[2021-03-03 17:50:44 #4 type] 
Type domain.Question is not enhanced.

[2021-03-03 17:50:44 #5 type] 
Type domain.User is not enhanced.

------------------------------------------------------------------------------------------------------------------------

[2021-03-03 17:52:25 #1 store] 
Database 'C:\Users\Iñaki Moreno\git\Bets_repo\BetAndRuin 21\bets.temp' is opened by 8656@DESKTOP-UN6F2EK

[2021-03-03 17:52:25 #2 store] 
Configuration path: ?

[2021-03-03 17:52:25 #3 type] 
Type domain.Event is not enhanced.

[2021-03-03 17:52:25 #4 type] 
Type domain.Question is not enhanced.

[2021-03-03 17:52:25 #5 type] 
Type domain.User is not enhanced.

------------------------------------------------------------------------------------------------------------------------

[2021-03-03 18:00:12 #1 store] 
Database 'C:\Users\Iñaki Moreno\git\Bets_repo\BetAndRuin 21\bets.temp' is opened by 8704@DESKTOP-UN6F2EK

[2021-03-03 18:00:12 #2 store] 
Configuration path: ?

[2021-03-03 18:00:12 #3 type] 
Type domain.Event is not enhanced.

[2021-03-03 18:00:12 #4 type] 
Type domain.Question is not enhanced.

[2021-03-03 18:00:12 #5 type] 
Type domain.User is not enhanced.

------------------------------------------------------------------------------------------------------------------------

[2021-03-03 18:04:53 #1 store] 
Database 'C:\Users\Iñaki Moreno\git\Bets_repo\BetAndRuin 21\bets.temp' is opened by 23312@DESKTOP-UN6F2EK

[2021-03-03 18:04:53 #2 store] 
Configuration path: ?

[2021-03-03 18:04:53 #3 type] 
Type domain.Event is not enhanced.

[2021-03-03 18:04:53 #4 type] 
Type domain.Question is not enhanced.

[2021-03-03 18:04:53 #5 type] 
Type domain.User is not enhanced.

------------------------------------------------------------------------------------------------------------------------

[2021-03-03 18:08:57 #1 store] 
Database 'C:\Users\Iñaki Moreno\git\Bets_repo\BetAndRuin 21\bets.temp' is opened by 9176@DESKTOP-UN6F2EK

[2021-03-03 18:08:57 #2 store] 
Configuration path: ?

[2021-03-03 18:08:57 #3 type] 
Type domain.Event is not enhanced.

[2021-03-03 18:08:57 #4 type] 
Type domain.Question is not enhanced.

[2021-03-03 18:08:57 #5 type] 
Type domain.User is not enhanced.

------------------------------------------------------------------------------------------------------------------------

[2021-03-03 19:19:20 #1 store] 
Database 'C:\Users\Iñaki Moreno\git\Bets_repo\BetAndRuin 21\bets.temp' is opened by 10404@DESKTOP-UN6F2EK

[2021-03-03 19:19:20 #2 store] 
Configuration path: ?

[2021-03-03 19:19:20 #3 type] 
Type domain.Event is not enhanced.

[2021-03-03 19:19:20 #4 type] 
Type domain.Question is not enhanced.

[2021-03-03 19:19:20 #5 type] 
Type domain.User is not enhanced.

------------------------------------------------------------------------------------------------------------------------

[2021-03-03 19:19:50 #1 store] 
Database 'C:\Users\Iñaki Moreno\git\Bets_repo\BetAndRuin 21\bets.temp' is opened by 19488@DESKTOP-UN6F2EK

[2021-03-03 19:19:50 #2 store] 
Configuration path: ?

[2021-03-03 19:19:50 #3 type] 
Type domain.Event is not enhanced.

[2021-03-03 19:19:51 #4 type] 
Type domain.Question is not enhanced.

[2021-03-03 19:19:51 #5 type] 
Type domain.User is not enhanced.

------------------------------------------------------------------------------------------------------------------------

[2021-03-03 19:46:47 #1 store] 
Database 'C:\Users\Iñaki Moreno\git\Bets_repo\BetAndRuin 21\bets.temp' is opened by 21392@DESKTOP-UN6F2EK

[2021-03-03 19:46:47 #2 store] 
Configuration path: ?

[2021-03-03 19:46:47 #3 type] 
Type domain.Event is not enhanced.

[2021-03-03 19:46:47 #4 type] 
Type domain.Question is not enhanced.

[2021-03-03 19:46:47 #5 type] 
Type domain.User is not enhanced.

------------------------------------------------------------------------------------------------------------------------

[2021-03-03 19:49:09 #1 store] 
Database 'C:\Users\Iñaki Moreno\git\Bets_repo\BetAndRuin 21\bets.temp' is opened by 14128@DESKTOP-UN6F2EK

[2021-03-03 19:49:09 #2 store] 
Configuration path: ?

[2021-03-03 19:49:09 #3 type] 
Type domain.Event is not enhanced.

[2021-03-03 19:49:09 #4 type] 
Type domain.Question is not enhanced.

[2021-03-03 19:49:09 #5 type] 
Type domain.User is not enhanced.

------------------------------------------------------------------------------------------------------------------------

[2021-03-03 19:50:15 #1 store] 
Database 'C:\Users\Iñaki Moreno\git\Bets_repo\BetAndRuin 21\bets.temp' is opened by 4320@DESKTOP-UN6F2EK

[2021-03-03 19:50:15 #2 store] 
Configuration path: ?

[2021-03-03 19:50:15 #3 type] 
Type domain.Event is not enhanced.

[2021-03-03 19:50:15 #4 type] 
Type domain.Question is not enhanced.

[2021-03-03 19:50:15 #5 type] 
Type domain.User is not enhanced.

------------------------------------------------------------------------------------------------------------------------

[2021-03-03 19:52:02 #1 store] 
Database 'C:\Users\Iñaki Moreno\git\Bets_repo\BetAndRuin 21\bets.temp' is opened by 21328@DESKTOP-UN6F2EK

[2021-03-03 19:52:02 #2 store] 
Configuration path: ?

[2021-03-03 19:52:02 #3 type] 
Type domain.Event is not enhanced.

[2021-03-03 19:52:02 #4 type] 
Type domain.Question is not enhanced.

[2021-03-03 19:52:02 #5 type] 
Type domain.User is not enhanced.

------------------------------------------------------------------------------------------------------------------------

[2021-03-03 19:53:43 #1 store] 
Database 'C:\Users\Iñaki Moreno\git\Bets_repo\BetAndRuin 21\bets.temp' is opened by 22064@DESKTOP-UN6F2EK

[2021-03-03 19:53:43 #2 store] 
Configuration path: ?

[2021-03-03 19:53:43 #3 type] 
Type domain.Event is not enhanced.

[2021-03-03 19:53:43 #4 type] 
Type domain.Question is not enhanced.

[2021-03-03 19:53:43 #5 type] 
Type domain.User is not enhanced.

[2021-03-03 19:53:43 #6 type] 
Type domain.Bet is not enhanced.

------------------------------------------------------------------------------------------------------------------------

[2021-03-03 19:58:58 #1 store] 
Database 'C:\Users\Iñaki Moreno\git\Bets_repo\BetAndRuin 21\bets.temp' is opened by 22924@DESKTOP-UN6F2EK

[2021-03-03 19:58:58 #2 store] 
Configuration path: ?

[2021-03-03 19:58:59 #3 type] 
Type domain.Event is not enhanced.

[2021-03-03 19:58:59 #4 type] 
Type domain.Question is not enhanced.

[2021-03-03 19:58:59 #5 type] 
Type domain.User is not enhanced.

[2021-03-03 19:58:59 #6 type] 
Type domain.Bet is not enhanced.

------------------------------------------------------------------------------------------------------------------------

[2021-03-03 19:59:17 #1 store] 
Database 'C:\Users\Iñaki Moreno\git\Bets_repo\BetAndRuin 21\bets.temp' is opened by 22488@DESKTOP-UN6F2EK

[2021-03-03 19:59:17 #2 store] 
Configuration path: ?

[2021-03-03 19:59:18 #3 type] 
Type domain.Event is not enhanced.

[2021-03-03 19:59:18 #4 type] 
Type domain.Question is not enhanced.

[2021-03-03 19:59:51 #5 type] 
Type domain.User is not enhanced.

[2021-03-03 19:59:51 #6 type] 
Type domain.Bet is not enhanced.

------------------------------------------------------------------------------------------------------------------------

[2021-03-03 20:02:25 #1 store] 
Database 'C:\Users\Iñaki Moreno\git\Bets_repo\BetAndRuin 21\bets.temp' has been recovered (tr. 1-9)

[2021-03-03 20:02:25 #2 store] 
Database 'C:\Users\Iñaki Moreno\git\Bets_repo\BetAndRuin 21\bets.temp' is opened by 7212@DESKTOP-UN6F2EK

[2021-03-03 20:02:25 #3 store] 
Configuration path: ?

[2021-03-03 20:02:25 #4 type] 
Type domain.Event is not enhanced.

[2021-03-03 20:02:25 #5 type] 
Type domain.Question is not enhanced.

[2021-03-03 20:02:25 #6 type] 
Type domain.User is not enhanced.

[2021-03-03 20:02:25 #7 type] 
Type domain.Bet is not enhanced.

------------------------------------------------------------------------------------------------------------------------

[2021-03-03 20:04:32 #1 store] 
Database 'C:\Users\Iñaki Moreno\git\Bets_repo\BetAndRuin 21\bets.temp' is opened by 21692@DESKTOP-UN6F2EK

[2021-03-03 20:04:32 #2 store] 
Configuration path: ?

[2021-03-03 20:04:33 #3 type] 
Type domain.Event is not enhanced.

[2021-03-03 20:04:33 #4 type] 
Type domain.Question is not enhanced.

[2021-03-03 20:04:33 #5 type] 
Type domain.User is not enhanced.

[2021-03-03 20:04:33 #6 type] 
Type domain.Bet is not enhanced.

------------------------------------------------------------------------------------------------------------------------

[2021-03-03 20:07:05 #1 store] 
Database 'C:\Users\Iñaki Moreno\git\Bets_repo\BetAndRuin 21\bets.temp' has been recovered (tr. 11-11)

[2021-03-03 20:07:05 #2 store] 
Database 'C:\Users\Iñaki Moreno\git\Bets_repo\BetAndRuin 21\bets.temp' is opened by 23948@DESKTOP-UN6F2EK

[2021-03-03 20:07:05 #3 store] 
Configuration path: ?

[2021-03-03 20:07:05 #4 type] 
Type domain.Event is not enhanced.

[2021-03-03 20:07:05 #5 type] 
Type domain.Question is not enhanced.

[2021-03-03 20:07:05 #6 type] 
Type domain.User is not enhanced.

[2021-03-03 20:07:05 #7 type] 
Type domain.Bet is not enhanced.

------------------------------------------------------------------------------------------------------------------------

[2021-03-03 20:09:51 #1 store] 
Database 'C:\Users\Iñaki Moreno\git\Bets_repo\BetAndRuin 21\bets.temp' is opened by 19864@DESKTOP-UN6F2EK

[2021-03-03 20:09:51 #2 store] 
Configuration path: ?

[2021-03-03 20:09:51 #3 type] 
Type domain.Event is not enhanced.

[2021-03-03 20:09:51 #4 type] 
Type domain.Question is not enhanced.

[2021-03-03 20:09:51 #5 type] 
Type domain.User is not enhanced.

[2021-03-03 20:09:51 #6 type] 
Type domain.Bet is not enhanced.

------------------------------------------------------------------------------------------------------------------------

[2021-03-03 20:11:18 #1 store] 
Database 'C:\Users\Iñaki Moreno\git\Bets_repo\BetAndRuin 21\bets.temp' is opened by 23696@DESKTOP-UN6F2EK

[2021-03-03 20:11:18 #2 store] 
Configuration path: ?

[2021-03-03 20:11:18 #3 type] 
Type domain.Event is not enhanced.

[2021-03-03 20:11:18 #4 type] 
Type domain.Question is not enhanced.

[2021-03-03 20:11:18 #5 type] 
Type domain.User is not enhanced.

[2021-03-03 20:11:18 #6 type] 
Type domain.Bet is not enhanced.

------------------------------------------------------------------------------------------------------------------------

[2021-03-03 20:12:46 #1 store] 
Database 'C:\Users\Iñaki Moreno\git\Bets_repo\BetAndRuin 21\bets.temp' is opened by 5876@DESKTOP-UN6F2EK

[2021-03-03 20:12:46 #2 store] 
Configuration path: ?

[2021-03-03 20:12:46 #3 type] 
Type domain.Event is not enhanced.

[2021-03-03 20:12:46 #4 type] 
Type domain.Question is not enhanced.

[2021-03-03 20:12:46 #5 type] 
Type domain.User is not enhanced.

[2021-03-03 20:12:46 #6 type] 
Type domain.Bet is not enhanced.

------------------------------------------------------------------------------------------------------------------------

[2021-03-03 20:15:54 #1 store] 
Database 'C:\Users\Iñaki Moreno\git\Bets_repo\BetAndRuin 21\bets.temp' is opened by 7764@DESKTOP-UN6F2EK

[2021-03-03 20:15:54 #2 store] 
Configuration path: ?

[2021-03-03 20:15:54 #3 type] 
Type domain.Event is not enhanced.

[2021-03-03 20:15:54 #4 type] 
Type domain.Question is not enhanced.

[2021-03-03 20:15:54 #5 type] 
Type domain.User is not enhanced.

[2021-03-03 20:15:54 #6 type] 
Type domain.Bet is not enhanced.

------------------------------------------------------------------------------------------------------------------------

[2021-03-03 20:21:17 #1 store] 
Database 'C:\Users\Iñaki Moreno\git\Bets_repo\BetAndRuin 21\bets.temp' is opened by 15048@DESKTOP-UN6F2EK

[2021-03-03 20:21:17 #2 store] 
Configuration path: ?

[2021-03-03 20:21:17 #3 type] 
Type domain.Event is not enhanced.

[2021-03-03 20:21:17 #4 type] 
Type domain.Question is not enhanced.

[2021-03-03 20:21:17 #5 type] 
Type domain.User is not enhanced.

[2021-03-03 20:21:17 #6 type] 
Type domain.Bet is not enhanced.

------------------------------------------------------------------------------------------------------------------------

[2021-03-03 20:22:16 #1 store] 
Database 'C:\Users\Iñaki Moreno\git\Bets_repo\BetAndRuin 21\bets.temp' is opened by 23184@DESKTOP-UN6F2EK

[2021-03-03 20:22:16 #2 store] 
Configuration path: ?

[2021-03-03 20:22:16 #3 type] 
Type domain.Event is not enhanced.

[2021-03-03 20:22:16 #4 type] 
Type domain.Question is not enhanced.

[2021-03-03 20:22:16 #5 type] 
Type domain.User is not enhanced.

[2021-03-03 20:22:16 #6 type] 
Type domain.Bet is not enhanced.

------------------------------------------------------------------------------------------------------------------------

[2021-03-03 20:26:54 #1 store] 
Database 'C:\Users\Iñaki Moreno\git\Bets_repo\BetAndRuin 21\bets.temp' is opened by 14128@DESKTOP-UN6F2EK

[2021-03-03 20:26:54 #2 store] 
Configuration path: ?

[2021-03-03 20:26:54 #3 type] 
Type domain.Event is not enhanced.

[2021-03-03 20:26:54 #4 type] 
Type domain.Question is not enhanced.

[2021-03-03 20:26:54 #5 type] 
Type domain.User is not enhanced.

[2021-03-03 20:26:54 #6 type] 
Type domain.Bet is not enhanced.

------------------------------------------------------------------------------------------------------------------------

[2021-03-03 20:28:13 #1 store] 
Database 'C:\Users\Iñaki Moreno\git\Bets_repo\BetAndRuin 21\bets.temp' is opened by 23720@DESKTOP-UN6F2EK

[2021-03-03 20:28:13 #2 store] 
Configuration path: ?

[2021-03-03 20:28:14 #3 type] 
Type domain.Event is not enhanced.

[2021-03-03 20:28:14 #4 type] 
Type domain.Question is not enhanced.

[2021-03-03 20:28:14 #5 type] 
Type domain.User is not enhanced.

[2021-03-03 20:28:14 #6 type] 
Type domain.Bet is not enhanced.

------------------------------------------------------------------------------------------------------------------------

[2021-03-03 20:29:13 #1 store] 
Database 'C:\Users\Iñaki Moreno\git\Bets_repo\BetAndRuin 21\bets.temp' is opened by 24060@DESKTOP-UN6F2EK

[2021-03-03 20:29:13 #2 store] 
Configuration path: ?

[2021-03-03 20:29:13 #3 type] 
Type domain.Event is not enhanced.

[2021-03-03 20:29:13 #4 type] 
Type domain.Question is not enhanced.

[2021-03-03 20:29:13 #5 type] 
Type domain.User is not enhanced.

[2021-03-03 20:29:13 #6 type] 
Type domain.Bet is not enhanced.

------------------------------------------------------------------------------------------------------------------------

[2021-03-03 20:30:49 #1 store] 
Database 'C:\Users\Iñaki Moreno\git\Bets_repo\BetAndRuin 21\bets.temp' is opened by 12572@DESKTOP-UN6F2EK

[2021-03-03 20:30:49 #2 store] 
Configuration path: ?

[2021-03-03 20:30:49 #3 type] 
Type domain.Event is not enhanced.

[2021-03-03 20:30:49 #4 type] 
Type domain.Question is not enhanced.

[2021-03-03 20:30:49 #5 type] 
Type domain.User is not enhanced.

[2021-03-03 20:30:49 #6 type] 
Type domain.Bet is not enhanced.

------------------------------------------------------------------------------------------------------------------------

[2021-03-03 20:31:57 #1 store] 
Database 'C:\Users\Iñaki Moreno\git\Bets_repo\BetAndRuin 21\bets.temp' is opened by 13896@DESKTOP-UN6F2EK

[2021-03-03 20:31:57 #2 store] 
Configuration path: ?

[2021-03-03 20:31:57 #3 type] 
Type domain.Event is not enhanced.

[2021-03-03 20:31:57 #4 type] 
Type domain.Question is not enhanced.

[2021-03-03 20:31:57 #5 type] 
Type domain.User is not enhanced.

[2021-03-03 20:31:57 #6 type] 
Type domain.Bet is not enhanced.

------------------------------------------------------------------------------------------------------------------------

[2021-03-03 20:32:12 #1 store] 
Database 'C:\Users\Iñaki Moreno\git\Bets_repo\BetAndRuin 21\bets.temp' is opened by 23888@DESKTOP-UN6F2EK

[2021-03-03 20:32:12 #2 store] 
Configuration path: ?

[2021-03-03 20:32:12 #3 type] 
Type domain.Event is not enhanced.

[2021-03-03 20:32:12 #4 type] 
Type domain.Question is not enhanced.

[2021-03-03 20:32:12 #5 type] 
Type domain.User is not enhanced.

[2021-03-03 20:32:12 #6 type] 
Type domain.Bet is not enhanced.

------------------------------------------------------------------------------------------------------------------------

[2021-03-03 20:33:28 #1 store] 
Database 'C:\Users\Iñaki Moreno\git\Bets_repo\BetAndRuin 21\bets.temp' is opened by 24144@DESKTOP-UN6F2EK

[2021-03-03 20:33:28 #2 store] 
Configuration path: ?

[2021-03-03 20:33:28 #3 type] 
Type domain.Event is not enhanced.

[2021-03-03 20:33:28 #4 type] 
Type domain.Question is not enhanced.

[2021-03-03 20:33:28 #5 type] 
Type domain.User is not enhanced.

[2021-03-03 20:33:28 #6 type] 
Type domain.Bet is not enhanced.

------------------------------------------------------------------------------------------------------------------------

[2021-03-03 20:35:01 #1 store] 
Database 'C:\Users\Iñaki Moreno\git\Bets_repo\BetAndRuin 21\bets.temp' is opened by 18732@DESKTOP-UN6F2EK

[2021-03-03 20:35:01 #2 store] 
Configuration path: ?

[2021-03-03 20:35:01 #3 type] 
Type domain.Event is not enhanced.

[2021-03-03 20:35:01 #4 type] 
Type domain.Question is not enhanced.

[2021-03-03 20:35:01 #5 type] 
Type domain.User is not enhanced.

[2021-03-03 20:35:01 #6 type] 
Type domain.Bet is not enhanced.

------------------------------------------------------------------------------------------------------------------------

[2021-03-03 20:35:17 #1 store] 
Database 'C:\Users\Iñaki Moreno\git\Bets_repo\BetAndRuin 21\bets.temp' is opened by 14644@DESKTOP-UN6F2EK

[2021-03-03 20:35:17 #2 store] 
Configuration path: ?

[2021-03-03 20:35:17 #3 type] 
Type domain.Event is not enhanced.

[2021-03-03 20:35:17 #4 type] 
Type domain.Question is not enhanced.

[2021-03-03 20:35:17 #5 type] 
Type domain.User is not enhanced.

[2021-03-03 20:35:17 #6 type] 
Type domain.Bet is not enhanced.

------------------------------------------------------------------------------------------------------------------------

[2021-03-03 20:36:58 #1 store] 
Database 'C:\Users\Iñaki Moreno\git\Bets_repo\BetAndRuin 21\bets.temp' is opened by 24240@DESKTOP-UN6F2EK

[2021-03-03 20:36:58 #2 store] 
Configuration path: ?

[2021-03-03 20:36:58 #3 type] 
Type domain.Event is not enhanced.

[2021-03-03 20:36:58 #4 type] 
Type domain.Question is not enhanced.

[2021-03-03 20:36:58 #5 type] 
Type domain.User is not enhanced.

[2021-03-03 20:36:58 #6 type] 
Type domain.Bet is not enhanced.

------------------------------------------------------------------------------------------------------------------------

[2021-03-03 21:55:54 #1 store] 
Database 'C:\Users\Usuario\git\Bets_repo\BetAndRuin 21\bets.temp' is opened by 15672@DESKTOP-GUIG4CC

[2021-03-03 21:55:54 #2 store] 
Configuration path: ?

[2021-03-03 21:55:54 #3 type] 
Type domain.Event is not enhanced.

[2021-03-03 21:55:54 #4 type] 
Type domain.Question is not enhanced.

[2021-03-03 21:55:54 #5 type] 
Type domain.User is not enhanced.

[2021-03-03 21:55:54 #6 type] 
Type domain.Bet is not enhanced.

------------------------------------------------------------------------------------------------------------------------

[2021-03-03 21:57:39 #1 store] 
Database 'C:\Users\Usuario\git\Bets_repo\BetAndRuin 21\bets.temp' has been recovered (tr. 123-124)

[2021-03-03 21:57:39 #2 store] 
Database 'C:\Users\Usuario\git\Bets_repo\BetAndRuin 21\bets.temp' is opened by 10764@DESKTOP-GUIG4CC

[2021-03-03 21:57:39 #3 store] 
Configuration path: ?

[2021-03-03 21:57:39 #4 type] 
Type domain.Event is not enhanced.

[2021-03-03 21:57:39 #5 type] 
Type domain.Question is not enhanced.

[2021-03-03 21:57:39 #6 type] 
Type domain.User is not enhanced.

[2021-03-03 21:57:39 #7 type] 
Type domain.Bet is not enhanced.

------------------------------------------------------------------------------------------------------------------------

[2021-03-03 21:58:52 #1 store] 
Database 'C:\Users\Usuario\git\Bets_repo\BetAndRuin 21\bets.temp' is opened by 13948@DESKTOP-GUIG4CC

[2021-03-03 21:58:52 #2 store] 
Configuration path: ?

[2021-03-03 21:58:52 #3 type] 
Type domain.Event is not enhanced.

[2021-03-03 21:58:52 #4 type] 
Type domain.Question is not enhanced.

[2021-03-03 21:58:52 #5 type] 
Type domain.User is not enhanced.

[2021-03-03 21:58:52 #6 type] 
Type domain.Bet is not enhanced.

------------------------------------------------------------------------------------------------------------------------

[2021-03-03 21:59:51 #1 store] 
Database 'C:\Users\Usuario\git\Bets_repo\BetAndRuin 21\bets.temp' is opened by 16948@DESKTOP-GUIG4CC

[2021-03-03 21:59:51 #2 store] 
Configuration path: ?

[2021-03-03 21:59:51 #3 type] 
Type domain.Event is not enhanced.

[2021-03-03 21:59:51 #4 type] 
Type domain.Question is not enhanced.

[2021-03-03 21:59:51 #5 type] 
Type domain.User is not enhanced.

[2021-03-03 21:59:51 #6 type] 
Type domain.Bet is not enhanced.

------------------------------------------------------------------------------------------------------------------------

[2021-03-03 22:00:21 #1 store] 
Database 'C:\Users\Usuario\git\Bets_repo\BetAndRuin 21\bets.temp' is opened by 17180@DESKTOP-GUIG4CC

[2021-03-03 22:00:21 #2 store] 
Configuration path: ?

[2021-03-03 22:00:21 #3 type] 
Type domain.Event is not enhanced.

[2021-03-03 22:00:21 #4 type] 
Type domain.Question is not enhanced.

[2021-03-03 22:00:21 #5 type] 
Type domain.User is not enhanced.

[2021-03-03 22:00:21 #6 type] 
Type domain.Bet is not enhanced.

------------------------------------------------------------------------------------------------------------------------

[2021-03-03 22:02:23 #1 store] 
Database 'C:\Users\Usuario\git\Bets_repo\BetAndRuin 21\bets.temp' is opened by 10196@DESKTOP-GUIG4CC

[2021-03-03 22:02:23 #2 store] 
Configuration path: ?

[2021-03-03 22:02:23 #3 type] 
Type domain.Event is not enhanced.

[2021-03-03 22:02:23 #4 type] 
Type domain.Question is not enhanced.

[2021-03-03 22:02:23 #5 type] 
Type domain.User is not enhanced.

[2021-03-03 22:02:23 #6 type] 
Type domain.Bet is not enhanced.

------------------------------------------------------------------------------------------------------------------------

[2021-03-03 22:06:32 #1 store] 
Database 'C:\Users\Usuario\git\Bets_repo\BetAndRuin 21\bets.temp' is opened by 14228@DESKTOP-GUIG4CC

[2021-03-03 22:06:32 #2 store] 
Configuration path: ?

[2021-03-03 22:06:32 #3 type] 
Type domain.Event is not enhanced.

[2021-03-03 22:06:32 #4 type] 
Type domain.Question is not enhanced.

[2021-03-03 22:06:32 #5 type] 
Type domain.User is not enhanced.

[2021-03-03 22:06:32 #6 type] 
Type domain.Bet is not enhanced.

------------------------------------------------------------------------------------------------------------------------

[2021-03-03 22:14:03 #1 store] 
Database 'C:\Users\Usuario\git\Bets_repo\BetAndRuin 21\bets.temp' is opened by 7932@DESKTOP-GUIG4CC

[2021-03-03 22:14:03 #2 store] 
Configuration path: ?

[2021-03-03 22:14:03 #3 type] 
Type domain.Event is not enhanced.

[2021-03-03 22:14:03 #4 type] 
Type domain.Question is not enhanced.

[2021-03-03 22:14:03 #5 type] 
Type domain.User is not enhanced.

[2021-03-03 22:14:03 #6 type] 
Type domain.Bet is not enhanced.

------------------------------------------------------------------------------------------------------------------------

[2021-03-03 22:15:17 #1 store] 
Database 'C:\Users\Usuario\git\Bets_repo\BetAndRuin 21\bets.temp' is opened by 6812@DESKTOP-GUIG4CC

[2021-03-03 22:15:17 #2 store] 
Configuration path: ?

[2021-03-03 22:15:17 #3 type] 
Type domain.Event is not enhanced.

[2021-03-03 22:15:17 #4 type] 
Type domain.Question is not enhanced.

[2021-03-03 22:15:17 #5 type] 
Type domain.User is not enhanced.

[2021-03-03 22:15:17 #6 type] 
Type domain.Bet is not enhanced.

