------------------------------------------------------------------------------------------------------------------------

[2021-03-02 19:19:06 #1 store] 
Database 'C:\Users\Iñaki Moreno\git\Bets_repo\BetAndRuin 21\bets.temp' is opened by 3544@DESKTOP-UN6F2EK

[2021-03-02 19:19:06 #2 store] 
Configuration path: ?

[2021-03-02 19:19:06 #3 type] 
Type domain.Event is not enhanced.

[2021-03-02 19:19:06 #4 type] 
Type domain.Question is not enhanced.

[2021-03-02 19:19:06 #5 type] 
Type domain.User is not enhanced.

------------------------------------------------------------------------------------------------------------------------

[2021-03-02 19:19:36 #1 store] 
Database 'C:\Users\Iñaki Moreno\git\Bets_repo\BetAndRuin 21\bets.temp' is opened by 2488@DESKTOP-UN6F2EK

[2021-03-02 19:19:36 #2 store] 
Configuration path: ?

[2021-03-02 19:19:36 #3 type] 
Type domain.Event is not enhanced.

[2021-03-02 19:19:36 #4 type] 
Type domain.Question is not enhanced.

[2021-03-02 19:19:36 #5 type] 
Type domain.User is not enhanced.

------------------------------------------------------------------------------------------------------------------------

[2021-03-02 19:22:24 #1 store] 
Database 'C:\Users\Iñaki Moreno\git\Bets_repo\BetAndRuin 21\bets.temp' is opened by 13784@DESKTOP-UN6F2EK

[2021-03-02 19:22:24 #2 store] 
Configuration path: ?

[2021-03-02 19:22:24 #3 type] 
Type domain.Event is not enhanced.

[2021-03-02 19:22:24 #4 type] 
Type domain.Question is not enhanced.

[2021-03-02 19:22:24 #5 type] 
Type domain.User is not enhanced.

------------------------------------------------------------------------------------------------------------------------

[2021-03-02 19:28:17 #1 store] 
Database 'C:\Users\Iñaki Moreno\git\Bets_repo\BetAndRuin 21\bets.temp' is opened by 7684@DESKTOP-UN6F2EK

[2021-03-02 19:28:17 #2 store] 
Configuration path: ?

[2021-03-02 19:28:17 #3 type] 
Type domain.Event is not enhanced.

[2021-03-02 19:28:17 #4 type] 
Type domain.Question is not enhanced.

[2021-03-02 19:28:17 #5 type] 
Type domain.User is not enhanced.

------------------------------------------------------------------------------------------------------------------------

[2021-03-02 19:28:43 #1 store] 
Database 'C:\Users\Iñaki Moreno\git\Bets_repo\BetAndRuin 21\bets.temp' is opened by 18800@DESKTOP-UN6F2EK

[2021-03-02 19:28:43 #2 store] 
Configuration path: ?

[2021-03-02 19:28:43 #3 type] 
Type domain.Event is not enhanced.

[2021-03-02 19:28:43 #4 type] 
Type domain.Question is not enhanced.

[2021-03-02 19:28:43 #5 type] 
Type domain.User is not enhanced.

------------------------------------------------------------------------------------------------------------------------

[2021-03-02 19:39:47 #1 store] 
Database 'C:\Users\Iñaki Moreno\git\Bets_repo\BetAndRuin 21\bets.temp' is opened by 12784@DESKTOP-UN6F2EK

[2021-03-02 19:39:47 #2 store] 
Configuration path: ?

[2021-03-02 19:39:47 #3 type] 
Type domain.Event is not enhanced.

[2021-03-02 19:39:47 #4 type] 
Type domain.Question is not enhanced.

[2021-03-02 19:39:47 #5 type] 
Type domain.User is not enhanced.

------------------------------------------------------------------------------------------------------------------------

[2021-03-02 19:43:52 #1 store] 
Database 'C:\Users\Iñaki Moreno\git\Bets_repo\BetAndRuin 21\bets.temp' has been recovered (tr. 14-14)

[2021-03-02 19:43:52 #2 store] 
Database 'C:\Users\Iñaki Moreno\git\Bets_repo\BetAndRuin 21\bets.temp' is opened by 9368@DESKTOP-UN6F2EK

[2021-03-02 19:43:52 #3 store] 
Configuration path: ?

[2021-03-02 19:43:52 #4 type] 
Type domain.Event is not enhanced.

[2021-03-02 19:43:52 #5 type] 
Type domain.Question is not enhanced.

[2021-03-02 19:43:52 #6 type] 
Type domain.User is not enhanced.

------------------------------------------------------------------------------------------------------------------------

[2021-03-02 19:49:48 #1 store] 
Database 'C:\Users\Iñaki Moreno\git\Bets_repo\BetAndRuin 21\bets.temp' is opened by 19508@DESKTOP-UN6F2EK

[2021-03-02 19:49:48 #2 store] 
Configuration path: ?

[2021-03-02 19:49:48 #3 type] 
Type domain.Event is not enhanced.

[2021-03-02 19:49:48 #4 type] 
Type domain.Question is not enhanced.

[2021-03-02 19:49:48 #5 type] 
Type domain.User is not enhanced.

------------------------------------------------------------------------------------------------------------------------

[2021-03-02 19:55:05 #1 store] 
Database 'C:\Users\Iñaki Moreno\git\Bets_repo\BetAndRuin 21\bets.temp' is opened by 17060@DESKTOP-UN6F2EK

[2021-03-02 19:55:05 #2 store] 
Configuration path: ?

[2021-03-02 19:55:05 #3 type] 
Type domain.Event is not enhanced.

[2021-03-02 19:55:05 #4 type] 
Type domain.Question is not enhanced.

[2021-03-02 19:55:05 #5 type] 
Type domain.User is not enhanced.

------------------------------------------------------------------------------------------------------------------------

[2021-03-02 19:58:10 #1 store] 
Database 'C:\Users\Iñaki Moreno\git\Bets_repo\BetAndRuin 21\bets.temp' is opened by 19948@DESKTOP-UN6F2EK

[2021-03-02 19:58:10 #2 store] 
Configuration path: ?

[2021-03-02 19:58:10 #3 type] 
Type domain.Event is not enhanced.

[2021-03-02 19:58:10 #4 type] 
Type domain.Question is not enhanced.

[2021-03-02 19:58:10 #5 type] 
Type domain.User is not enhanced.

------------------------------------------------------------------------------------------------------------------------

[2021-03-02 19:58:39 #1 store] 
Database 'C:\Users\Iñaki Moreno\git\Bets_repo\BetAndRuin 21\bets.temp' is opened by 18260@DESKTOP-UN6F2EK

[2021-03-02 19:58:39 #2 store] 
Configuration path: ?

[2021-03-02 19:58:39 #3 type] 
Type domain.Event is not enhanced.

[2021-03-02 19:58:39 #4 type] 
Type domain.Question is not enhanced.

[2021-03-02 19:58:39 #5 type] 
Type domain.User is not enhanced.

------------------------------------------------------------------------------------------------------------------------

[2021-03-02 20:03:43 #1 store] 
Database 'C:\Users\Iñaki Moreno\git\Bets_repo\BetAndRuin 21\bets.temp' is opened by 5244@DESKTOP-UN6F2EK

[2021-03-02 20:03:43 #2 store] 
Configuration path: ?

[2021-03-02 20:03:43 #3 type] 
Type domain.Event is not enhanced.

[2021-03-02 20:03:43 #4 type] 
Type domain.Question is not enhanced.

[2021-03-02 20:03:43 #5 type] 
Type domain.User is not enhanced.

------------------------------------------------------------------------------------------------------------------------

[2021-03-02 20:06:28 #1 store] 
Database 'C:\Users\Iñaki Moreno\git\Bets_repo\BetAndRuin 21\bets.temp' is opened by 22336@DESKTOP-UN6F2EK

[2021-03-02 20:06:28 #2 store] 
Configuration path: ?

[2021-03-02 20:06:28 #3 type] 
Type domain.Event is not enhanced.

[2021-03-02 20:06:28 #4 type] 
Type domain.Question is not enhanced.

------------------------------------------------------------------------------------------------------------------------

[2021-03-02 20:07:33 #1 store] 
Database 'C:\Users\Iñaki Moreno\git\Bets_repo\BetAndRuin 21\bets.temp' is opened by 6692@DESKTOP-UN6F2EK

[2021-03-02 20:07:33 #2 store] 
Configuration path: ?

[2021-03-02 20:07:34 #3 type] 
Type domain.Event is not enhanced.

[2021-03-02 20:07:34 #4 type] 
Type domain.Question is not enhanced.

------------------------------------------------------------------------------------------------------------------------

[2021-03-02 20:08:49 #1 store] 
Database 'C:\Users\Iñaki Moreno\git\Bets_repo\BetAndRuin 21\bets.temp' is opened by 19476@DESKTOP-UN6F2EK

[2021-03-02 20:08:49 #2 store] 
Configuration path: ?

[2021-03-02 20:08:49 #3 type] 
Type domain.Event is not enhanced.

[2021-03-02 20:08:49 #4 type] 
Type domain.Question is not enhanced.

------------------------------------------------------------------------------------------------------------------------

[2021-03-02 20:09:57 #1 store] 
Database 'C:\Users\Iñaki Moreno\git\Bets_repo\BetAndRuin 21\bets.temp' is opened by 11956@DESKTOP-UN6F2EK

[2021-03-02 20:09:57 #2 store] 
Configuration path: ?

[2021-03-02 20:09:57 #3 type] 
Type domain.Event is not enhanced.

[2021-03-02 20:09:57 #4 type] 
Type domain.Question is not enhanced.

------------------------------------------------------------------------------------------------------------------------

[2021-03-02 20:10:43 #1 store] 
Database 'C:\Users\Iñaki Moreno\git\Bets_repo\BetAndRuin 21\bets.temp' is opened by 672@DESKTOP-UN6F2EK

[2021-03-02 20:10:43 #2 store] 
Configuration path: ?

[2021-03-02 20:10:43 #3 type] 
Type domain.Event is not enhanced.

[2021-03-02 20:10:43 #4 type] 
Type domain.Question is not enhanced.

[2021-03-02 20:11:11 #5 type] 
Type domain.User is not enhanced.

------------------------------------------------------------------------------------------------------------------------

[2021-03-02 20:12:53 #1 store] 
Database 'C:\Users\Iñaki Moreno\git\Bets_repo\BetAndRuin 21\bets.temp' is opened by 21496@DESKTOP-UN6F2EK

[2021-03-02 20:12:53 #2 store] 
Configuration path: ?

[2021-03-02 20:12:53 #3 type] 
Type domain.Event is not enhanced.

[2021-03-02 20:12:53 #4 type] 
Type domain.Question is not enhanced.

[2021-03-02 20:12:53 #5 type] 
Type domain.User is not enhanced.

------------------------------------------------------------------------------------------------------------------------

[2021-03-02 20:14:05 #1 store] 
Database 'C:\Users\Iñaki Moreno\git\Bets_repo\BetAndRuin 21\bets.temp' is opened by 6176@DESKTOP-UN6F2EK

[2021-03-02 20:14:05 #2 store] 
Configuration path: ?

[2021-03-02 20:14:05 #3 type] 
Type domain.Event is not enhanced.

[2021-03-02 20:14:05 #4 type] 
Type domain.Question is not enhanced.

[2021-03-02 20:14:05 #5 type] 
Type domain.User is not enhanced.

------------------------------------------------------------------------------------------------------------------------

[2021-03-02 20:27:12 #1 store] 
Database 'C:\Users\Iñaki Moreno\git\Bets_repo\BetAndRuin 21\bets.temp' is opened by 21508@DESKTOP-UN6F2EK

[2021-03-02 20:27:12 #2 store] 
Configuration path: ?

[2021-03-02 20:27:12 #3 type] 
Type domain.Event is not enhanced.

[2021-03-02 20:27:12 #4 type] 
Type domain.Question is not enhanced.

[2021-03-02 20:27:12 #5 type] 
Type domain.User is not enhanced.

------------------------------------------------------------------------------------------------------------------------

[2021-03-02 20:29:32 #1 store] 
Database 'C:\Users\Iñaki Moreno\git\Bets_repo\BetAndRuin 21\bets.temp' is opened by 10420@DESKTOP-UN6F2EK

[2021-03-02 20:29:32 #2 store] 
Configuration path: ?

[2021-03-02 20:29:32 #3 type] 
Type domain.Event is not enhanced.

[2021-03-02 20:29:32 #4 type] 
Type domain.Question is not enhanced.

[2021-03-02 20:29:32 #5 type] 
Type domain.User is not enhanced.

------------------------------------------------------------------------------------------------------------------------

[2021-03-02 20:33:35 #1 store] 
Database 'C:\Users\Iñaki Moreno\git\Bets_repo\BetAndRuin 21\bets.temp' is opened by 19008@DESKTOP-UN6F2EK

[2021-03-02 20:33:35 #2 store] 
Configuration path: ?

[2021-03-02 20:33:35 #3 type] 
Type domain.Event is not enhanced.

[2021-03-02 20:33:35 #4 type] 
Type domain.Question is not enhanced.

[2021-03-02 20:33:35 #5 type] 
Type domain.User is not enhanced.

------------------------------------------------------------------------------------------------------------------------

[2021-03-02 20:34:20 #1 store] 
Database 'C:\Users\Iñaki Moreno\git\Bets_repo\BetAndRuin 21\bets.temp' is opened by 14596@DESKTOP-UN6F2EK

[2021-03-02 20:34:20 #2 store] 
Configuration path: ?

[2021-03-02 20:34:20 #3 type] 
Type domain.Event is not enhanced.

[2021-03-02 20:34:20 #4 type] 
Type domain.Question is not enhanced.

[2021-03-02 20:34:20 #5 type] 
Type domain.User is not enhanced.

------------------------------------------------------------------------------------------------------------------------

[2021-03-02 20:36:06 #1 store] 
Database 'C:\Users\Iñaki Moreno\git\Bets_repo\BetAndRuin 21\bets.temp' is opened by 19468@DESKTOP-UN6F2EK

[2021-03-02 20:36:06 #2 store] 
Configuration path: ?

[2021-03-02 20:36:06 #3 type] 
Type domain.Event is not enhanced.

[2021-03-02 20:36:06 #4 type] 
Type domain.Question is not enhanced.

[2021-03-02 20:36:06 #5 type] 
Type domain.User is not enhanced.

------------------------------------------------------------------------------------------------------------------------

[2021-03-02 20:39:57 #1 store] 
Database 'C:\Users\Iñaki Moreno\git\Bets_repo\BetAndRuin 21\bets.temp' is opened by 14736@DESKTOP-UN6F2EK

[2021-03-02 20:39:57 #2 store] 
Configuration path: ?

[2021-03-02 20:39:57 #3 type] 
Type domain.Event is not enhanced.

[2021-03-02 20:39:57 #4 type] 
Type domain.Question is not enhanced.

[2021-03-02 20:39:57 #5 type] 
Type domain.User is not enhanced.

------------------------------------------------------------------------------------------------------------------------

[2021-03-02 20:45:25 #1 store] 
Database 'C:\Users\Iñaki Moreno\git\Bets_repo\BetAndRuin 21\bets.temp' is opened by 7336@DESKTOP-UN6F2EK

[2021-03-02 20:45:25 #2 store] 
Configuration path: ?

[2021-03-02 20:45:25 #3 type] 
Type domain.Event is not enhanced.

[2021-03-02 20:45:25 #4 type] 
Type domain.Question is not enhanced.

[2021-03-02 20:45:25 #5 type] 
Type domain.User is not enhanced.

------------------------------------------------------------------------------------------------------------------------

[2021-03-02 20:50:23 #1 store] 
Database 'C:\Users\Iñaki Moreno\git\Bets_repo\BetAndRuin 21\bets.temp' is opened by 12780@DESKTOP-UN6F2EK

[2021-03-02 20:50:23 #2 store] 
Configuration path: ?

[2021-03-02 20:50:23 #3 type] 
Type domain.Event is not enhanced.

[2021-03-02 20:50:23 #4 type] 
Type domain.Question is not enhanced.

[2021-03-02 20:50:23 #5 type] 
Type domain.User is not enhanced.

------------------------------------------------------------------------------------------------------------------------

[2021-03-02 20:51:16 #1 store] 
Database 'C:\Users\Iñaki Moreno\git\Bets_repo\BetAndRuin 21\bets.temp' is opened by 6032@DESKTOP-UN6F2EK

[2021-03-02 20:51:16 #2 store] 
Configuration path: ?

[2021-03-02 20:51:16 #3 type] 
Type domain.Event is not enhanced.

[2021-03-02 20:51:16 #4 type] 
Type domain.Question is not enhanced.

[2021-03-02 20:51:16 #5 type] 
Type domain.User is not enhanced.

------------------------------------------------------------------------------------------------------------------------

[2021-03-02 20:51:45 #1 store] 
Database 'C:\Users\Iñaki Moreno\git\Bets_repo\BetAndRuin 21\bets.temp' is opened by 8980@DESKTOP-UN6F2EK

[2021-03-02 20:51:45 #2 store] 
Configuration path: ?

[2021-03-02 20:51:45 #3 type] 
Type domain.Event is not enhanced.

[2021-03-02 20:51:45 #4 type] 
Type domain.Question is not enhanced.

[2021-03-02 20:51:45 #5 type] 
Type domain.User is not enhanced.

------------------------------------------------------------------------------------------------------------------------

[2021-03-02 20:54:29 #1 store] 
Database 'C:\Users\Iñaki Moreno\git\Bets_repo\BetAndRuin 21\bets.temp' is opened by 12844@DESKTOP-UN6F2EK

[2021-03-02 20:54:29 #2 store] 
Configuration path: ?

[2021-03-02 20:54:29 #3 type] 
Type domain.Event is not enhanced.

[2021-03-02 20:54:29 #4 type] 
Type domain.Question is not enhanced.

[2021-03-02 20:54:29 #5 type] 
Type domain.User is not enhanced.

