------------------------------------------------------------------------------------------------------------------------

[2021-02-17 16:57:57 #1 store] 
Database '/home/txus/ownCloud/DoSienSia/SOFTENG/SOFTENG Ews/CourseProjects/BETANDRUIN/BetAndRuin21/resources/db/bets.temp' is opened by 3259@Txus-PS-42

[2021-02-17 16:57:57 #2 store] 
Configuration path: ?

[2021-02-17 16:57:57 #3 type] 
Type domain.Question is not enhanced.

[2021-02-17 16:57:57 #4 type] 
Type domain.Event is not enhanced.

------------------------------------------------------------------------------------------------------------------------

[2021-02-17 20:34:48 #1 store] 
Database '/home/txus/ownCloud/DoSienSia/SOFTENG/SOFTENG Ews/CourseProjects/BETANDRUIN/BetAndRuin21/resources/db/bets.temp' is opened by 11094@Txus-PS-42

[2021-02-17 20:34:48 #2 store] 
Configuration path: ?

[2021-02-17 20:34:48 #3 type] 
Type domain.Question is not enhanced.

[2021-02-17 20:34:48 #4 type] 
Type domain.Event is not enhanced.

------------------------------------------------------------------------------------------------------------------------

[2021-02-17 20:38:23 #1 store] 
Database '/home/txus/ownCloud/DoSienSia/SOFTENG/SOFTENG Ews/CourseProjects/BETANDRUIN/BetAndRuin21/resources/db/bets.temp' is opened by 11251@Txus-PS-42

[2021-02-17 20:38:23 #2 store] 
Configuration path: ?

[2021-02-17 20:38:24 #3 type] 
Type domain.Question is not enhanced.

[2021-02-17 20:38:24 #4 type] 
Type domain.Event is not enhanced.

